# 115区

u2170 # ⅰ
u2171 # ⅱ
u2172 # ⅲ
u2173 # ⅳ
u2174 # ⅴ

u2175 # ⅵ
u2176 # ⅶ
u2177 # ⅷ
u2178 # ⅸ
u2179 # ⅹ

u2160 # Ⅰ
u2161 # Ⅱ
u2162 # Ⅲ
u2163 # Ⅳ
u2164 # Ⅴ

u2165 # Ⅵ
u2166 # Ⅶ
u2167 # Ⅷ
u2168 # Ⅸ
u2169 # Ⅹ

uffe2 # ￢
uffe4 # ￤
uff07 # ＇
uff02 # ＂
u3231 # ㈱

u2116 # №
u2121 # ℡
u2235 # ∵
u7e8a # 纊
u891c # 褜

u9348 # 鍈
u9288 # 銈
u84dc # 蓜
u4fc9 # 俉
u70bb # 炻

u6631 # 昱
u68c8 # 棈
u92f9 # 鋹
u66fb # 曻
u5f45 # 彅

u4e28 # 丨
u4ee1 # 仡
u4efc # 仼
u4f00 # 伀
u4f03 # 伃

u4f39 # 伹
u4f56 # 佖
u4f92 # 侒
u4f8a # 侊
u4f9a # 侚

u4f94 # 侔
u4fcd # 俍
u5040 # 偀
u5022 # 倢
u4fff # 俿

u501e # 倞
u5046 # 偆
u5070 # 偰
u5042 # 偂
u5094 # 傔

u50f4 # 僴
u50d8 # 僘
u514a # 兊
u5164 # 兤
u519d # 冝

u51be # 冾
u51ec # 凬
u5215 # 刕
u529c # 劜
u52a6 # 劦

u52c0 # 勀
u52db # 勛
u5300 # 匀
u5307 # 匇
u5324 # 匤

u5372 # 卲
u5393 # 厓
u53b2 # 厲
u53dd # 叝
ufa0e # 﨎

u549c # 咜
u548a # 咊
u54a9 # 咩
u54ff # 哿
u5586 # 喆

u5759 # 坙
u5765 # 坥
u57ac # 垬
u57c8 # 埈
u57c7 # 埇

ufa0f # 﨏
ufa10 # 塚
u589e # 增
u58b2 # 墲

# 116区

u590b # 夋
u5953 # 奓
u595b # 奛
u595d # 奝
u5963 # 奣

u59a4 # 妤
u59ba # 妺
u5b56 # 孖
u5bc0 # 寀
u752f # 甯

u5bd8 # 寘
u5bec # 寬
u5c1e # 尞
u5ca6 # 岦
u5cba # 岺

u5cf5 # 峵
u5d27 # 崧
u5d53 # 嵓
ufa11 # 﨑
u5d42 # 嵂

u5d6d # 嵭
u5db8 # 嶸
u5db9 # 嶹
u5dd0 # 巐
u5f21 # 弡

u5f34 # 弴
u5f67 # 彧
u5fb7 # 德
u5fde # 忞
u605d # 恝

u6085 # 悅
u608a # 悊
u60de # 惞
u60d5 # 惕
u6120 # 愠

u60f2 # 惲
u6111 # 愑
u6137 # 愷
u6130 # 愰
u6198 # 憘

u6213 # 戓
u62a6 # 抦
u63f5 # 揵
u6460 # 摠
u649d # 撝

u64ce # 擎
u654e # 敎
u6600 # 昀
u6615 # 昕
u663b # 昻

u6609 # 昉
u662e # 昮
u661e # 昞
u6624 # 昤
u6665 # 晥

u6657 # 晗
u6659 # 晙
ufa12 # 晴
u6673 # 晳
u6699 # 暙

u66a0 # 暠
u66b2 # 暲
u66bf # 暿
u66fa # 曺
u670e # 朎

uf929 # 朗
u6766 # 杦
u67bb # 枻
u6852 # 桒
u67c0 # 柀

u6801 # 栁
u6844 # 桄
u68cf # 棏
ufa13 # 﨓
u6968 # 楨

ufa14 # 﨔
u6998 # 榘
u69e2 # 槢
u6a30 # 樰
u6a6b # 橫

u6a46 # 橆
u6a73 # 橳
u6a7e # 橾
u6ae2 # 櫢
u6ae4 # 櫤

u6bd6 # 毖
u6c3f # 氿
u6c5c # 汜
u6c86 # 沆
u6c6f # 汯

u6cda # 泚
u6d04 # 洄
u6d87 # 涇
u6d6f # 浯

# 117区

u6d96 # 涖
u6dac # 涬
u6dcf # 淏
u6df8 # 淸
u6df2 # 淲

u6dfc # 淼
u6e39 # 渹
u6e5c # 湜
u6e27 # 渧
u6e3c # 渼

u6ebf # 溿
u6f88 # 澈
u6fb5 # 澵
u6ff5 # 濵
u7005 # 瀅

u7007 # 瀇
u7028 # 瀨
u7085 # 炅
u70ab # 炫
u710f # 焏

u7104 # 焄
u715c # 煜
u7146 # 煆
u7147 # 煇
ufa15 # 凞

u71c1 # 燁
u71fe # 燾
u72b1 # 犱
u72be # 犾
u7324 # 猤

ufa16 # 猪
u7377 # 獷
u73bd # 玽
u73c9 # 珉
u73d6 # 珖

u73e3 # 珣
u73d2 # 珒
u7407 # 琇
u73f5 # 珵
u7426 # 琦

u742a # 琪
u7429 # 琩
u742e # 琮
u7462 # 瑢
u7489 # 璉

u749f # 璟
u7501 # 甁
u756f # 畯
u7682 # 皂
u769c # 皜

u769e # 皞
u769b # 皛
u76a6 # 皦
ufa17 # 益
u7746 # 睆

u52af # 劯
u7821 # 砡
u784e # 硎
u7864 # 硤
u787a # 硺

u7930 # 礰
ufa18 # 礼
ufa19 # 神
ufa1a # 祥
u7994 # 禔

ufa1b # 福
u799b # 禛
u7ad1 # 竑
u7ae7 # 竧
ufa1c # 靖

u7aeb # 竫
u7b9e # 箞
ufa1d # 精
u7d48 # 絈
u7d5c # 絜

u7db7 # 綷
u7da0 # 綠
u7dd6 # 緖
u7e52 # 繒
u7f47 # 罇

u7fa1 # 羡
ufa1e # 羽
u8301 # 茁
u8362 # 荢
u837f # 荿

u83c7 # 菇
u83f6 # 菶
u8448 # 葈
u84b4 # 蒴
u8553 # 蕓

u8559 # 蕙
u856b # 蕫
ufa1f # 﨟
u85b0 # 薰

# 118区

ufa20 # 蘒
ufa21 # 﨡
u8807 # 蠇
u88f5 # 裵
u8a12 # 訒

u8a37 # 訷
u8a79 # 詹
u8aa7 # 誧
u8abe # 誾
u8adf # 諟

ufa22 # 諸
u8af6 # 諶
u8b53 # 譓
u8b7f # 譿
u8cf0 # 賰

u8cf4 # 賴
u8d12 # 贒
u8d76 # 赶
ufa23 # 﨣
u8ecf # 軏

ufa24 # 﨤
ufa25 # 逸
u9067 # 遧
u90de # 郞
ufa26 # 都

u9115 # 鄕
u9127 # 鄧
u91da # 釚
u91d7 # 釗
u91de # 釞

u91ed # 釭
u91ee # 釮
u91e4 # 釤
u91e5 # 釥
u9206 # 鈆

u9210 # 鈐
u920a # 鈊
u923a # 鈺
u9240 # 鉀
u923c # 鈼

u924e # 鉎
u9259 # 鉙
u9251 # 鉑
u9239 # 鈹
u9267 # 鉧

u92a7 # 銧
u9277 # 鉷
u9278 # 鉸
u92e7 # 鋧
u92d7 # 鋗

u92d9 # 鋙
u92d0 # 鋐
ufa27 # 﨧
u92d5 # 鋕
u92e0 # 鋠

u92d3 # 鋓
u9325 # 錥
u9321 # 錡
u92fb # 鋻
ufa28 # 﨨

u931e # 錞
u92ff # 鋿
u931d # 錝
u9302 # 錂
u9370 # 鍰

u9357 # 鍗
u93a4 # 鎤
u93c6 # 鏆
u93de # 鏞
u93f8 # 鏸

u9431 # 鐱
u9445 # 鑅
u9448 # 鑈
u9592 # 閒
uf9dc # 隆

ufa29 # 﨩
u969d # 隝
u96af # 隯
u9733 # 霳
u973b # 霻

u9743 # 靃
u974d # 靍
u974f # 靏
u9751 # 靑
u9755 # 靕

u9857 # 顗
u9865 # 顥
ufa2a # 飯
ufa2b # 飼
u9927 # 餧

ufa2c # 館
u999e # 馞
u9a4e # 驎
u9ad9 # 髙

# 119区

u9adc # 髜
u9b75 # 魵
u9b72 # 魲
u9b8f # 鮏
u9bb1 # 鮱

u9bbb # 鮻
u9c00 # 鰀
u9d70 # 鵰
u9d6b # 鵫
ufa2d # 鶴

u9e19 # 鸙
u9ed1 # 黑
