u3041 # ぁ
u3042 # あ
u3043 # ぃ
u3044 # い
u3045 # ぅ
u3046 # う
u3047 # ぇ
u3048 # え
u3049 # ぉ
u304a # お

u304b # か
u304c # が
u304d # き
u304e # ぎ
u304f # く
u3050 # ぐ
u3051 # け
u3052 # げ
u3053 # こ
u3054 # ご

u3055 # さ
u3056 # ざ
u3057 # し
u3058 # じ
u3059 # す
u305a # ず
u305b # せ
u305c # ぜ
u305d # そ
u305e # ぞ

u305f # た
u3060 # だ
u3061 # ち
u3062 # ぢ
u3063 # っ
u3064 # つ
u3065 # づ
u3066 # て
u3067 # で
u3068 # と
u3069 # ど

u306a # な
u306b # に
u306c # ぬ
u306d # ね
u306e # の

u306f # は
u3070 # ば
u3071 # ぱ
u3072 # ひ
u3073 # び
u3074 # ぴ
u3075 # ふ
u3076 # ぶ
u3077 # ぷ
u3078 # へ
u3079 # べ
u307a # ぺ
u307b # ほ
u307c # ぼ
u307d # ぽ

u307e # ま
u307f # み
u3080 # む
u3081 # め
u3082 # も

u3083 # ゃ
u3084 # や
u3085 # ゅ
u3086 # ゆ
u3087 # ょ
u3088 # よ

u3089 # ら
u308a # り
u308b # る
u308c # れ
u308d # ろ

u308e # ゎ
u308f # わ
u3090 # ゐ
u3091 # ゑ
u3092 # を
u3093 # ん

u309b # ゛
u309c # ゜
u309d # ゝ
u309e # ゞ
