# 16区

u4e9c # 亜
u5516 # 唖
u5a03 # 娃
u963f # 阿
u54c0 # 哀

u611b # 愛
u6328 # 挨
u59f6 # 姶
u9022 # 逢
u8475 # 葵

u831c # 茜
u7a50 # 穐
u60aa # 悪
u63e1 # 握
u6e25 # 渥

u65ed # 旭
u8466 # 葦
u82a6 # 芦
u9bf5 # 鯵
u6893 # 梓

u5727 # 圧
u65a1 # 斡
u6271 # 扱
u5b9b # 宛
u59d0 # 姐

u867b # 虻
u98f4 # 飴
u7d62 # 絢
u7dbe # 綾
u9b8e # 鮎

u6216 # 或
u7c9f # 粟
u88b7 # 袷
u5b89 # 安
u5eb5 # 庵

u6309 # 按
u6697 # 暗
u6848 # 案
u95c7 # 闇
u978d # 鞍

u674f # 杏
u4ee5 # 以
u4f0a # 伊
u4f4d # 位
u4f9d # 依

u5049 # 偉
u56f2 # 囲
u5937 # 夷
u59d4 # 委
u5a01 # 威

u5c09 # 尉
u60df # 惟
u610f # 意
u6170 # 慰
u6613 # 易

u6905 # 椅
u70ba # 為
u754f # 畏
u7570 # 異
u79fb # 移

u7dad # 維
u7def # 緯
u80c3 # 胃
u840e # 萎
u8863 # 衣

u8b02 # 謂
u9055 # 違
u907a # 遺
u533b # 医
u4e95 # 井

u4ea5 # 亥
u57df # 域
u80b2 # 育
u90c1 # 郁
u78ef # 磯

u4e00 # 一
u58f1 # 壱
u6ea2 # 溢
u9038 # 逸
u7a32 # 稲

u8328 # 茨
u828b # 芋
u9c2f # 鰯
u5141 # 允
u5370 # 印

u54bd # 咽
u54e1 # 員
u56e0 # 因
u59fb # 姻
u5f15 # 引

u98f2 # 飲
u6deb # 淫
u80e4 # 胤
u852d # 蔭

# 17区

u9662 # 院
u9670 # 陰
u96a0 # 隠
u97fb # 韻
u540b # 吋

u53f3 # 右
u5b87 # 宇
u70cf # 烏
u7fbd # 羽
u8fc2 # 迂

u96e8 # 雨
u536f # 卯
u9d5c # 鵜
u7aba # 窺
u4e11 # 丑

u7893 # 碓
u81fc # 臼
u6e26 # 渦
u5618 # 嘘
u5504 # 唄

u6b1d # 欝
u851a # 蔚
u9c3b # 鰻
u59e5 # 姥
u53a9 # 厩

u6d66 # 浦
u74dc # 瓜
u958f # 閏
u5642 # 噂
u4e91 # 云

u904b # 運
u96f2 # 雲
u834f # 荏
u990c # 餌
u53e1 # 叡

u55b6 # 営
u5b30 # 嬰
u5f71 # 影
u6620 # 映
u66f3 # 曳

u6804 # 栄
u6c38 # 永
u6cf3 # 泳
u6d29 # 洩
u745b # 瑛

u76c8 # 盈
u7a4e # 穎
u9834 # 頴
u82f1 # 英
u885b # 衛

u8a60 # 詠
u92ed # 鋭
u6db2 # 液
u75ab # 疫
u76ca # 益

u99c5 # 駅
u60a6 # 悦
u8b01 # 謁
u8d8a # 越
u95b2 # 閲

u698e # 榎
u53ad # 厭
u5186 # 円
u5712 # 園
u5830 # 堰

u5944 # 奄
u5bb4 # 宴
u5ef6 # 延
u6028 # 怨
u63a9 # 掩

u63f4 # 援
u6cbf # 沿
u6f14 # 演
u708e # 炎
u7114 # 焔

u7159 # 煙
u71d5 # 燕
u733f # 猿
u7e01 # 縁
u8276 # 艶

u82d1 # 苑
u8597 # 薗
u9060 # 遠
u925b # 鉛
u9d1b # 鴛

u5869 # 塩
u65bc # 於
u6c5a # 汚
u7525 # 甥
u51f9 # 凹

u592e # 央
u5965 # 奥
u5f80 # 往
u5fdc # 応

# 18区

u62bc # 押
u65fa # 旺
u6a2a # 横
u6b27 # 欧
u6bb4 # 殴

u738b # 王
u7fc1 # 翁
u8956 # 襖
u9d2c # 鴬
u9d0e # 鴎

u9ec4 # 黄
u5ca1 # 岡
u6c96 # 沖
u837b # 荻
u5104 # 億

u5c4b # 屋
u61b6 # 憶
u81c6 # 臆
u6876 # 桶
u7261 # 牡

u4e59 # 乙
u4ffa # 俺
u5378 # 卸
u6069 # 恩
u6e29 # 温

u7a4f # 穏
u97f3 # 音
u4e0b # 下
u5316 # 化
u4eee # 仮

u4f55 # 何
u4f3d # 伽
u4fa1 # 価
u4f73 # 佳
u52a0 # 加

u53ef # 可
u5609 # 嘉
u590f # 夏
u5ac1 # 嫁
u5bb6 # 家

u5be1 # 寡
u79d1 # 科
u6687 # 暇
u679c # 果
u67b6 # 架

u6b4c # 歌
u6cb3 # 河
u706b # 火
u73c2 # 珂
u798d # 禍

u79be # 禾
u7a3c # 稼
u7b87 # 箇
u82b1 # 花
u82db # 苛

u8304 # 茄
u8377 # 荷
u83ef # 華
u83d3 # 菓
u8766 # 蝦

u8ab2 # 課
u5629 # 嘩
u8ca8 # 貨
u8fe6 # 迦
u904e # 過

u971e # 霞
u868a # 蚊
u4fc4 # 俄
u5ce8 # 峨
u6211 # 我

u7259 # 牙
u753b # 画
u81e5 # 臥
u82bd # 芽
u86fe # 蛾

u8cc0 # 賀
u96c5 # 雅
u9913 # 餓
u99d5 # 駕
u4ecb # 介

u4f1a # 会
u89e3 # 解
u56de # 回
u584a # 塊
u58ca # 壊

u5efb # 廻
u5feb # 快
u602a # 怪
u6094 # 悔
u6062 # 恢

u61d0 # 懐
u6212 # 戒
u62d0 # 拐
u6539 # 改

# 19区

u9b41 # 魁
u6666 # 晦
u68b0 # 械
u6d77 # 海
u7070 # 灰

u754c # 界
u7686 # 皆
u7d75 # 絵
u82a5 # 芥
u87f9 # 蟹

u958b # 開
u968e # 階
u8c9d # 貝
u51f1 # 凱
u52be # 劾

u5916 # 外
u54b3 # 咳
u5bb3 # 害
u5d16 # 崖
u6168 # 慨

u6982 # 概
u6daf # 涯
u788d # 碍
u84cb # 蓋
u8857 # 街

u8a72 # 該
u93a7 # 鎧
u9ab8 # 骸
u6d6c # 浬
u99a8 # 馨

u86d9 # 蛙
u57a3 # 垣
u67ff # 柿
u86ce # 蛎
u920e # 鈎

u5283 # 劃
u5687 # 嚇
u5404 # 各
u5ed3 # 廓
u62e1 # 拡

u64b9 # 撹
u683c # 格
u6838 # 核
u6bbb # 殻
u7372 # 獲

u78ba # 確
u7a6b # 穫
u899a # 覚
u89d2 # 角
u8d6b # 赫

u8f03 # 較
u90ed # 郭
u95a3 # 閣
u9694 # 隔
u9769 # 革

u5b66 # 学
u5cb3 # 岳
u697d # 楽
u984d # 額
u984e # 顎

u639b # 掛
u7b20 # 笠
u6a2b # 樫
u6a7f # 橿
u68b6 # 梶

u9c0d # 鰍
u6f5f # 潟
u5272 # 割
u559d # 喝
u6070 # 恰

u62ec # 括
u6d3b # 活
u6e07 # 渇
u6ed1 # 滑
u845b # 葛

u8910 # 褐
u8f44 # 轄
u4e14 # 且
u9c39 # 鰹
u53f6 # 叶

u691b # 椛
u6a3a # 樺
u9784 # 鞄
u682a # 株
u515c # 兜

u7ac3 # 竃
u84b2 # 蒲
u91dc # 釜
u938c # 鎌
u565b # 噛

u9d28 # 鴨
u6822 # 栢
u8305 # 茅
u8431 # 萱

# 20区

u7ca5 # 粥
u5208 # 刈
u82c5 # 苅
u74e6 # 瓦
u4e7e # 乾

u4f83 # 侃
u51a0 # 冠
u5bd2 # 寒
u520a # 刊
u52d8 # 勘

u52e7 # 勧
u5dfb # 巻
u559a # 喚
u582a # 堪
u59e6 # 姦

u5b8c # 完
u5b98 # 官
u5bdb # 寛
u5e72 # 干
u5e79 # 幹

u60a3 # 患
u611f # 感
u6163 # 慣
u61be # 憾
u63db # 換

u6562 # 敢
u67d1 # 柑
u6853 # 桓
u68fa # 棺
u6b3e # 款

u6b53 # 歓
u6c57 # 汗
u6f22 # 漢
u6f97 # 澗
u6f45 # 潅

u74b0 # 環
u7518 # 甘
u76e3 # 監
u770b # 看
u7aff # 竿

u7ba1 # 管
u7c21 # 簡
u7de9 # 緩
u7f36 # 缶
u7ff0 # 翰

u809d # 肝
u8266 # 艦
u839e # 莞
u89b3 # 観
u8acc # 諌

u8cab # 貫
u9084 # 還
u9451 # 鑑
u9593 # 間
u9591 # 閑

u95a2 # 関
u9665 # 陥
u97d3 # 韓
u9928 # 館
u8218 # 舘

u4e38 # 丸
u542b # 含
u5cb8 # 岸
u5dcc # 巌
u73a9 # 玩

u764c # 癌
u773c # 眼
u5ca9 # 岩
u7feb # 翫
u8d0b # 贋

u96c1 # 雁
u9811 # 頑
u9854 # 顔
u9858 # 願
u4f01 # 企

u4f0e # 伎
u5371 # 危
u559c # 喜
u5668 # 器
u57fa # 基

u5947 # 奇
u5b09 # 嬉
u5bc4 # 寄
u5c90 # 岐
u5e0c # 希

u5e7e # 幾
u5fcc # 忌
u63ee # 揮
u673a # 机
u65d7 # 旗

u65e2 # 既
u671f # 期
u68cb # 棋
u68c4 # 棄

# 21区

u6a5f # 機
u5e30 # 帰
u6bc5 # 毅
u6c17 # 気
u6c7d # 汽

u757f # 畿
u7948 # 祈
u5b63 # 季
u7a00 # 稀
u7d00 # 紀

u5fbd # 徽
u898f # 規
u8a18 # 記
u8cb4 # 貴
u8d77 # 起

u8ecc # 軌
u8f1d # 輝
u98e2 # 飢
u9a0e # 騎
u9b3c # 鬼

u4e80 # 亀
u507d # 偽
u5100 # 儀
u5993 # 妓
u5b9c # 宜

u622f # 戯
u6280 # 技
u64ec # 擬
u6b3a # 欺
u72a0 # 犠

u7591 # 疑
u7947 # 祇
u7fa9 # 義
u87fb # 蟻
u8abc # 誼

u8b70 # 議
u63ac # 掬
u83ca # 菊
u97a0 # 鞠
u5409 # 吉

u5403 # 吃
u55ab # 喫
u6854 # 桔
u6a58 # 橘
u8a70 # 詰

u7827 # 砧
u6775 # 杵
u9ecd # 黍
u5374 # 却
u5ba2 # 客

u811a # 脚
u8650 # 虐
u9006 # 逆
u4e18 # 丘
u4e45 # 久

u4ec7 # 仇
u4f11 # 休
u53ca # 及
u5438 # 吸
u5bae # 宮

u5f13 # 弓
u6025 # 急
u6551 # 救
u673d # 朽
u6c42 # 求

u6c72 # 汲
u6ce3 # 泣
u7078 # 灸
u7403 # 球
u7a76 # 究

u7aae # 窮
u7b08 # 笈
u7d1a # 級
u7cfe # 糾
u7d66 # 給

u65e7 # 旧
u725b # 牛
u53bb # 去
u5c45 # 居
u5de8 # 巨

u62d2 # 拒
u62e0 # 拠
u6319 # 挙
u6e20 # 渠
u865a # 虚

u8a31 # 許
u8ddd # 距
u92f8 # 鋸
u6f01 # 漁
u79a6 # 禦

u9b5a # 魚
u4ea8 # 亨
u4eab # 享
u4eac # 京

# 22区

u4f9b # 供
u4fa0 # 侠
u50d1 # 僑
u5147 # 兇
u7af6 # 競

u5171 # 共
u51f6 # 凶
u5354 # 協
u5321 # 匡
u537f # 卿

u53eb # 叫
u55ac # 喬
u5883 # 境
u5ce1 # 峡
u5f37 # 強

u5f4a # 彊
u602f # 怯
u6050 # 恐
u606d # 恭
u631f # 挟

u6559 # 教
u6a4b # 橋
u6cc1 # 況
u72c2 # 狂
u72ed # 狭

u77ef # 矯
u80f8 # 胸
u8105 # 脅
u8208 # 興
u854e # 蕎

u90f7 # 郷
u93e1 # 鏡
u97ff # 響
u9957 # 饗
u9a5a # 驚

u4ef0 # 仰
u51dd # 凝
u5c2d # 尭
u6681 # 暁
u696d # 業

u5c40 # 局
u66f2 # 曲
u6975 # 極
u7389 # 玉
u6850 # 桐

u7c81 # 粁
u50c5 # 僅
u52e4 # 勤
u5747 # 均
u5dfe # 巾

u9326 # 錦
u65a4 # 斤
u6b23 # 欣
u6b3d # 欽
u7434 # 琴

u7981 # 禁
u79bd # 禽
u7b4b # 筋
u7dca # 緊
u82b9 # 芹

u83cc # 菌
u887f # 衿
u895f # 襟
u8b39 # 謹
u8fd1 # 近

u91d1 # 金
u541f # 吟
u9280 # 銀
u4e5d # 九
u5036 # 倶

u53e5 # 句
u533a # 区
u72d7 # 狗
u7396 # 玖
u77e9 # 矩

u82e6 # 苦
u8eaf # 躯
u99c6 # 駆
u99c8 # 駈
u99d2 # 駒

u5177 # 具
u611a # 愚
u865e # 虞
u55b0 # 喰
u7a7a # 空

u5076 # 偶
u5bd3 # 寓
u9047 # 遇
u9685 # 隅
u4e32 # 串

u6adb # 櫛
u91e7 # 釧
u5c51 # 屑
u5c48 # 屈

# 23区

u6398 # 掘
u7a9f # 窟
u6c93 # 沓
u9774 # 靴
u8f61 # 轡

u7aaa # 窪
u718a # 熊
u9688 # 隈
u7c82 # 粂
u6817 # 栗

u7e70 # 繰
u6851 # 桑
u936c # 鍬
u52f2 # 勲
u541b # 君

u85ab # 薫
u8a13 # 訓
u7fa4 # 群
u8ecd # 軍
u90e1 # 郡

u5366 # 卦
u8888 # 袈
u7941 # 祁
u4fc2 # 係
u50be # 傾

u5211 # 刑
u5144 # 兄
u5553 # 啓
u572d # 圭
u73ea # 珪

u578b # 型
u5951 # 契
u5f62 # 形
u5f84 # 径
u6075 # 恵

u6176 # 慶
u6167 # 慧
u61a9 # 憩
u63b2 # 掲
u643a # 携

u656c # 敬
u666f # 景
u6842 # 桂
u6e13 # 渓
u7566 # 畦

u7a3d # 稽
u7cfb # 系
u7d4c # 経
u7d99 # 継
u7e4b # 繋

u7f6b # 罫
u830e # 茎
u834a # 荊
u86cd # 蛍
u8a08 # 計

u8a63 # 詣
u8b66 # 警
u8efd # 軽
u981a # 頚
u9d8f # 鶏

u82b8 # 芸
u8fce # 迎
u9be8 # 鯨
u5287 # 劇
u621f # 戟

u6483 # 撃
u6fc0 # 激
u9699 # 隙
u6841 # 桁
u5091 # 傑

u6b20 # 欠
u6c7a # 決
u6f54 # 潔
u7a74 # 穴
u7d50 # 結

u8840 # 血
u8a23 # 訣
u6708 # 月
u4ef6 # 件
u5039 # 倹

u5026 # 倦
u5065 # 健
u517c # 兼
u5238 # 券
u5263 # 剣

u55a7 # 喧
u570f # 圏
u5805 # 堅
u5acc # 嫌
u5efa # 建

u61b2 # 憲
u61f8 # 懸
u62f3 # 拳
u6372 # 捲

# 24区

u691c # 検
u6a29 # 権
u727d # 牽
u72ac # 犬
u732e # 献

u7814 # 研
u786f # 硯
u7d79 # 絹
u770c # 県
u80a9 # 肩

u898b # 見
u8b19 # 謙
u8ce2 # 賢
u8ed2 # 軒
u9063 # 遣

u9375 # 鍵
u967a # 険
u9855 # 顕
u9a13 # 験
u9e78 # 鹸

u5143 # 元
u539f # 原
u53b3 # 厳
u5e7b # 幻
u5f26 # 弦

u6e1b # 減
u6e90 # 源
u7384 # 玄
u73fe # 現
u7d43 # 絃

u8237 # 舷
u8a00 # 言
u8afa # 諺
u9650 # 限
u4e4e # 乎

u500b # 個
u53e4 # 古
u547c # 呼
u56fa # 固
u59d1 # 姑

u5b64 # 孤
u5df1 # 己
u5eab # 庫
u5f27 # 弧
u6238 # 戸

u6545 # 故
u67af # 枯
u6e56 # 湖
u72d0 # 狐
u7cca # 糊

u88b4 # 袴
u80a1 # 股
u80e1 # 胡
u83f0 # 菰
u864e # 虎

u8a87 # 誇
u8de8 # 跨
u9237 # 鈷
u96c7 # 雇
u9867 # 顧

u9f13 # 鼓
u4e94 # 五
u4e92 # 互
u4f0d # 伍
u5348 # 午

u5449 # 呉
u543e # 吾
u5a2f # 娯
u5f8c # 後
u5fa1 # 御

u609f # 悟
u68a7 # 梧
u6a8e # 檎
u745a # 瑚
u7881 # 碁

u8a9e # 語
u8aa4 # 誤
u8b77 # 護
u9190 # 醐
u4e5e # 乞

u9bc9 # 鯉
u4ea4 # 交
u4f7c # 佼
u4faf # 侯
u5019 # 候

u5016 # 倖
u5149 # 光
u516c # 公
u529f # 功
u52b9 # 効

u52fe # 勾
u539a # 厚
u53e3 # 口
u5411 # 向

# 25区

u540e # 后
u5589 # 喉
u5751 # 坑
u57a2 # 垢
u597d # 好

u5b54 # 孔
u5b5d # 孝
u5b8f # 宏
u5de5 # 工
u5de7 # 巧

u5df7 # 巷
u5e78 # 幸
u5e83 # 広
u5e9a # 庚
u5eb7 # 康

u5f18 # 弘
u6052 # 恒
u614c # 慌
u6297 # 抗
u62d8 # 拘

u63a7 # 控
u653b # 攻
u6602 # 昂
u6643 # 晃
u66f4 # 更

u676d # 杭
u6821 # 校
u6897 # 梗
u69cb # 構
u6c5f # 江

u6d2a # 洪
u6d69 # 浩
u6e2f # 港
u6e9d # 溝
u7532 # 甲

u7687 # 皇
u786c # 硬
u7a3f # 稿
u7ce0 # 糠
u7d05 # 紅

u7d18 # 紘
u7d5e # 絞
u7db1 # 綱
u8015 # 耕
u8003 # 考

u80af # 肯
u80b1 # 肱
u8154 # 腔
u818f # 膏
u822a # 航

u8352 # 荒
u884c # 行
u8861 # 衡
u8b1b # 講
u8ca2 # 貢

u8cfc # 購
u90ca # 郊
u9175 # 酵
u9271 # 鉱
u783f # 砿

u92fc # 鋼
u95a4 # 閤
u964d # 降
u9805 # 項
u9999 # 香

u9ad8 # 高
u9d3b # 鴻
u525b # 剛
u52ab # 劫
u53f7 # 号

u5408 # 合
u58d5 # 壕
u62f7 # 拷
u6fe0 # 濠
u8c6a # 豪

u8f5f # 轟
u9eb9 # 麹
u514b # 克
u523b # 刻
u544a # 告

u56fd # 国
u7a40 # 穀
u9177 # 酷
u9d60 # 鵠
u9ed2 # 黒

u7344 # 獄
u6f09 # 漉
u8170 # 腰
u7511 # 甑
u5ffd # 忽

u60da # 惚
u9aa8 # 骨
u72db # 狛
u8fbc # 込

# 26区

u6b64 # 此
u9803 # 頃
u4eca # 今
u56f0 # 困
u5764 # 坤

u58be # 墾
u5a5a # 婚
u6068 # 恨
u61c7 # 懇
u660f # 昏

u6606 # 昆
u6839 # 根
u68b1 # 梱
u6df7 # 混
u75d5 # 痕

u7d3a # 紺
u826e # 艮
u9b42 # 魂
u4e9b # 些
u4f50 # 佐

u53c9 # 叉
u5506 # 唆
u5d6f # 嵯
u5de6 # 左
u5dee # 差

u67fb # 査
u6c99 # 沙
u7473 # 瑳
u7802 # 砂
u8a50 # 詐

u9396 # 鎖
u88df # 裟
u5750 # 坐
u5ea7 # 座
u632b # 挫

u50b5 # 債
u50ac # 催
u518d # 再
u6700 # 最
u54c9 # 哉

u585e # 塞
u59bb # 妻
u5bb0 # 宰
u5f69 # 彩
u624d # 才

u63a1 # 採
u683d # 栽
u6b73 # 歳
u6e08 # 済
u707d # 災

u91c7 # 采
u7280 # 犀
u7815 # 砕
u7826 # 砦
u796d # 祭

u658e # 斎
u7d30 # 細
u83dc # 菜
u88c1 # 裁
u8f09 # 載

u969b # 際
u5264 # 剤
u5728 # 在
u6750 # 材
u7f6a # 罪

u8ca1 # 財
u51b4 # 冴
u5742 # 坂
u962a # 阪
u583a # 堺

u698a # 榊
u80b4 # 肴
u54b2 # 咲
u5d0e # 崎
u57fc # 埼

u7895 # 碕
u9dfa # 鷺
u4f5c # 作
u524a # 削
u548b # 咋

u643e # 搾
u6628 # 昨
u6714 # 朔
u67f5 # 柵
u7a84 # 窄

u7b56 # 策
u7d22 # 索
u932f # 錯
u685c # 桜
u9bad # 鮭

u7b39 # 笹
u5319 # 匙
u518a # 冊
u5237 # 刷

# 27区

u5bdf # 察
u62f6 # 拶
u64ae # 撮
u64e6 # 擦
u672d # 札

u6bba # 殺
u85a9 # 薩
u96d1 # 雑
u7690 # 皐
u9bd6 # 鯖

u634c # 捌
u9306 # 錆
u9bab # 鮫
u76bf # 皿
u6652 # 晒

u4e09 # 三
u5098 # 傘
u53c2 # 参
u5c71 # 山
u60e8 # 惨

u6492 # 撒
u6563 # 散
u685f # 桟
u71e6 # 燦
u73ca # 珊

u7523 # 産
u7b97 # 算
u7e82 # 纂
u8695 # 蚕
u8b83 # 讃

u8cdb # 賛
u9178 # 酸
u9910 # 餐
u65ac # 斬
u66ab # 暫

u6b8b # 残
u4ed5 # 仕
u4ed4 # 仔
u4f3a # 伺
u4f7f # 使

u523a # 刺
u53f8 # 司
u53f2 # 史
u55e3 # 嗣
u56db # 四

u58eb # 士
u59cb # 始
u59c9 # 姉
u59ff # 姿
u5b50 # 子

u5c4d # 屍
u5e02 # 市
u5e2b # 師
u5fd7 # 志
u601d # 思

u6307 # 指
u652f # 支
u5b5c # 孜
u65af # 斯
u65bd # 施

u65e8 # 旨
u679d # 枝
u6b62 # 止
u6b7b # 死
u6c0f # 氏

u7345 # 獅
u7949 # 祉
u79c1 # 私
u7cf8 # 糸
u7d19 # 紙

u7d2b # 紫
u80a2 # 肢
u8102 # 脂
u81f3 # 至
u8996 # 視

u8a5e # 詞
u8a69 # 詩
u8a66 # 試
u8a8c # 誌
u8aee # 諮

u8cc7 # 資
u8cdc # 賜
u96cc # 雌
u98fc # 飼
u6b6f # 歯

u4e8b # 事
u4f3c # 似
u4f8d # 侍
u5150 # 児
u5b57 # 字

u5bfa # 寺
u6148 # 慈
u6301 # 持
u6642 # 時

# 28区

u6b21 # 次
u6ecb # 滋
u6cbb # 治
u723e # 爾
u74bd # 璽

u75d4 # 痔
u78c1 # 磁
u793a # 示
u800c # 而
u8033 # 耳

u81ea # 自
u8494 # 蒔
u8f9e # 辞
u6c50 # 汐
u9e7f # 鹿

u5f0f # 式
u8b58 # 識
u9d2b # 鴫
u7afa # 竺
u8ef8 # 軸

u5b8d # 宍
u96eb # 雫
u4e03 # 七
u53f1 # 叱
u57f7 # 執

u5931 # 失
u5ac9 # 嫉
u5ba4 # 室
u6089 # 悉
u6e7f # 湿

u6f06 # 漆
u75be # 疾
u8cea # 質
u5b9f # 実
u8500 # 蔀

u7be0 # 篠
u5072 # 偲
u67f4 # 柴
u829d # 芝
u5c61 # 屡

u854a # 蕊
u7e1e # 縞
u820e # 舎
u5199 # 写
u5c04 # 射

u6368 # 捨
u8d66 # 赦
u659c # 斜
u716e # 煮
u793e # 社

u7d17 # 紗
u8005 # 者
u8b1d # 謝
u8eca # 車
u906e # 遮

u86c7 # 蛇
u90aa # 邪
u501f # 借
u52fa # 勺
u5c3a # 尺

u6753 # 杓
u707c # 灼
u7235 # 爵
u914c # 酌
u91c8 # 釈

u932b # 錫
u82e5 # 若
u5bc2 # 寂
u5f31 # 弱
u60f9 # 惹

u4e3b # 主
u53d6 # 取
u5b88 # 守
u624b # 手
u6731 # 朱

u6b8a # 殊
u72e9 # 狩
u73e0 # 珠
u7a2e # 種
u816b # 腫

u8da3 # 趣
u9152 # 酒
u9996 # 首
u5112 # 儒
u53d7 # 受

u546a # 呪
u5bff # 寿
u6388 # 授
u6a39 # 樹
u7dac # 綬

u9700 # 需
u56da # 囚
u53ce # 収
u5468 # 周

# 29区

u5b97 # 宗
u5c31 # 就
u5dde # 州
u4fee # 修
u6101 # 愁

u62fe # 拾
u6d32 # 洲
u79c0 # 秀
u79cb # 秋
u7d42 # 終

u7e4d # 繍
u7fd2 # 習
u81ed # 臭
u821f # 舟
u8490 # 蒐

u8846 # 衆
u8972 # 襲
u8b90 # 讐
u8e74 # 蹴
u8f2f # 輯

u9031 # 週
u914b # 酋
u916c # 酬
u96c6 # 集
u919c # 醜

u4ec0 # 什
u4f4f # 住
u5145 # 充
u5341 # 十
u5f93 # 従

u620e # 戎
u67d4 # 柔
u6c41 # 汁
u6e0b # 渋
u7363 # 獣

u7e26 # 縦
u91cd # 重
u9283 # 銃
u53d4 # 叔
u5919 # 夙

u5bbf # 宿
u6dd1 # 淑
u795d # 祝
u7e2e # 縮
u7c9b # 粛

u587e # 塾
u719f # 熟
u51fa # 出
u8853 # 術
u8ff0 # 述

u4fca # 俊
u5cfb # 峻
u6625 # 春
u77ac # 瞬
u7ae3 # 竣

u821c # 舜
u99ff # 駿
u51c6 # 准
u5faa # 循
u65ec # 旬

u696f # 楯
u6b89 # 殉
u6df3 # 淳
u6e96 # 準
u6f64 # 潤

u76fe # 盾
u7d14 # 純
u5de1 # 巡
u9075 # 遵
u9187 # 醇

u9806 # 順
u51e6 # 処
u521d # 初
u6240 # 所
u6691 # 暑

u66d9 # 曙
u6e1a # 渚
u5eb6 # 庶
u7dd2 # 緒
u7f72 # 署

u66f8 # 書
u85af # 薯
u85f7 # 藷
u8af8 # 諸
u52a9 # 助

u53d9 # 叙
u5973 # 女
u5e8f # 序
u5f90 # 徐
u6055 # 恕

u92e4 # 鋤
u9664 # 除
u50b7 # 傷
u511f # 償

# 30区

u52dd # 勝
u5320 # 匠
u5347 # 升
u53ec # 召
u54e8 # 哨

u5546 # 商
u5531 # 唱
u5617 # 嘗
u5968 # 奨
u59be # 妾

u5a3c # 娼
u5bb5 # 宵
u5c06 # 将
u5c0f # 小
u5c11 # 少

u5c1a # 尚
u5e84 # 庄
u5e8a # 床
u5ee0 # 廠
u5f70 # 彰

u627f # 承
u6284 # 抄
u62db # 招
u638c # 掌
u6377 # 捷

u6607 # 昇
u660c # 昌
u662d # 昭
u6676 # 晶
u677e # 松

u68a2 # 梢
u6a1f # 樟
u6a35 # 樵
u6cbc # 沼
u6d88 # 消

u6e09 # 渉
u6e58 # 湘
u713c # 焼
u7126 # 焦
u7167 # 照

u75c7 # 症
u7701 # 省
u785d # 硝
u7901 # 礁
u7965 # 祥

u79f0 # 称
u7ae0 # 章
u7b11 # 笑
u7ca7 # 粧
u7d39 # 紹

u8096 # 肖
u83d6 # 菖
u848b # 蒋
u8549 # 蕉
u885d # 衝

u88f3 # 裳
u8a1f # 訟
u8a3c # 証
u8a54 # 詔
u8a73 # 詳

u8c61 # 象
u8cde # 賞
u91a4 # 醤
u9266 # 鉦
u937e # 鍾

u9418 # 鐘
u969c # 障
u9798 # 鞘
u4e0a # 上
u4e08 # 丈

u4e1e # 丞
u4e57 # 乗
u5197 # 冗
u5270 # 剰
u57ce # 城

u5834 # 場
u58cc # 壌
u5b22 # 嬢
u5e38 # 常
u60c5 # 情

u64fe # 擾
u6761 # 条
u6756 # 杖
u6d44 # 浄
u72b6 # 状

u7573 # 畳
u7a63 # 穣
u84b8 # 蒸
u8b72 # 譲
u91b8 # 醸

u9320 # 錠
u5631 # 嘱
u57f4 # 埴
u98fe # 飾

# 31区

u62ed # 拭
u690d # 植
u6b96 # 殖
u71ed # 燭
u7e54 # 織

u8077 # 職
u8272 # 色
u89e6 # 触
u98df # 食
u8755 # 蝕

u8fb1 # 辱
u5c3b # 尻
u4f38 # 伸
u4fe1 # 信
u4fb5 # 侵

u5507 # 唇
u5a20 # 娠
u5bdd # 寝
u5be9 # 審
u5fc3 # 心

u614e # 慎
u632f # 振
u65b0 # 新
u664b # 晋
u68ee # 森

u699b # 榛
u6d78 # 浸
u6df1 # 深
u7533 # 申
u75b9 # 疹

u771f # 真
u795e # 神
u79e6 # 秦
u7d33 # 紳
u81e3 # 臣

u82af # 芯
u85aa # 薪
u89aa # 親
u8a3a # 診
u8eab # 身

u8f9b # 辛
u9032 # 進
u91dd # 針
u9707 # 震
u4eba # 人

u4ec1 # 仁
u5203 # 刃
u5875 # 塵
u58ec # 壬
u5c0b # 尋

u751a # 甚
u5c3d # 尽
u814e # 腎
u8a0a # 訊
u8fc5 # 迅

u9663 # 陣
u976d # 靭
u7b25 # 笥
u8acf # 諏
u9808 # 須

u9162 # 酢
u56f3 # 図
u53a8 # 厨
u9017 # 逗
u5439 # 吹

u5782 # 垂
u5e25 # 帥
u63a8 # 推
u6c34 # 水
u708a # 炊

u7761 # 睡
u7c8b # 粋
u7fe0 # 翠
u8870 # 衰
u9042 # 遂

u9154 # 酔
u9310 # 錐
u9318 # 錘
u968f # 随
u745e # 瑞

u9ac4 # 髄
u5d07 # 崇
u5d69 # 嵩
u6570 # 数
u67a2 # 枢

u8da8 # 趨
u96db # 雛
u636e # 据
u6749 # 杉
u6919 # 椙

u83c5 # 菅
u9817 # 頗
u96c0 # 雀
u88fe # 裾

# 32区

u6f84 # 澄
u647a # 摺
u5bf8 # 寸
u4e16 # 世
u702c # 瀬

u755d # 畝
u662f # 是
u51c4 # 凄
u5236 # 制
u52e2 # 勢

u59d3 # 姓
u5f81 # 征
u6027 # 性
u6210 # 成
u653f # 政

u6574 # 整
u661f # 星
u6674 # 晴
u68f2 # 棲
u6816 # 栖

u6b63 # 正
u6e05 # 清
u7272 # 牲
u751f # 生
u76db # 盛

u7cbe # 精
u8056 # 聖
u58f0 # 声
u88fd # 製
u897f # 西

u8aa0 # 誠
u8a93 # 誓
u8acb # 請
u901d # 逝
u9192 # 醒

u9752 # 青
u9759 # 静
u6589 # 斉
u7a0e # 税
u8106 # 脆

u96bb # 隻
u5e2d # 席
u60dc # 惜
u621a # 戚
u65a5 # 斥

u6614 # 昔
u6790 # 析
u77f3 # 石
u7a4d # 積
u7c4d # 籍

u7e3e # 績
u810a # 脊
u8cac # 責
u8d64 # 赤
u8de1 # 跡

u8e5f # 蹟
u78a9 # 碩
u5207 # 切
u62d9 # 拙
u63a5 # 接

u6442 # 摂
u6298 # 折
u8a2d # 設
u7a83 # 窃
u7bc0 # 節

u8aac # 説
u96ea # 雪
u7d76 # 絶
u820c # 舌
u8749 # 蝉

u4ed9 # 仙
u5148 # 先
u5343 # 千
u5360 # 占
u5ba3 # 宣

u5c02 # 専
u5c16 # 尖
u5ddd # 川
u6226 # 戦
u6247 # 扇

u64b0 # 撰
u6813 # 栓
u6834 # 栴
u6cc9 # 泉
u6d45 # 浅

u6d17 # 洗
u67d3 # 染
u6f5c # 潜
u714e # 煎
u717d # 煽

u65cb # 旋
u7a7f # 穿
u7bad # 箭
u7dda # 線

# 33区

u7e4a # 繊
u7fa8 # 羨
u817a # 腺
u821b # 舛
u8239 # 船

u85a6 # 薦
u8a6e # 詮
u8cce # 賎
u8df5 # 践
u9078 # 選

u9077 # 遷
u92ad # 銭
u9291 # 銑
u9583 # 閃
u9bae # 鮮

u524d # 前
u5584 # 善
u6f38 # 漸
u7136 # 然
u5168 # 全

u7985 # 禅
u7e55 # 繕
u81b3 # 膳
u7cce # 糎
u564c # 噌

u5851 # 塑
u5ca8 # 岨
u63aa # 措
u66fe # 曾
u66fd # 曽

u695a # 楚
u72d9 # 狙
u758f # 疏
u758e # 疎
u790e # 礎

u7956 # 祖
u79df # 租
u7c97 # 粗
u7d20 # 素
u7d44 # 組

u8607 # 蘇
u8a34 # 訴
u963b # 阻
u9061 # 遡
u9f20 # 鼠

u50e7 # 僧
u5275 # 創
u53cc # 双
u53e2 # 叢
u5009 # 倉

u55aa # 喪
u58ee # 壮
u594f # 奏
u723d # 爽
u5b8b # 宋

u5c64 # 層
u531d # 匝
u60e3 # 惣
u60f3 # 想
u635c # 捜

u6383 # 掃
u633f # 挿
u63bb # 掻
u64cd # 操
u65e9 # 早

u66f9 # 曹
u5de3 # 巣
u69cd # 槍
u69fd # 槽
u6f15 # 漕

u71e5 # 燥
u4e89 # 争
u75e9 # 痩
u76f8 # 相
u7a93 # 窓

u7cdf # 糟
u7dcf # 総
u7d9c # 綜
u8061 # 聡
u8349 # 草

u8358 # 荘
u846c # 葬
u84bc # 蒼
u85fb # 藻
u88c5 # 装

u8d70 # 走
u9001 # 送
u906d # 遭
u9397 # 鎗
u971c # 霜

u9a12 # 騒
u50cf # 像
u5897 # 増
u618e # 憎

# 34区

u81d3 # 臓
u8535 # 蔵
u8d08 # 贈
u9020 # 造
u4fc3 # 促

u5074 # 側
u5247 # 則
u5373 # 即
u606f # 息
u6349 # 捉

u675f # 束
u6e2c # 測
u8db3 # 足
u901f # 速
u4fd7 # 俗

u5c5e # 属
u8cca # 賊
u65cf # 族
u7d9a # 続
u5352 # 卒

u8896 # 袖
u5176 # 其
u63c3 # 揃
u5b58 # 存
u5b6b # 孫

u5c0a # 尊
u640d # 損
u6751 # 村
u905c # 遜
u4ed6 # 他

u591a # 多
u592a # 太
u6c70 # 汰
u8a51 # 詑
u553e # 唾

u5815 # 堕
u59a5 # 妥
u60f0 # 惰
u6253 # 打
u67c1 # 柁

u8235 # 舵
u6955 # 楕
u9640 # 陀
u99c4 # 駄
u9a28 # 騨

u4f53 # 体
u5806 # 堆
u5bfe # 対
u8010 # 耐
u5cb1 # 岱

u5e2f # 帯
u5f85 # 待
u6020 # 怠
u614b # 態
u6234 # 戴

u66ff # 替
u6cf0 # 泰
u6ede # 滞
u80ce # 胎
u817f # 腿

u82d4 # 苔
u888b # 袋
u8cb8 # 貸
u9000 # 退
u902e # 逮

u968a # 隊
u9edb # 黛
u9bdb # 鯛
u4ee3 # 代
u53f0 # 台

u5927 # 大
u7b2c # 第
u918d # 醍
u984c # 題
u9df9 # 鷹

u6edd # 滝
u7027 # 瀧
u5353 # 卓
u5544 # 啄
u5b85 # 宅

u6258 # 托
u629e # 択
u62d3 # 拓
u6ca2 # 沢
u6fef # 濯

u7422 # 琢
u8a17 # 託
u9438 # 鐸
u6fc1 # 濁
u8afe # 諾

u8338 # 茸
u51e7 # 凧
u86f8 # 蛸
u53ea # 只

# 35区

u53e9 # 叩
u4f46 # 但
u9054 # 達
u8fb0 # 辰
u596a # 奪

u8131 # 脱
u5dfd # 巽
u7aea # 竪
u8fbf # 辿
u68da # 棚

u8c37 # 谷
u72f8 # 狸
u9c48 # 鱈
u6a3d # 樽
u8ab0 # 誰

u4e39 # 丹
u5358 # 単
u5606 # 嘆
u5766 # 坦
u62c5 # 担

u63a2 # 探
u65e6 # 旦
u6b4e # 歎
u6de1 # 淡
u6e5b # 湛

u70ad # 炭
u77ed # 短
u7aef # 端
u7baa # 箪
u7dbb # 綻

u803d # 耽
u80c6 # 胆
u86cb # 蛋
u8a95 # 誕
u935b # 鍛

u56e3 # 団
u58c7 # 壇
u5f3e # 弾
u65ad # 断
u6696 # 暖

u6a80 # 檀
u6bb5 # 段
u7537 # 男
u8ac7 # 談
u5024 # 値

u77e5 # 知
u5730 # 地
u5f1b # 弛
u6065 # 恥
u667a # 智

u6c60 # 池
u75f4 # 痴
u7a1a # 稚
u7f6e # 置
u81f4 # 致

u8718 # 蜘
u9045 # 遅
u99b3 # 馳
u7bc9 # 築
u755c # 畜

u7af9 # 竹
u7b51 # 筑
u84c4 # 蓄
u9010 # 逐
u79e9 # 秩

u7a92 # 窒
u8336 # 茶
u5ae1 # 嫡
u7740 # 着
u4e2d # 中

u4ef2 # 仲
u5b99 # 宙
u5fe0 # 忠
u62bd # 抽
u663c # 昼

u67f1 # 柱
u6ce8 # 注
u866b # 虫
u8877 # 衷
u8a3b # 註

u914e # 酎
u92f3 # 鋳
u99d0 # 駐
u6a17 # 樗
u7026 # 瀦

u732a # 猪
u82e7 # 苧
u8457 # 著
u8caf # 貯
u4e01 # 丁

u5146 # 兆
u51cb # 凋
u558b # 喋
u5bf5 # 寵

# 36区

u5e16 # 帖
u5e33 # 帳
u5e81 # 庁
u5f14 # 弔
u5f35 # 張

u5f6b # 彫
u5fb4 # 徴
u61f2 # 懲
u6311 # 挑
u66a2 # 暢

u671d # 朝
u6f6e # 潮
u7252 # 牒
u753a # 町
u773a # 眺

u8074 # 聴
u8139 # 脹
u8178 # 腸
u8776 # 蝶
u8abf # 調

u8adc # 諜
u8d85 # 超
u8df3 # 跳
u929a # 銚
u9577 # 長

u9802 # 頂
u9ce5 # 鳥
u52c5 # 勅
u6357 # 捗
u76f4 # 直

u6715 # 朕
u6c88 # 沈
u73cd # 珍
u8cc3 # 賃
u93ae # 鎮

u9673 # 陳
u6d25 # 津
u589c # 墜
u690e # 椎
u69cc # 槌

u8ffd # 追
u939a # 鎚
u75db # 痛
u901a # 通
u585a # 塚

u6802 # 栂
u63b4 # 掴
u69fb # 槻
u4f43 # 佃
u6f2c # 漬

u67d8 # 柘
u8fbb # 辻
u8526 # 蔦
u7db4 # 綴
u9354 # 鍔

u693f # 椿
u6f70 # 潰
u576a # 坪
u58f7 # 壷
u5b2c # 嬬

u7d2c # 紬
u722a # 爪
u540a # 吊
u91e3 # 釣
u9db4 # 鶴

u4ead # 亭
u4f4e # 低
u505c # 停
u5075 # 偵
u5243 # 剃

u8c9e # 貞
u5448 # 呈
u5824 # 堤
u5b9a # 定
u5e1d # 帝

u5e95 # 底
u5ead # 庭
u5ef7 # 廷
u5f1f # 弟
u608c # 悌

u62b5 # 抵
u633a # 挺
u63d0 # 提
u68af # 梯
u6c40 # 汀

u7887 # 碇
u798e # 禎
u7a0b # 程
u7de0 # 締
u8247 # 艇

u8a02 # 訂
u8ae6 # 諦
u8e44 # 蹄
u9013 # 逓

# 37区

u90b8 # 邸
u912d # 鄭
u91d8 # 釘
u9f0e # 鼎
u6ce5 # 泥

u6458 # 摘
u64e2 # 擢
u6575 # 敵
u6ef4 # 滴
u7684 # 的

u7b1b # 笛
u9069 # 適
u93d1 # 鏑
u6eba # 溺
u54f2 # 哲

u5fb9 # 徹
u64a4 # 撤
u8f4d # 轍
u8fed # 迭
u9244 # 鉄

u5178 # 典
u586b # 填
u5929 # 天
u5c55 # 展
u5e97 # 店

u6dfb # 添
u7e8f # 纏
u751c # 甜
u8cbc # 貼
u8ee2 # 転

u985b # 顛
u70b9 # 点
u4f1d # 伝
u6bbf # 殿
u6fb1 # 澱

u7530 # 田
u96fb # 電
u514e # 兎
u5410 # 吐
u5835 # 堵

u5857 # 塗
u59ac # 妬
u5c60 # 屠
u5f92 # 徒
u6597 # 斗

u675c # 杜
u6e21 # 渡
u767b # 登
u83df # 菟
u8ced # 賭

u9014 # 途
u90fd # 都
u934d # 鍍
u7825 # 砥
u783a # 砺

u52aa # 努
u5ea6 # 度
u571f # 土
u5974 # 奴
u6012 # 怒

u5012 # 倒
u515a # 党
u51ac # 冬
u51cd # 凍
u5200 # 刀

u5510 # 唐
u5854 # 塔
u5858 # 塘
u5957 # 套
u5b95 # 宕

u5cf6 # 島
u5d8b # 嶋
u60bc # 悼
u6295 # 投
u642d # 搭

u6771 # 東
u6843 # 桃
u68bc # 梼
u68df # 棟
u76d7 # 盗

u6dd8 # 淘
u6e6f # 湯
u6d9b # 涛
u706f # 灯
u71c8 # 燈

u5f53 # 当
u75d8 # 痘
u7977 # 祷
u7b49 # 等
u7b54 # 答

u7b52 # 筒
u7cd6 # 糖
u7d71 # 統
u5230 # 到

# 38区

u8463 # 董
u8569 # 蕩
u85e4 # 藤
u8a0e # 討
u8b04 # 謄

u8c46 # 豆
u8e0f # 踏
u9003 # 逃
u900f # 透
u9419 # 鐙

u9676 # 陶
u982d # 頭
u9a30 # 騰
u95d8 # 闘
u50cd # 働

u52d5 # 動
u540c # 同
u5802 # 堂
u5c0e # 導
u61a7 # 憧

u649e # 撞
u6d1e # 洞
u77b3 # 瞳
u7ae5 # 童
u80f4 # 胴

u8404 # 萄
u9053 # 道
u9285 # 銅
u5ce0 # 峠
u9d07 # 鴇

u533f # 匿
u5f97 # 得
u5fb3 # 徳
u6d9c # 涜
u7279 # 特

u7763 # 督
u79bf # 禿
u7be4 # 篤
u6bd2 # 毒
u72ec # 独

u8aad # 読
u6803 # 栃
u6a61 # 橡
u51f8 # 凸
u7a81 # 突

u6934 # 椴
u5c4a # 届
u9cf6 # 鳶
u82eb # 苫
u5bc5 # 寅

u9149 # 酉
u701e # 瀞
u5678 # 噸
u5c6f # 屯
u60c7 # 惇

u6566 # 敦
u6c8c # 沌
u8c5a # 豚
u9041 # 遁
u9813 # 頓

u5451 # 呑
u66c7 # 曇
u920d # 鈍
u5948 # 奈
u90a3 # 那

u5185 # 内
u4e4d # 乍
u51ea # 凪
u8599 # 薙
u8b0e # 謎

u7058 # 灘
u637a # 捺
u934b # 鍋
u6962 # 楢
u99b4 # 馴

u7e04 # 縄
u7577 # 畷
u5357 # 南
u6960 # 楠
u8edf # 軟

u96e3 # 難
u6c5d # 汝
u4e8c # 二
u5c3c # 尼
u5f10 # 弐

u8fe9 # 迩
u5302 # 匂
u8cd1 # 賑
u8089 # 肉
u8679 # 虹

u5eff # 廿
u65e5 # 日
u4e73 # 乳
u5165 # 入

# 39区

u5982 # 如
u5c3f # 尿
u97ee # 韮
u4efb # 任
u598a # 妊

u5fcd # 忍
u8a8d # 認
u6fe1 # 濡
u79b0 # 禰
u7962 # 祢

u5be7 # 寧
u8471 # 葱
u732b # 猫
u71b1 # 熱
u5e74 # 年

u5ff5 # 念
u637b # 捻
u649a # 撚
u71c3 # 燃
u7c98 # 粘

u4e43 # 乃
u5efc # 廼
u4e4b # 之
u57dc # 埜
u56a2 # 嚢

u60a9 # 悩
u6fc3 # 濃
u7d0d # 納
u80fd # 能
u8133 # 脳

u81bf # 膿
u8fb2 # 農
u8997 # 覗
u86a4 # 蚤
u5df4 # 巴

u628a # 把
u64ad # 播
u8987 # 覇
u6777 # 杷
u6ce2 # 波

u6d3e # 派
u7436 # 琶
u7834 # 破
u5a46 # 婆
u7f75 # 罵

u82ad # 芭
u99ac # 馬
u4ff3 # 俳
u5ec3 # 廃
u62dd # 拝

u6392 # 排
u6557 # 敗
u676f # 杯
u76c3 # 盃
u724c # 牌

u80cc # 背
u80ba # 肺
u8f29 # 輩
u914d # 配
u500d # 倍

u57f9 # 培
u5a92 # 媒
u6885 # 梅
u6973 # 楳
u7164 # 煤

u72fd # 狽
u8cb7 # 買
u58f2 # 売
u8ce0 # 賠
u966a # 陪

u9019 # 這
u877f # 蝿
u79e4 # 秤
u77e7 # 矧
u8429 # 萩

u4f2f # 伯
u5265 # 剥
u535a # 博
u62cd # 拍
u67cf # 柏

u6cca # 泊
u767d # 白
u7b94 # 箔
u7c95 # 粕
u8236 # 舶

u8584 # 薄
u8feb # 迫
u66dd # 曝
u6f20 # 漠
u7206 # 爆

u7e1b # 縛
u83ab # 莫
u99c1 # 駁
u9ea6 # 麦

# 40区

u51fd # 函
u7bb1 # 箱
u7872 # 硲
u7bb8 # 箸
u8087 # 肇

u7b48 # 筈
u6ae8 # 櫨
u5e61 # 幡
u808c # 肌
u7551 # 畑

u7560 # 畠
u516b # 八
u9262 # 鉢
u6e8c # 溌
u767a # 発

u9197 # 醗
u9aea # 髪
u4f10 # 伐
u7f70 # 罰
u629c # 抜

u7b4f # 筏
u95a5 # 閥
u9ce9 # 鳩
u567a # 噺
u5859 # 塙

u86e4 # 蛤
u96bc # 隼
u4f34 # 伴
u5224 # 判
u534a # 半

u53cd # 反
u53db # 叛
u5e06 # 帆
u642c # 搬
u6591 # 斑

u677f # 板
u6c3e # 氾
u6c4e # 汎
u7248 # 版
u72af # 犯

u73ed # 班
u7554 # 畔
u7e41 # 繁
u822c # 般
u85e9 # 藩

u8ca9 # 販
u7bc4 # 範
u91c6 # 釆
u7169 # 煩
u9812 # 頒

u98ef # 飯
u633d # 挽
u6669 # 晩
u756a # 番
u76e4 # 盤

u78d0 # 磐
u8543 # 蕃
u86ee # 蛮
u532a # 匪
u5351 # 卑

u5426 # 否
u5983 # 妃
u5e87 # 庇
u5f7c # 彼
u60b2 # 悲

u6249 # 扉
u6279 # 批
u62ab # 披
u6590 # 斐
u6bd4 # 比

u6ccc # 泌
u75b2 # 疲
u76ae # 皮
u7891 # 碑
u79d8 # 秘

u7dcb # 緋
u7f77 # 罷
u80a5 # 肥
u88ab # 被
u8ab9 # 誹

u8cbb # 費
u907f # 避
u975e # 非
u98db # 飛
u6a0b # 樋

u7c38 # 簸
u5099 # 備
u5c3e # 尾
u5fae # 微
u6787 # 枇

u6bd8 # 毘
u7435 # 琵
u7709 # 眉
u7f8e # 美

# 41区

u9f3b # 鼻
u67ca # 柊
u7a17 # 稗
u5339 # 匹
u758b # 疋

u9aed # 髭
u5f66 # 彦
u819d # 膝
u83f1 # 菱
u8098 # 肘

u5f3c # 弼
u5fc5 # 必
u7562 # 畢
u7b46 # 筆
u903c # 逼

u6867 # 桧
u59eb # 姫
u5a9b # 媛
u7d10 # 紐
u767e # 百

u8b2c # 謬
u4ff5 # 俵
u5f6a # 彪
u6a19 # 標
u6c37 # 氷

u6f02 # 漂
u74e2 # 瓢
u7968 # 票
u8868 # 表
u8a55 # 評

u8c79 # 豹
u5edf # 廟
u63cf # 描
u75c5 # 病
u79d2 # 秒

u82d7 # 苗
u9328 # 錨
u92f2 # 鋲
u849c # 蒜
u86ed # 蛭

u9c2d # 鰭
u54c1 # 品
u5f6c # 彬
u658c # 斌
u6d5c # 浜

u7015 # 瀕
u8ca7 # 貧
u8cd3 # 賓
u983b # 頻
u654f # 敏

u74f6 # 瓶
u4e0d # 不
u4ed8 # 付
u57e0 # 埠
u592b # 夫

u5a66 # 婦
u5bcc # 富
u51a8 # 冨
u5e03 # 布
u5e9c # 府

u6016 # 怖
u6276 # 扶
u6577 # 敷
u65a7 # 斧
u666e # 普

u6d6e # 浮
u7236 # 父
u7b26 # 符
u8150 # 腐
u819a # 膚

u8299 # 芙
u8b5c # 譜
u8ca0 # 負
u8ce6 # 賦
u8d74 # 赴

u961c # 阜
u9644 # 附
u4fae # 侮
u64ab # 撫
u6b66 # 武

u821e # 舞
u8461 # 葡
u856a # 蕪
u90e8 # 部
u5c01 # 封

u6953 # 楓
u98a8 # 風
u847a # 葺
u8557 # 蕗
u4f0f # 伏

u526f # 副
u5fa9 # 復
u5e45 # 幅
u670d # 服

# 42区

u798f # 福
u8179 # 腹
u8907 # 複
u8986 # 覆
u6df5 # 淵

u5f17 # 弗
u6255 # 払
u6cb8 # 沸
u4ecf # 仏
u7269 # 物

u9b92 # 鮒
u5206 # 分
u543b # 吻
u5674 # 噴
u58b3 # 墳

u61a4 # 憤
u626e # 扮
u711a # 焚
u596e # 奮
u7c89 # 粉

u7cde # 糞
u7d1b # 紛
u96f0 # 雰
u6587 # 文
u805e # 聞

u4e19 # 丙
u4f75 # 併
u5175 # 兵
u5840 # 塀
u5e63 # 幣

u5e73 # 平
u5f0a # 弊
u67c4 # 柄
u4e26 # 並
u853d # 蔽

u9589 # 閉
u965b # 陛
u7c73 # 米
u9801 # 頁
u50fb # 僻

u58c1 # 壁
u7656 # 癖
u78a7 # 碧
u5225 # 別
u77a5 # 瞥

u8511 # 蔑
u7b86 # 箆
u504f # 偏
u5909 # 変
u7247 # 片

u7bc7 # 篇
u7de8 # 編
u8fba # 辺
u8fd4 # 返
u904d # 遍

u4fbf # 便
u52c9 # 勉
u5a29 # 娩
u5f01 # 弁
u97ad # 鞭

u4fdd # 保
u8217 # 舗
u92ea # 鋪
u5703 # 圃
u6355 # 捕

u6b69 # 歩
u752b # 甫
u88dc # 補
u8f14 # 輔
u7a42 # 穂

u52df # 募
u5893 # 墓
u6155 # 慕
u620a # 戊
u66ae # 暮

u6bcd # 母
u7c3f # 簿
u83e9 # 菩
u5023 # 倣
u4ff8 # 俸

u5305 # 包
u5446 # 呆
u5831 # 報
u5949 # 奉
u5b9d # 宝

u5cf0 # 峰
u5cef # 峯
u5d29 # 崩
u5e96 # 庖
u62b1 # 抱

u6367 # 捧
u653e # 放
u65b9 # 方
u670b # 朋

# 43区

u6cd5 # 法
u6ce1 # 泡
u70f9 # 烹
u7832 # 砲
u7e2b # 縫

u80de # 胞
u82b3 # 芳
u840c # 萌
u84ec # 蓬
u8702 # 蜂

u8912 # 褒
u8a2a # 訪
u8c4a # 豊
u90a6 # 邦
u92d2 # 鋒

u98fd # 飽
u9cf3 # 鳳
u9d6c # 鵬
u4e4f # 乏
u4ea1 # 亡

u508d # 傍
u5256 # 剖
u574a # 坊
u59a8 # 妨
u5e3d # 帽

u5fd8 # 忘
u5fd9 # 忙
u623f # 房
u66b4 # 暴
u671b # 望

u67d0 # 某
u68d2 # 棒
u5192 # 冒
u7d21 # 紡
u80aa # 肪

u81a8 # 膨
u8b00 # 謀
u8c8c # 貌
u8cbf # 貿
u927e # 鉾

u9632 # 防
u5420 # 吠
u982c # 頬
u5317 # 北
u50d5 # 僕

u535c # 卜
u58a8 # 墨
u64b2 # 撲
u6734 # 朴
u7267 # 牧

u7766 # 睦
u7a46 # 穆
u91e6 # 釦
u52c3 # 勃
u6ca1 # 没

u6b86 # 殆
u5800 # 堀
u5e4c # 幌
u5954 # 奔
u672c # 本

u7ffb # 翻
u51e1 # 凡
u76c6 # 盆
u6469 # 摩
u78e8 # 磨

u9b54 # 魔
u9ebb # 麻
u57cb # 埋
u59b9 # 妹
u6627 # 昧

u679a # 枚
u6bce # 毎
u54e9 # 哩
u69d9 # 槙
u5e55 # 幕

u819c # 膜
u6795 # 枕
u9baa # 鮪
u67fe # 柾
u9c52 # 鱒

u685d # 桝
u4ea6 # 亦
u4fe3 # 俣
u53c8 # 又
u62b9 # 抹

u672b # 末
u6cab # 沫
u8fc4 # 迄
u4fad # 侭
u7e6d # 繭

u9ebf # 麿
u4e07 # 万
u6162 # 慢
u6e80 # 満

# 44区

u6f2b # 漫
u8513 # 蔓
u5473 # 味
u672a # 未
u9b45 # 魅

u5df3 # 巳
u7b95 # 箕
u5cac # 岬
u5bc6 # 密
u871c # 蜜

u6e4a # 湊
u84d1 # 蓑
u7a14 # 稔
u8108 # 脈
u5999 # 妙

u7c8d # 粍
u6c11 # 民
u7720 # 眠
u52d9 # 務
u5922 # 夢

u7121 # 無
u725f # 牟
u77db # 矛
u9727 # 霧
u9d61 # 鵡

u690b # 椋
u5a7f # 婿
u5a18 # 娘
u51a5 # 冥
u540d # 名

u547d # 命
u660e # 明
u76df # 盟
u8ff7 # 迷
u9298 # 銘

u9cf4 # 鳴
u59ea # 姪
u725d # 牝
u6ec5 # 滅
u514d # 免

u68c9 # 棉
u7dbf # 綿
u7dec # 緬
u9762 # 面
u9eba # 麺

u6478 # 摸
u6a21 # 模
u8302 # 茂
u5984 # 妄
u5b5f # 孟

u6bdb # 毛
u731b # 猛
u76f2 # 盲
u7db2 # 網
u8017 # 耗

u8499 # 蒙
u5132 # 儲
u6728 # 木
u9ed9 # 黙
u76ee # 目

u6762 # 杢
u52ff # 勿
u9905 # 餅
u5c24 # 尤
u623b # 戻

u7c7e # 籾
u8cb0 # 貰
u554f # 問
u60b6 # 悶
u7d0b # 紋

u9580 # 門
u5301 # 匁
u4e5f # 也
u51b6 # 冶
u591c # 夜

u723a # 爺
u8036 # 耶
u91ce # 野
u5f25 # 弥
u77e2 # 矢

u5384 # 厄
u5f79 # 役
u7d04 # 約
u85ac # 薬
u8a33 # 訳

u8e8d # 躍
u9756 # 靖
u67f3 # 柳
u85ae # 薮
u9453 # 鑓

u6109 # 愉
u6108 # 愈
u6cb9 # 油
u7652 # 癒

# 45区

u8aed # 諭
u8f38 # 輸
u552f # 唯
u4f51 # 佑
u512a # 優

u52c7 # 勇
u53cb # 友
u5ba5 # 宥
u5e7d # 幽
u60a0 # 悠

u6182 # 憂
u63d6 # 揖
u6709 # 有
u67da # 柚
u6e67 # 湧

u6d8c # 涌
u7336 # 猶
u7337 # 猷
u7531 # 由
u7950 # 祐

u88d5 # 裕
u8a98 # 誘
u904a # 遊
u9091 # 邑
u90f5 # 郵

u96c4 # 雄
u878d # 融
u5915 # 夕
u4e88 # 予
u4f59 # 余

u4e0e # 与
u8a89 # 誉
u8f3f # 輿
u9810 # 預
u50ad # 傭

u5e7c # 幼
u5996 # 妖
u5bb9 # 容
u5eb8 # 庸
u63da # 揚

u63fa # 揺
u64c1 # 擁
u66dc # 曜
u694a # 楊
u69d8 # 様

u6d0b # 洋
u6eb6 # 溶
u7194 # 熔
u7528 # 用
u7aaf # 窯

u7f8a # 羊
u8000 # 耀
u8449 # 葉
u84c9 # 蓉
u8981 # 要

u8b21 # 謡
u8e0a # 踊
u9065 # 遥
u967d # 陽
u990a # 養

u617e # 慾
u6291 # 抑
u6b32 # 欲
u6c83 # 沃
u6d74 # 浴

u7fcc # 翌
u7ffc # 翼
u6dc0 # 淀
u7f85 # 羅
u87ba # 螺

u88f8 # 裸
u6765 # 来
u83b1 # 莱
u983c # 頼
u96f7 # 雷

u6d1b # 洛
u7d61 # 絡
u843d # 落
u916a # 酪
u4e71 # 乱

u5375 # 卵
u5d50 # 嵐
u6b04 # 欄
u6feb # 濫
u85cd # 藍

u862d # 蘭
u89a7 # 覧
u5229 # 利
u540f # 吏
u5c65 # 履

u674e # 李
u68a8 # 梨
u7406 # 理
u7483 # 璃

# 46区

u75e2 # 痢
u88cf # 裏
u88e1 # 裡
u91cc # 里
u96e2 # 離

u9678 # 陸
u5f8b # 律
u7387 # 率
u7acb # 立
u844e # 葎

u63a0 # 掠
u7565 # 略
u5289 # 劉
u6d41 # 流
u6e9c # 溜

u7409 # 琉
u7559 # 留
u786b # 硫
u7c92 # 粒
u9686 # 隆

u7adc # 竜
u9f8d # 龍
u4fb6 # 侶
u616e # 慮
u65c5 # 旅

u865c # 虜
u4e86 # 了
u4eae # 亮
u50da # 僚
u4e21 # 両

u51cc # 凌
u5bee # 寮
u6599 # 料
u6881 # 梁
u6dbc # 涼

u731f # 猟
u7642 # 療
u77ad # 瞭
u7a1c # 稜
u7ce7 # 糧

u826f # 良
u8ad2 # 諒
u907c # 遼
u91cf # 量
u9675 # 陵

u9818 # 領
u529b # 力
u7dd1 # 緑
u502b # 倫
u5398 # 厘

u6797 # 林
u6dcb # 淋
u71d0 # 燐
u7433 # 琳
u81e8 # 臨

u8f2a # 輪
u96a3 # 隣
u9c57 # 鱗
u9e9f # 麟
u7460 # 瑠

u5841 # 塁
u6d99 # 涙
u7d2f # 累
u985e # 類
u4ee4 # 令

u4f36 # 伶
u4f8b # 例
u51b7 # 冷
u52b1 # 励
u5dba # 嶺

u601c # 怜
u73b2 # 玲
u793c # 礼
u82d3 # 苓
u9234 # 鈴

u96b7 # 隷
u96f6 # 零
u970a # 霊
u9e97 # 麗
u9f62 # 齢

u66a6 # 暦
u6b74 # 歴
u5217 # 列
u52a3 # 劣
u70c8 # 烈

u88c2 # 裂
u5ec9 # 廉
u604b # 恋
u6190 # 憐
u6f23 # 漣

u7149 # 煉
u7c3e # 簾
u7df4 # 練
u806f # 聯

# 47区

u84ee # 蓮
u9023 # 連
u932c # 錬
u5442 # 呂
u9b6f # 魯

u6ad3 # 櫓
u7089 # 炉
u8cc2 # 賂
u8def # 路
u9732 # 露

u52b4 # 労
u5a41 # 婁
u5eca # 廊
u5f04 # 弄
u6717 # 朗

u697c # 楼
u6994 # 榔
u6d6a # 浪
u6f0f # 漏
u7262 # 牢

u72fc # 狼
u7bed # 篭
u8001 # 老
u807e # 聾
u874b # 蝋

u90ce # 郎
u516d # 六
u9e93 # 麓
u7984 # 禄
u808b # 肋

u9332 # 録
u8ad6 # 論
u502d # 倭
u548c # 和
u8a71 # 話

u6b6a # 歪
u8cc4 # 賄
u8107 # 脇
u60d1 # 惑
u67a0 # 枠

u9df2 # 鷲
u4e99 # 亙
u4e98 # 亘
u9c10 # 鰐
u8a6b # 詫

u85c1 # 藁
u8568 # 蕨
u6900 # 椀
u6e7e # 湾
u7897 # 碗

u8155 # 腕
