# 1区
u3000 # 全角スペース
u3001 # 、
u3002 # 。
#uff0c # ，
#uff0e # ．
u30fb # ・
#uff1a # ：
#uff1b # ；
#uff1f # ？
#uff01 # ！
u309b # ゛
u309c # ゜
u00b4 # ´
#uff40 # ｀
u00a8 # ¨
#uff3e # ＾
uffe3 # ￣
#uff3f # ＿
u30fd # ヽ
u30fe # ヾ
u309d # ゝ
u309e # ゞ
u3003 # 〃
u4edd # 仝
u3005 # 々
u3006 # 〆
u3007 # 〇
u30fc # ー
u2015 # ―
u2010 # ‐
#uff0f # ／
#uff3c # ＼
u301c # 〜
u2016 # ‖
#uff5c # ｜
u2026 # …
u2025 # ‥
u2018 # ‘
u2019 # ’
u201c # “
u201d # ”
#uff08 # （
#uff09 # ）
u3014 # 〔
u3015 # 〕
#uff3b # ［
#uff3d # ］
#uff5b # ｛
#uff5d # ｝
u3008 # 〈
u3009 # 〉
u300a # 《
u300b # 》
u300c # 「
u300d # 」
u300e # 『
u300f # 』
u3010 # 【
u3011 # 】
#uff0b # ＋
u2212 # −
u00b1 # ±
u00d7 # ×
u00f7 # ÷
#uff1d # ＝
u2260 # ≠
#uff1c # ＜
#uff1e # ＞
u2266 # ≦
u2267 # ≧
u221e # ∞
u2234 # ∴
u2642 # ♂
u2640 # ♀
u00b0 # °
u2032 # ′
u2033 # ″
u2103 # ℃
uffe5 # ¥
#uff04 # ＄
u00a2 # ¢
u00a3 # £
#uff05 # ％
#uff03 # ＃
#uff06 # ＆
#uff0a # ＊
#uff20 # ＠
u00a7 # §
u2606 # ☆
u2605 # ★
u25cb # ○
u25cf # ●
u25ce # ◎
u25c7 # ◇

# 2区
u25c6 # ◆
u25a1 # □
u25a0 # ■
u25b3 # △
u25b2 # ▲
u25bd # ▽
u25bc # ▼
u203b # ※
u3012 # 〒
u2192 # →
u2190 # ←
u2191 # ↑
u2193 # ↓
u3013 # 〓
u2208 # ∈
u220b # ∋
u2286 # ⊆
u2287 # ⊇
u2282 # ⊂
u2283 # ⊃
u222a # ∪
u2229 # ∩
u2227 # ∧
u2228 # ∨
u00ac # ¬
u21d2 # ⇒
u21d4 # ⇔
u2200 # ∀
u2203 # ∃
u2220 # ∠
u22a5 # ⊥
u2312 # ⌒
u2202 # ∂
u2207 # ∇
u2261 # ≡
u2252 # ≒
u226a # ≪
u226b # ≫
u221a # √
u223d # ∽
u221d # ∝
u2235 # ∵
u222b # ∫
u222c # ∬
u212b # Å
u2030 # ‰
u266f # ♯
u266d # ♭
u266a # ♪
u2020 # †
u2021 # ‡
u00b6 # ¶
u25ef # ◯

# 3区
#uff10 # ０
#uff11 # １
#uff12 # ２
#uff13 # ３
#uff14 # ４
#uff15 # ５
#uff16 # ６
#uff17 # ７
#uff18 # ８
#uff19 # ９

#uff21 # Ａ
#uff22 # Ｂ
#uff23 # Ｃ
#uff24 # Ｄ
#uff25 # Ｅ
#uff26 # Ｆ
#uff27 # Ｇ
#uff28 # Ｈ
#uff29 # Ｉ
#uff2a # Ｊ
#uff2b # Ｋ
#uff2c # Ｌ
#uff2d # Ｍ
#uff2e # Ｎ
#uff2f # Ｏ
#uff30 # Ｐ
#uff31 # Ｑ
#uff32 # Ｒ
#uff33 # Ｓ
#uff34 # Ｔ
#uff35 # Ｕ
#uff36 # Ｖ
#uff37 # Ｗ
#uff38 # Ｘ
#uff39 # Ｙ
#uff3a # Ｚ

#uff41 # ａ
#uff42 # ｂ
#uff43 # ｃ
#uff44 # ｄ
#uff45 # ｅ
#uff46 # ｆ
#uff47 # ｇ
#uff48 # ｈ
#uff49 # ｉ
#uff4a # ｊ
#uff4b # ｋ
#uff4c # ｌ
#uff4d # ｍ
#uff4e # ｎ
#uff4f # ｏ
#uff50 # ｐ
#uff51 # ｑ
#uff52 # ｒ
#uff53 # ｓ
#uff54 # ｔ
#uff55 # ｕ
#uff56 # ｖ
#uff57 # ｗ
#uff58 # ｘ
#uff59 # ｙ
#uff5a # ｚ

# 4区
u3041 # ぁ
u3042 # あ
u3043 # ぃ
u3044 # い
u3045 # ぅ
u3046 # う
u3047 # ぇ
u3048 # え
u3049 # ぉ
u304a # お

u304b # か
u304c # が
u304d # き
u304e # ぎ
u304f # く
u3050 # ぐ
u3051 # け
u3052 # げ
u3053 # こ
u3054 # ご

u3055 # さ
u3056 # ざ
u3057 # し
u3058 # じ
u3059 # す
u305a # ず
u305b # せ
u305c # ぜ
u305d # そ
u305e # ぞ

u305f # た
u3060 # だ
u3061 # ち
u3062 # ぢ
u3063 # っ
u3064 # つ
u3065 # づ
u3066 # て
u3067 # で
u3068 # と
u3069 # ど

u306a # な
u306b # に
u306c # ぬ
u306d # ね
u306e # の

u306f # は
u3070 # ば
u3071 # ぱ
u3072 # ひ
u3073 # び
u3074 # ぴ
u3075 # ふ
u3076 # ぶ
u3077 # ぷ
u3078 # へ
u3079 # べ
u307a # ぺ
u307b # ほ
u307c # ぼ
u307d # ぽ

u307e # ま
u307f # み
u3080 # む
u3081 # め
u3082 # も

u3083 # ゃ
u3084 # や
u3085 # ゅ
u3086 # ゆ
u3087 # ょ
u3088 # よ

u3089 # ら
u308a # り
u308b # る
u308c # れ
u308d # ろ

u308e # ゎ
u308f # わ
u3090 # ゐ
u3091 # ゑ
u3092 # を
u3093 # ん

# 6区
u30a1 # ァ
u30a2 # ア
u30a3 # ィ
u30a4 # イ
u30a5 # ゥ
u30a6 # ウ
u30a7 # ェ
u30a8 # エ
u30a9 # ォ
u30aa # オ

u30ab # カ
u30ac # ガ
u30ad # キ
u30ae # ギ
u30af # ク
u30b0 # グ
u30b1 # ケ
u30b2 # ゲ
u30b3 # コ
u30b4 # ゴ

u30b5 # サ
u30b6 # ザ
u30b7 # シ
u30b8 # ジ
u30b9 # ス
u30ba # ズ
u30bb # セ
u30bc # ゼ
u30bd # ソ
u30be # ゾ

u30bf # タ
u30c0 # ダ
u30c1 # チ
u30c2 # ヂ
u30c3 # ッ
u30c4 # ツ
u30c5 # ヅ
u30c6 # テ
u30c7 # デ
u30c8 # ト
u30c9 # ド

u30ca # ナ
u30cb # ニ
u30cc # ヌ
u30cd # ネ
u30ce # ノ

u30cf # ハ
u30d0 # バ
u30d1 # パ
u30d2 # ヒ
u30d3 # ビ
u30d4 # ピ
u30d5 # フ
u30d6 # ブ
u30d7 # プ
u30d8 # ヘ
u30d9 # ベ
u30da # ペ
u30db # ホ
u30dc # ボ
u30dd # ポ

u30de # マ
u30df # ミ
u30e0 # ム
u30e1 # メ
u30e2 # モ

u30e3 # ャ
u30e4 # ヤ
u30e5 # ュ
u30e6 # ユ
u30e7 # ョ
u30e8 # ヨ

u30e9 # ラ
u30ea # リ
u30eb # ル
u30ec # レ
u30ed # ロ

u30ee # ヮ
u30ef # ワ
u30f0 # ヰ
u30f1 # ヱ
u30f2 # ヲ
u30f3 # ン

u30f4 # ヴ
u30f5 # ヵ
u30f6 # ヶ
