# 14区

u4ff1 # 俱
u2000b # 𠀋
u3402 # 㐂
u4e28 # 丨
u4e2f # 丯

u4e30 # 丰
u4e8d # 亍
u4ee1 # 仡
u4efd # 份
u4eff # 仿

u4f03 # 伃
u4f0b # 伋
u4f60 # 你
u4f48 # 佈
u4f49 # 佉

u4f56 # 佖
u4f5f # 佟
u4f6a # 佪
u4f6c # 佬
u4f7e # 佾

u4f8a # 侊
u4f94 # 侔
u4f97 # 侗
ufa30 # 侮
u4fc9 # 俉

u4fe0 # 俠
u5001 # 倁
u5002 # 倂
u500e # 倎
u5018 # 倘

u5027 # 倧
u502e # 倮
u5040 # 偀
u503b # 倻
u5041 # 偁

u5094 # 傔
u50cc # 僌
u50f2 # 僲
u50d0 # 僐
u50e6 # 僦

ufa31 # 僧
u5106 # 儆
u5103 # 儃
u510b # 儋
u511e # 儞

u5135 # 儵
u514a # 兊
ufa32 # 免
u5155 # 兕
u5157 # 兗

u34b5 # 㒵
u519d # 冝
u51c3 # 凃
u51ca # 凊
u51de # 凞

u51e2 # 凢
u51ee # 凮
u5201 # 刁
u34db # 㓛
u5213 # 刓

u5215 # 刕
u5249 # 剉
u5257 # 剗
u5261 # 剡
u5293 # 劓

u52c8 # 勈
ufa33 # 勉
u52cc # 勌
u52d0 # 勐
u52d6 # 勖

u52db # 勛
ufa34 # 勤
u52f0 # 勰
u52fb # 勻
u5300 # 匀

u5307 # 匇
u531c # 匜
ufa35 # 卑
u5361 # 卡
u5363 # 卣

u537d # 卽
u5393 # 厓
u539d # 厝
u53b2 # 厲
u5412 # 吒

u5427 # 吧
u544d # 呍
u549c # 咜
u546b # 呫
u5474 # 呴

u547f # 呿
u5488 # 咈
u5496 # 咖
u54a1 # 咡

# 15区

u54a9 # 咩
u54c6 # 哆
u54ff # 哿
u550e # 唎
u552b # 唫

u5535 # 唵
u5550 # 啐
u555e # 啞
u5581 # 喁
u5586 # 喆

u558e # 喎
ufa36 # 喝
u55ad # 喭
u55ce # 嗎
ufa37 # 嘆

u5608 # 嘈
u560e # 嘎
u563b # 嘻
u5649 # 噉
u5676 # 噶

u5666 # 噦
ufa38 # 器
u566f # 噯
u5671 # 噱
u5672 # 噲

u5699 # 嚙
u569e # 嚞
u56a9 # 嚩
u56ac # 嚬
u56b3 # 嚳

u56c9 # 囉
u56ca # 囊
u570a # 圊
u2123d # 𡈽
u5721 # 圡

u572f # 圯
u5733 # 圳
u5734 # 圴
u5770 # 坰
u5777 # 坷

u577c # 坼
u579c # 垜
ufa0f # 﨏
u2131b # 𡌛
u57b8 # 垸

u57c7 # 埇
u57c8 # 埈
u57cf # 埏
u57e4 # 埤
u57ed # 埭

u57f5 # 埵
u57f6 # 埶
u57ff # 埿
u5809 # 堉
ufa10 # 塚

u5861 # 塡
u5864 # 塤
ufa39 # 塀
u587c # 塼
u5889 # 墉

u589e # 增
ufa3a # 墨
u58a9 # 墩
u2146e # 𡑮
u58d2 # 壒

u58ce # 壎
u58d4 # 壔
u58da # 壚
u58e0 # 壠
u58e9 # 壩

u590c # 夌
u8641 # 虁
u595d # 奝
u596d # 奭
u598b # 妋

u5992 # 妒
u59a4 # 妤
u59c3 # 姃
u59d2 # 姒
u59dd # 姝

u5a13 # 娓
u5a23 # 娣
u5a67 # 婧
u5a6d # 婭
u5a77 # 婷

u5a7e # 婾
u5a84 # 媄
u5a9e # 媞
u5aa7 # 媧
u5ac4 # 嫄

u218bd # 𡢽
u5b19 # 嬙
u5b25 # 嬥
u525d # 剝

# 47区

u20b9f # 𠮟
u5b41 # 孁
u5b56 # 孖
u5b7d # 孽

u5b93 # 宓
u5bd8 # 寘
u5bec # 寬
u5c12 # 尒
u5c1e # 尞

u5c23 # 尣
u5c2b # 尫
u378d # 㞍
u5c62 # 屢
ufa3b # 層

ufa3c # 屮
u216b4 # 𡚴
u5c7a # 屺
u5c8f # 岏
u5c9f # 岟

u5ca3 # 岣
u5caa # 岪
u5cba # 岺
u5ccb # 峋
u5cd0 # 峐

u5cd2 # 峒
u5cf4 # 峴
u21e34 # 𡸴
u37e2 # 㟢
u5d0d # 崍

u5d27 # 崧
ufa11 # 﨑
u5d46 # 嵆
u5d47 # 嵇
u5d53 # 嵓

u5d4a # 嵊
u5d6d # 嵭
u5d81 # 嶁
u5da0 # 嶠
u5da4 # 嶤

u5da7 # 嶧
u5db8 # 嶸
u5dcb # 巋
u541e # 吞

# 84区

u5653 # 噓
u5de2 # 巢
u5e14 # 帔
u5e18 # 帘

u5e58 # 幘
u5e5e # 幞
u5ebe # 庾
uf928 # 廊
u5ecb # 廋

u5ef9 # 廹
u5f00 # 开
u5f02 # 异
u5f07 # 弇
u5f1d # 弝

u5f23 # 弣
u5f34 # 弴
u5f36 # 弶
u5f3d # 弽
u5f40 # 彀

u5f45 # 彅
u5f54 # 彔
u5f58 # 彘
u5f64 # 彤
u5f67 # 彧

u5f7d # 彽
u5f89 # 徉
u5f9c # 徜
u5fa7 # 徧
u5faf # 徯

u5fb5 # 徵
u5fb7 # 德
u5fc9 # 忉
u5fde # 忞
u5fe1 # 忡

u5fe9 # 忩
u600d # 怍
u6014 # 怔
u6018 # 怘
u6033 # 怳

u6035 # 怵
u6047 # 恇
ufa3d # 悔
u609d # 悝
u609e # 悞

u60cb # 惋
u60d4 # 惔
u60d5 # 惕
u60dd # 惝
u60f8 # 惸

u611c # 愜
u612b # 愫
u6130 # 愰
u6137 # 愷
ufa3e # 慨

u618d # 憍
ufa3f # 憎
u61bc # 憼
u61b9 # 憹
ufa40 # 懲

u6222 # 戢
u623e # 戾
u6243 # 扃
u6256 # 扖
u625a # 扚

u626f # 扯
u6285 # 抅
u62c4 # 拄
u62d6 # 拖
u62fc # 拼

u630a # 挊
u6318 # 挘
u6339 # 挹
u6343 # 捃
u6365 # 捥

u637c # 捼
u63e5 # 揥
u63ed # 揭
u63f5 # 揵
u6410 # 搐

u6414 # 搔
u6422 # 搢
u6479 # 摹
u6451 # 摑
u6460 # 摠

u646d # 摭
u64ce # 擎
u64be # 撾
u64bf # 撿

# 85区

u64c4 # 擄
u64ca # 擊
u64d0 # 擐
u64f7 # 擷
u64fb # 擻

u6522 # 攢
u6529 # 攩
ufa41 # 敏
u6567 # 敧
u659d # 斝

ufa42 # 既
u6600 # 昀
u6609 # 昉
u6615 # 昕
u661e # 昞

u663a # 昺
u6622 # 昢
u6624 # 昤
u662b # 昫
u6630 # 昰

u6631 # 昱
u6633 # 昳
u66fb # 曻
u6648 # 晈
u664c # 晌

u231c4 # 𣇄
u6659 # 晙
u665a # 晚
u6661 # 晡
u6665 # 晥

u6673 # 晳
u6677 # 晷
u6678 # 晸
u668d # 暍
ufa43 # 暑

u66a0 # 暠
u66b2 # 暲
u66bb # 暻
u66c6 # 曆
u66c8 # 曈

u3b22 # 㬢
u66db # 曛
u66e8 # 曨
u66fa # 曺
u6713 # 朓

uf929 # 朗
u6733 # 朳
u6766 # 杦
u6747 # 杇
u6748 # 杈

u677b # 杻
u6781 # 极
u6793 # 枓
u6798 # 枘
u679b # 枛

u67bb # 枻
u67f9 # 柹
u67c0 # 柀
u67d7 # 柗
u67fc # 柼

u6801 # 栁
u6852 # 桒
u681d # 栝
u682c # 栬
u6831 # 栱

u685b # 桛
u6872 # 桲
u6875 # 桵
ufa44 # 梅
u68a3 # 梣

u68a5 # 梥
u68b2 # 梲
u68c8 # 棈
u68d0 # 棐
u68e8 # 棨

u68ed # 棭
u68f0 # 棰
u68f1 # 棱
u68fc # 棼
u690a # 椊

u6949 # 楉
u235c4 # 𣗄
u6935 # 椵
u6942 # 楂
u6957 # 楗

u6963 # 楣
u6964 # 楤
u6968 # 楨
u6980 # 榀
ufa14 # 﨔

u69a5 # 榥
u69ad # 榭
u69cf # 槏
u3bb6 # 㮶

# 86区

u3bc3 # 㯃
u69e2 # 槢
u69e9 # 槩
u69ea # 槪
u69f5 # 槵

u69f6 # 槶
u6a0f # 樏
u6a15 # 樕
u2373f # 𣜿
u6a3b # 樻

u6a3e # 樾
u6a45 # 橅
u6a50 # 橐
u6a56 # 橖
u6a5b # 橛

u6a6b # 橫
u6a73 # 橳
u23763 # 𣝣
u6a89 # 檉
u6a94 # 檔

u6a9d # 檝
u6a9e # 檞
u6aa5 # 檥
u6ae4 # 櫤
u6ae7 # 櫧

u3c0f # 㰏
uf91d # 欄
u6b1b # 欛
u6b1e # 欞
u6b2c # 欬

u6b35 # 欵
u6b46 # 歆
u6b56 # 歖
u6b60 # 歠
u6b65 # 步

u6b67 # 歧
u6b77 # 歷
u6b82 # 殂
u6ba9 # 殩
u6bad # 殭

uf970 # 殺
u6bcf # 每
u6bd6 # 毖
u6bd7 # 毗
u6bff # 毿

u6c05 # 氅
u6c10 # 氐
u6c33 # 氳
u6c59 # 汙
u6c5c # 汜

u6caa # 沪
u6c74 # 汴
u6c76 # 汶
u6c85 # 沅
u6c86 # 沆

u6c98 # 沘
u6c9c # 沜
u6cfb # 泻
u6cc6 # 泆
u6cd4 # 泔

u6ce0 # 泠
u6ceb # 泫
u6cee # 泮
u23cfe # 𣳾
u6d04 # 洄

u6d0e # 洎
u6d2e # 洮
u6d31 # 洱
u6d39 # 洹
u6d3f # 洿

u6d58 # 浘
u6d65 # 浥
ufa45 # 海
u6d82 # 涂
u6d87 # 涇

u6d89 # 涉
u6d94 # 涔
u6daa # 涪
u6dac # 涬
u6dbf # 涿

u6dc4 # 淄
u6dd6 # 淖
u6dda # 淚
u6ddb # 淛
u6ddd # 淝

u6dfc # 淼
ufa46 # 渚
u6e34 # 渴
u6e44 # 湄
u6e5c # 湜

u6e5e # 湞
u6eab # 溫
u6eb1 # 溱
u6ec1 # 滁

# 87区

u6ec7 # 滇
u6ece # 滎
u6f10 # 漐
u6f1a # 漚
ufa47 # 漢

u6f2a # 漪
u6f2f # 漯
u6f33 # 漳
u6f51 # 潑
u6f59 # 潙

u6f5e # 潞
u6f61 # 潡
u6f62 # 潢
u6f7e # 潾
u6f88 # 澈

u6f8c # 澌
u6f8d # 澍
u6f94 # 澔
u6fa0 # 澠
u6fa7 # 澧

u6fb6 # 澶
u6fbc # 澼
u6fc7 # 濇
u6fca # 濊
u6ff9 # 濹

u6ff0 # 濰
u6ff5 # 濵
u7005 # 瀅
u7006 # 瀆
u7028 # 瀨

u704a # 灊
u705d # 灝
u705e # 灞
u704e # 灎
u7064 # 灤

u7075 # 灵
u7085 # 炅
u70a4 # 炤
u70ab # 炫
u70b7 # 炷

u70d4 # 烔
u70d8 # 烘
u70e4 # 烤
u710f # 焏
u712b # 焫

u711e # 焞
u7120 # 焠
u712e # 焮
u7130 # 焰
u7146 # 煆

u7147 # 煇
u7151 # 煑
ufa48 # 煮
u7152 # 煒
u715c # 煜

u7160 # 煠
u7168 # 煨
ufa15 # 凞
u7185 # 熅
u7187 # 熇

u7192 # 熒
u71c1 # 燁
u71ba # 熺
u71c4 # 燄
u71fe # 燾

u7200 # 爀
u7215 # 爕
u7255 # 牕
u7256 # 牖
u3e3f # 㸿

u728d # 犍
u729b # 犛
u72be # 犾
u72c0 # 狀
u72fb # 狻

u247f1 # 𤟱
u7327 # 猧
u7328 # 猨
ufa16 # 猪
u7350 # 獐

u7366 # 獦
u737c # 獼
u7395 # 玕
u739f # 玟
u73a0 # 玠

u73a2 # 玢
u73a6 # 玦
u73ab # 玫
u73c9 # 珉
u73cf # 珏

u73d6 # 珖
u73d9 # 珙
u73e3 # 珣
u73e9 # 珩

# 88区

u7407 # 琇
u740a # 琊
u741a # 琚
u741b # 琛
ufa4a # 琢

u7426 # 琦
u7428 # 琨
u742a # 琪
u742b # 琫
u742c # 琬

u742e # 琮
u742f # 琯
u7430 # 琰
u7444 # 瑄
u7446 # 瑆

u7447 # 瑇
u744b # 瑋
u7457 # 瑗
u7462 # 瑢
u746b # 瑫

u746d # 瑭
u7486 # 璆
u7487 # 璇
u7489 # 璉
u7498 # 璘

u749c # 璜
u749f # 璟
u74a3 # 璣
u7490 # 璐
u74a6 # 璦

u74a8 # 璨
u74a9 # 璩
u74b5 # 璵
u74bf # 璿
u74c8 # 瓈

u74c9 # 瓉
u74da # 瓚
u74ff # 瓿
u7501 # 甁
u7517 # 甗

u752f # 甯
u756f # 畯
u7579 # 畹
u7592 # 疒
u3f72 # 㽲

u75ce # 痎
u75e4 # 痤
u7600 # 瘀
u7602 # 瘂
u7608 # 瘈

u7615 # 瘕
u7616 # 瘖
u7619 # 瘙
u761e # 瘞
u762d # 瘭

u7635 # 瘵
u7643 # 癃
u764b # 癋
u7664 # 癤
u7665 # 癥

u766d # 癭
u766f # 癯
u7671 # 癱
u7681 # 皁
u769b # 皛

u769d # 皝
u769e # 皞
u76a6 # 皦
u76aa # 皪
u76b6 # 皶

u76c5 # 盅
u76cc # 盌
u76ce # 盎
u76d4 # 盔
u76e6 # 盦

u76f1 # 盱
u76fc # 盼
u770a # 眊
u7719 # 眙
u7734 # 眴

u7736 # 眶
u7746 # 睆
u774d # 睍
u774e # 睎
u775c # 睜

u775f # 睟
u7762 # 睢
u777a # 睺
u7780 # 瞀
u7794 # 瞔

u77aa # 瞪
u77e0 # 矠
u782d # 砭
u2548e # 𥒎

# 89区

u7843 # 硃
u784e # 硎
u784f # 硏
u7851 # 硑
u7868 # 硨

u786e # 确
ufa4b # 碑
u78b0 # 碰
u2550e # 𥔎
u78ad # 碭

u78e4 # 磤
u78f2 # 磲
u7900 # 礀
u78f7 # 磷
u791c # 礜

u792e # 礮
u7931 # 礱
u7934 # 礴
ufa4c # 社
ufa4d # 祉

u7945 # 祅
u7946 # 祆
ufa4e # 祈
ufa4f # 祐
ufa50 # 祖

u795c # 祜
ufa51 # 祝
ufa19 # 神
ufa1a # 祥
u7979 # 祹

ufa52 # 禍
ufa53 # 禎
ufa1b # 福
u7998 # 禘
u79b1 # 禱

u79b8 # 禸
u79c8 # 秈
u79ca # 秊
u25771 # 𥝱
u79d4 # 秔

u79de # 秞
u79eb # 秫
u79ed # 秭
u7a03 # 稃
ufa54 # 穀

u7a39 # 稹
u7a5d # 穝
u7a6d # 穭
ufa55 # 突
u7a85 # 窅

u7aa0 # 窠
u259c4 # 𥧄
u7ab3 # 窳
u7abb # 窻
u7ace # 竎

u7aeb # 竫
u7afd # 竽
u7b12 # 笒
u7b2d # 笭
u7b3b # 笻

u7b47 # 筇
u7b4e # 筎
u7b60 # 筠
u7b6d # 筭
u7b6f # 筯

u7b72 # 筲
u7b9e # 箞
ufa56 # 節
u7bd7 # 篗
u7bd9 # 篙

u7c01 # 簁
u7c31 # 簱
u7c1e # 簞
u7c20 # 簠
u7c33 # 簳

u7c36 # 簶
u4264 # 䉤
u25da1 # 𥶡
u7c59 # 籙
u7c6d # 籭

u7c79 # 籹
u7c8f # 粏
u7c94 # 粔
u7ca0 # 粠
u7cbc # 粼

u7cd5 # 糕
u7cd9 # 糙
u7cdd # 糝
u7d07 # 紇
u7d08 # 紈

u7d13 # 紓
u7d1d # 紝
u7d23 # 紣
u7d31 # 紱

# 90区

u7d41 # 絁
u7d48 # 絈
u7d53 # 絓
u7d5c # 絜
u7d7a # 絺

u7d83 # 綃
u7d8b # 綋
u7da0 # 綠
u7da6 # 綦
u7dc2 # 緂

u7dcc # 緌
u7dd6 # 緖
u7de3 # 緣
ufa57 # 練
u7e28 # 縨

u7e08 # 縈
u7e11 # 縑
u7e15 # 縕
ufa59 # 繁
u7e47 # 繇

u7e52 # 繒
u7e61 # 繡
u7e8a # 纊
u7e8d # 纍
u7f47 # 罇

ufa5a # 署
u7f91 # 羑
u7f97 # 羗
u7fbf # 羿
u7fce # 翎

u7fdb # 翛
u7fdf # 翟
u7fec # 翬
u7fee # 翮
u7ffa # 翺

ufa5b # 者
u8014 # 耔
u8026 # 耦
u8035 # 耵
u8037 # 耷

u803c # 耼
u80ca # 胊
u80d7 # 胗
u80e0 # 胠
u80f3 # 胳

u8118 # 脘
u814a # 腊
u8160 # 腠
u8167 # 腧
u8168 # 腨

u816d # 腭
u81bb # 膻
u81ca # 臊
u81cf # 臏
u81d7 # 臗

ufa5c # 臭
u4453 # 䑓
u445b # 䑛
u8260 # 艠
u8274 # 艴

u26aff # 𦫿
u828e # 芎
u82a1 # 芡
u82a3 # 芣
u82a4 # 芤

u82a9 # 芩
u82ae # 芮
u82b7 # 芷
u82be # 芾
u82bf # 芿

u82c6 # 苆
u82d5 # 苕
u82fd # 苽
u82fe # 苾
u8300 # 茀

u8301 # 茁
u8362 # 荢
u8322 # 茢
u832d # 茭
u833a # 茺

u8343 # 荃
u8347 # 荇
u8351 # 荑
u8355 # 荕
u837d # 荽

u8386 # 莆
u8392 # 莒
u8398 # 莘
u83a7 # 莧
u83a9 # 莩

u83bf # 莿
u83c0 # 菀
u83c7 # 菇
u83cf # 菏

# 91区

u83d1 # 菑
u83e1 # 菡
u83ea # 菪
u8401 # 萁
u8406 # 萆

u840a # 萊
ufa5f # 著
u8448 # 葈
u845f # 葟
u8470 # 葰

u8473 # 葳
u8485 # 蒅
u849e # 蒞
u84af # 蒯
u84b4 # 蒴

u84ba # 蒺
u84c0 # 蓀
u84c2 # 蓂
u26e40 # 𦹀
u8532 # 蔲

u851e # 蔞
u8523 # 蔣
u852f # 蔯
u8559 # 蕙
u8564 # 蕤

ufa1f # 﨟
u85ad # 薭
u857a # 蕺
u858c # 薌
u858f # 薏

u85a2 # 薢
u85b0 # 薰
u85cb # 藋
u85ce # 藎
u85ed # 藭

u8612 # 蘒
u85ff # 藿
u8604 # 蘄
u8605 # 蘅
u8610 # 蘐

u270f4 # 𧃴
u8618 # 蘘
u8629 # 蘩
u8638 # 蘸
u8657 # 虗

u865b # 虛
uf936 # 虜
u8662 # 虢
u459d # 䖝
u866c # 虬

u8675 # 虵
u8698 # 蚘
u86b8 # 蚸
u86fa # 蛺
u86fc # 蛼

u86fd # 蛽
u870b # 蜋
u8771 # 蝱
u8787 # 螇
u8788 # 螈

u87ac # 螬
u87ad # 螭
u87b5 # 螵
u45ea # 䗪
u87d6 # 蟖

u87ec # 蟬
u8806 # 蠆
u880a # 蠊
u8810 # 蠐
u8814 # 蠔

u881f # 蠟
u8898 # 袘
u88aa # 袪
u88ca # 裊
u88ce # 裎

u27684 # 𧚄
u88f5 # 裵
u891c # 褜
ufa60 # 褐
u8918 # 褘

u8919 # 褙
u891a # 褚
u8927 # 褧
u8930 # 褰
u8932 # 褲

u8939 # 褹
u8940 # 襀
u8994 # 覔
ufa61 # 視
u89d4 # 觔

u89e5 # 觥
u89f6 # 觶
u8a12 # 訒
u8a15 # 訕

# 92区

u8a22 # 訢
u8a37 # 訷
u8a47 # 詇
u8a4e # 詎
u8a5d # 詝

u8a61 # 詡
u8a75 # 詵
u8a79 # 詹
u8aa7 # 誧
u8ad0 # 諐

u8adf # 諟
u8af4 # 諴
u8af6 # 諶
ufa22 # 諸
ufa62 # 謁

ufa63 # 謹
u8b46 # 譆
u8b54 # 譔
u8b59 # 譙
u8b69 # 譩

u8b9d # 讝
u8c49 # 豉
u8c68 # 豨
ufa64 # 賓
u8ce1 # 賡

u8cf4 # 賴
u8cf8 # 賸
u8cfe # 賾
ufa65 # 贈
u8d12 # 贒

u8d1b # 贛
u8daf # 趯
u8dce # 跎
u8dd1 # 跑
u8dd7 # 跗

u8e20 # 踠
u8e23 # 踣
u8e3d # 踽
u8e70 # 蹰
u8e7b # 蹻

u28277 # 𨉷
u8ec0 # 軀
u4844 # 䡄
u8efa # 軺
u8f1e # 輞

u8f2d # 輭
u8f36 # 輶
u8f54 # 轔
u283cd # 𨏍
u8fa6 # 辦

u8fb5 # 辵
u8fe4 # 迤
u8fe8 # 迨
u8fee # 迮
u9008 # 逈

u902d # 逭
ufa67 # 逸
u9088 # 邈
u9095 # 邕
u9097 # 邗

u9099 # 邙
u909b # 邛
u90a2 # 邢
u90b3 # 邳
u90be # 邾

u90c4 # 郄
u90c5 # 郅
u90c7 # 郇
u90d7 # 郗
u90dd # 郝

u90de # 郞
u90ef # 郯
u90f4 # 郴
ufa26 # 都
u9114 # 鄔

u9115 # 鄕
u9116 # 鄖
u9122 # 鄢
u9123 # 鄣
u9127 # 鄧

u912f # 鄯
u9131 # 鄱
u9134 # 鄴
u913d # 鄽
u9148 # 酈

u915b # 酛
u9183 # 醃
u919e # 醞
u91ac # 醬
u91b1 # 醱

u91bc # 醼
u91d7 # 釗
u91fb # 釻
u91e4 # 釤

# 93区

u91e5 # 釥
u91ed # 釭
u91f1 # 釱
u9207 # 鈇
u9210 # 鈐

u9238 # 鈸
u9239 # 鈹
u923a # 鈺
u923c # 鈼
u9240 # 鉀

u9243 # 鉃
u924f # 鉏
u9278 # 鉸
u9288 # 銈
u92c2 # 鋂

u92cb # 鋋
u92cc # 鋌
u92d3 # 鋓
u92e0 # 鋠
u92ff # 鋿

u9304 # 錄
u931f # 錟
u9321 # 錡
u9325 # 錥
u9348 # 鍈

u9349 # 鍉
u934a # 鍊
u9364 # 鍤
u9365 # 鍥
u936a # 鍪

u9370 # 鍰
u939b # 鎛
u93a3 # 鎣
u93ba # 鎺
u93c6 # 鏆

u93de # 鏞
u93df # 鏟
u9404 # 鐄
u93fd # 鏽
u9433 # 鐳

u944a # 鑊
u9463 # 鑣
u946b # 鑫
u9471 # 鑱
u9472 # 鑲

u958e # 閎
u959f # 閟
u95a6 # 閦
u95a9 # 閩
u95ac # 閬

u95b6 # 閶
u95bd # 閽
u95cb # 闋
u95d0 # 闐
u95d3 # 闓

u49b0 # 䦰
u95da # 闚
u95de # 闞
u9658 # 陘
u9684 # 隄

uf9dc # 隆
u969d # 隝
u96a4 # 隤
u96a5 # 隥
u96d2 # 雒

u96de # 雞
ufa68 # 難
u96e9 # 雩
u96ef # 雯
u9733 # 霳

u973b # 霻
u974d # 靍
u974e # 靎
u974f # 靏
u975a # 靚

u976e # 靮
u9773 # 靳
u9795 # 鞕
u97ae # 鞮
u97ba # 鞺

u97c1 # 韁
u97c9 # 韉
u97de # 韞
u97db # 韛
u97f4 # 韴

ufa69 # 響
u980a # 頊
u981e # 頞
u982b # 頫
u9830 # 頰

ufa6a # 頻
u9852 # 顒
u9853 # 顓
u9856 # 顖

# 94区

u9857 # 顗
u9859 # 顙
u985a # 顚
uf9d0 # 類
u9865 # 顥

u986c # 顬
u98ba # 颺
u98c8 # 飈
u98e7 # 飧
u9958 # 饘

u999e # 馞
u9a02 # 騂
u9a03 # 騃
u9a24 # 騤
u9a2d # 騭

u9a2e # 騮
u9a38 # 騸
u9a4a # 驊
u9a4e # 驎
u9a52 # 驒

u9ab6 # 骶
u9ac1 # 髁
u9ac3 # 髃
u9ace # 髎
u9ad6 # 髖

u9af9 # 髹
u9b02 # 鬂
u9b08 # 鬈
u9b20 # 鬠
u4c17 # 䰗

u9b2d # 鬭
u9b5e # 魞
u9b79 # 魹
u9b66 # 魦
u9b72 # 魲

u9b75 # 魵
u9b84 # 鮄
u9b8a # 鮊
u9b8f # 鮏
u9b9e # 鮞

u9ba7 # 鮧
u9bc1 # 鯁
u9bce # 鯎
u9be5 # 鯥
u9bf8 # 鯸

u9bfd # 鯽
u9c00 # 鰀
u9c23 # 鰣
u9c41 # 鱁
u9c4f # 鱏

u9c50 # 鱐
u9c53 # 鱓
u9c63 # 鱣
u9c65 # 鱥
u9c77 # 鱷

u9d1d # 鴝
u9d1e # 鴞
u9d43 # 鵃
u9d47 # 鵇
u9d52 # 鵒

u9d63 # 鵣
u9d70 # 鵰
u9d7c # 鵼
u9d8a # 鶊
u9d96 # 鶖

u9dc0 # 鷀
u9dac # 鶬
u9dbc # 鶼
u9dd7 # 鷗
u2a190 # 𪆐

u9de7 # 鷧
u9e07 # 鸇
u9e15 # 鸕
u9e7c # 鹼
u9e9e # 麞

u9ea4 # 麤
u9eac # 麬
u9eaf # 麯
u9eb4 # 麴
u9eb5 # 麵

u9ec3 # 黃
u9ed1 # 黑
u9f10 # 鼐
u9f39 # 鼹
u9f57 # 齗

u9f90 # 龐
u9f94 # 龔
u9f97 # 龗
u9fa2 # 龢
u59f8 # 姸

u5c5b # 屛
u5e77 # 幷
u7626 # 瘦
u7e6b # 繫
