# 1区

u20089 # 𠂉
u4e02 # 丂
u4e0f # 丏
u4e12 # 丒
u4e29 # 丩

u4e2b # 丫
u4e2e # 丮
u4e40 # 乀
u4e47 # 乇
u4e48 # 么

u200a2 # 𠂢
u4e51 # 乑
u3406 # 㐆
u200a4 # 𠂤
u4e5a # 乚

u4e69 # 乩
u4e9d # 亝
u342c # 㐬
u342e # 㐮
u4eb9 # 亹

u4ebb # 亻
u201a2 # 𠆢
u4ebc # 亼
u4ec3 # 仃
u4ec8 # 仈

u4ed0 # 仐
u4eeb # 仫
u4eda # 仚
u4ef1 # 仱
u4ef5 # 仵

u4f00 # 伀
u4f16 # 伖
u4f64 # 佤
u4f37 # 伷
u4f3e # 伾

u4f54 # 佔
u4f58 # 佘
u20213 # 𠈓
u4f77 # 佷
u4f78 # 佸

u4f7a # 佺
u4f7d # 佽
u4f82 # 侂
u4f85 # 侅
u4f92 # 侒

u4f9a # 侚
u4fe6 # 俦
u4fb2 # 侲
u4fbe # 侾
u4fc5 # 俅

u4fcb # 俋
u4fcf # 俏
u4fd2 # 俒
u346a # 㑪
u4ff2 # 俲

u5000 # 倀
u5010 # 倐
u5013 # 倓
u501c # 倜
u501e # 倞

u5022 # 倢
u3468 # 㑨
u5042 # 偂
u5046 # 偆
u504e # 偎

u5053 # 偓
u5057 # 偗
u5063 # 偣
u5066 # 偦
u506a # 偪

u5070 # 偰
u50a3 # 傣
u5088 # 傈
u5092 # 傒
u5093 # 傓

u5095 # 傕
u5096 # 傖
u509c # 傜
u50aa # 傪
u2032b # 𠌫

u50b1 # 傱
u50ba # 傺
u50bb # 傻
u50c4 # 僄
u50c7 # 僇

u50f3 # 僳
u20381 # 𠎁
u50ce # 僎
u20371 # 𠍱
u50d4 # 僔

u50d9 # 僙
u50e1 # 僡
u50e9 # 僩
u3492 # 㒒

# 3区

u5108 # 儈
u203f9 # 𠏹
u5117 # 儗
u511b # 儛
u2044a # 𠑊

u5160 # 兠
u20509 # 𠔉
u5173 # 关
u5183 # 冃
u518b # 冋

u34bc # 㒼
u5198 # 冘
u51a3 # 冣
u51ad # 冭
u34c7 # 㓇

u51bc # 冼
u205d6 # 𠗖
u20628 # 𠘨
u51f3 # 凳
u51f4 # 凴

u5202 # 刂
u5212 # 划
u5216 # 刖
u2074f # 𠝏
u5255 # 剕

u525c # 剜
u526c # 剬
u5277 # 剷
u5284 # 劄
u5282 # 劂

u20807 # 𠠇
u5298 # 劘
u2083a # 𠠺
u52a4 # 劤
u52a6 # 劦

u52af # 劯
u52ba # 劺
u52bb # 劻
u52ca # 勊
u351f # 㔟

u52d1 # 勑
u208b9 # 𠢹
u52f7 # 勷
u530a # 匊
u530b # 匋

u5324 # 匤
u5335 # 匵
u533e # 匾
u5342 # 卂
u2097c # 𠥼

u2099d # 𠦝
u5367 # 卧
u536c # 卬
u537a # 卺
u53a4 # 厤

u53b4 # 厴
u20ad3 # 𠫓
u53b7 # 厷
u53c0 # 叀
u20b1d # 𠬝

u355d # 㕝
u355e # 㕞
u53d5 # 叕
u53da # 叚
u3563 # 㕣

u53f4 # 叴
u53f5 # 叵
u5455 # 呕
u5424 # 吤
u5428 # 吨

u356e # 㕮
u5443 # 呃
u5462 # 呢
u5466 # 呦
u546c # 呬

u548a # 咊
u548d # 咍
u5495 # 咕
u54a0 # 咠
u54a6 # 咦

u54ad # 咭
u54ae # 咮
u54b7 # 咷
u54ba # 咺
u54bf # 咿

u54c3 # 哃
u20d45 # 𠵅
u54ec # 哬
u54ef # 哯
u54f1 # 哱

u54f3 # 哳
u5500 # 唀
u5501 # 唁
u5509 # 唉

# 4区

u553c # 唼
u5541 # 啁
u35a6 # 㖦
u5547 # 啇
u554a # 啊

u35a8 # 㖨
u5560 # 啠
u5561 # 啡
u5564 # 啤
u20de1 # 𠷡

u557d # 啽
u5582 # 喂
u5588 # 喈
u5591 # 喑
u35c5 # 㗅

u55d2 # 嗒
u20e95 # 𠺕
u20e6d # 𠹭
u55bf # 喿
u55c9 # 嗉

u55cc # 嗌
u55d1 # 嗑
u55dd # 嗝
u35da # 㗚
u55e2 # 嗢

u20e64 # 𠹤
u55e9 # 嗩
u5628 # 嘨
u20f5f # 𠽟
u5607 # 嘇

u5610 # 嘐
u5630 # 嘰
u5637 # 嘷
u35f4 # 㗴
u563d # 嘽

u563f # 嘿
u5640 # 噀
u5647 # 噇
u565e # 噞
u5660 # 噠

u566d # 噭
u3605 # 㘅
u5688 # 嚈
u568c # 嚌
u5695 # 嚕

u569a # 嚚
u569d # 嚝
u56a8 # 嚨
u56ad # 嚭
u56b2 # 嚲

u56c5 # 囅
u56cd # 囍
u56df # 囟
u56e8 # 囨
u56f6 # 囶

u56f7 # 囷
u21201 # 𡈁
u5715 # 圕
u5723 # 圣
u21255 # 𡉕

u5729 # 圩
u2127b # 𡉻
u5745 # 坅
u5746 # 坆
u574c # 坌

u574d # 坍
u21274 # 𡉴
u5768 # 坨
u576f # 坯
u5773 # 坳

u5774 # 坴
u5775 # 坵
u577b # 坻
u212e4 # 𡋤
u212d7 # 𡋗

u57ac # 垬
u579a # 垚
u579d # 垝
u579e # 垞
u57a8 # 垨

u57d7 # 埗
u212fd # 𡋽
u57cc # 埌
u21336 # 𡌶
u21344 # 𡍄

u57de # 埞
u57e6 # 埦
u57f0 # 埰
u364a # 㙊
u57f8 # 埸

u57fb # 埻
u57fd # 埽
u5804 # 堄
u581e # 堞

# 5区

u5820 # 堠
u5827 # 堧
u5832 # 堲
u5839 # 堹
u213c4 # 𡏄

u5849 # 塉
u584c # 塌
u5867 # 塧
u588a # 墊
u588b # 墋

u588d # 墍
u588f # 墏
u5890 # 墐
u5894 # 墔
u589d # 墝

u58aa # 墪
u58b1 # 墱
u2146d # 𡑭
u58c3 # 壃
u58cd # 壍

u58e2 # 壢
u58f3 # 壳
u58f4 # 壴
u5905 # 夅
u5906 # 夆

u590b # 夋
u590d # 复
u5914 # 夔
u5924 # 夤
u215d7 # 𡗗

u3691 # 㚑
u593d # 夽
u3699 # 㚙
u5946 # 奆
u3696 # 㚖

u26c29 # 𦰩
u595b # 奛
u595f # 奟
u21647 # 𡙇
u5975 # 奵

u5976 # 奶
u597c # 奼
u599f # 妟
u59ae # 妮
u59bc # 妼

u59c8 # 姈
u59cd # 姍
u59de # 姞
u59e3 # 姣
u59e4 # 姤

u59e7 # 姧
u59ee # 姮
u21706 # 𡜆
u21742 # 𡝂
u36cf # 㛏

u5a0c # 娌
u5a0d # 娍
u5a17 # 娗
u5a27 # 娧
u5a2d # 娭

u5a55 # 婕
u5a65 # 婥
u5a7a # 婺
u5a8b # 媋
u5a9c # 媜

u5a9f # 媟
u5aa0 # 媠
u5aa2 # 媢
u5ab1 # 媱
u5ab3 # 媳

u5ab5 # 媵
u5aba # 媺
u5abf # 媿
u5ada # 嫚
u5adc # 嫜

u5ae0 # 嫠
u5ae5 # 嫥
u5af0 # 嫰
u5aee # 嫮
u5af5 # 嫵

u5b00 # 嬀
u5b08 # 嬈
u5b17 # 嬗
u5b34 # 嬴
u5b2d # 嬭

u5b4c # 孌
u5b52 # 孒
u5b68 # 孨
u5b6f # 孯
u5b7c # 孼

u5b7f # 孿
u5b81 # 宁
u5b84 # 宄
u219c3 # 𡧃

# 8区

u5b96 # 宖
u5bac # 宬
u3761 # 㝡
u5bc0 # 寀
u3762 # 㝢

u5bce # 寎
u5bd6 # 寖
u376c # 㝬
u376b # 㝫
u5bf1 # 寱

u5bfd # 寽
u3775 # 㝵
u5c03 # 尃
u5c29 # 尩
u5c30 # 尰

u21c56 # 𡱖
u5c5f # 屟
u5c63 # 屣
u5c67 # 屧
u5c68 # 屨

u5c69 # 屩
u5c70 # 屰
u21d2d # 𡴭
u21d45 # 𡵅
u5c7c # 屼

u21d78 # 𡵸
u21d62 # 𡵢
u5c88 # 岈
u5c8a # 岊
u37c1 # 㟁

u21da1 # 𡶡
u21d9c # 𡶜
u5ca0 # 岠
u5ca2 # 岢
u5ca6 # 岦

u5ca7 # 岧
u21d92 # 𡶒
u5cad # 岭
u5cb5 # 岵
u21db7 # 𡶷

u5cc9 # 峉
u21de0 # 𡷠
u21e33 # 𡸳
u5d06 # 崆
u5d10 # 崐

u5d2b # 崫
u5d1d # 崝
u5d20 # 崠
u5d24 # 崤
u5d26 # 崦

u5d31 # 崱
u5d39 # 崹
u5d42 # 嵂
u37e8 # 㟨
u5d61 # 嵡

u5d6a # 嵪
u37f4 # 㟴
u5d70 # 嵰
u21f1e # 𡼞
u37fd # 㟽

u5d88 # 嶈
u3800 # 㠀
u5d92 # 嶒
u5d94 # 嶔
u5d97 # 嶗

u5d99 # 嶙
u5db0 # 嶰
u5db2 # 嶲
u5db4 # 嶴
u21f76 # 𡽶

u5db9 # 嶹
u5dd1 # 巑
u5dd7 # 巗
u5dd8 # 巘
u5de0 # 巠

u21ffa # 𡿺
u5de4 # 巤
u5de9 # 巩
u382f # 㠯
u5e00 # 帀

u3836 # 㠶
u5e12 # 帒
u5e15 # 帕
u3840 # 㡀
u5e1f # 帟

u5e2e # 帮
u5e3e # 帾
u5e49 # 幉
u385c # 㡜
u5e56 # 幖

u3861 # 㡡
u5e6b # 幫
u5e6c # 幬
u5e6d # 幭

# 12区

u5e6e # 幮
u2217b # 𢅻
u5ea5 # 庥
u5eaa # 庪
u5eac # 庬

u5eb9 # 庹
u5ebf # 庿
u5ec6 # 廆
u5ed2 # 廒
u5ed9 # 廙

u2231e # 𢌞
u5efd # 廽
u5f08 # 弈
u5f0e # 弎
u5f1c # 弜

u223ad # 𢎭
u5f1e # 弞
u5f47 # 彇
u5f63 # 彣
u5f72 # 彲

u5f7e # 彾
u5f8f # 徏
u5fa2 # 徢
u5fa4 # 徤
u5fb8 # 徸

u5fc4 # 忄
u38fa # 㣺
u5fc7 # 忇
u5fcb # 忋
u5fd2 # 忒

u5fd3 # 忓
u5fd4 # 忔
u5fe2 # 忢
u5fee # 忮
u5fef # 忯

u5ff3 # 忳
u5ffc # 忼
u3917 # 㤗
u6017 # 怗
u6022 # 怢

u6024 # 怤
u391a # 㤚
u604c # 恌
u607f # 恿
u608a # 悊

u6095 # 悕
u60a8 # 您
u226f3 # 𢛳
u60b0 # 悰
u60b1 # 悱

u60be # 悾
u60c8 # 惈
u60d9 # 惙
u60db # 惛
u60ee # 惮

u60f2 # 惲
u60f5 # 惵
u6110 # 愐
u6112 # 愒
u6113 # 愓

u6119 # 愙
u611e # 愞
u613a # 愺
u396f # 㥯
u6141 # 慁

u6146 # 慆
u6160 # 慠
u617c # 慼
u2285b # 𢡛
u6192 # 憒

u6193 # 憓
u6197 # 憗
u6198 # 憘
u61a5 # 憥
u61a8 # 憨

u61ad # 憭
u228ab # 𢢫
u61d5 # 懕
u61dd # 懝
u61df # 懟

u61f5 # 懵
u2298f # 𢦏
u6215 # 戕
u6223 # 戣
u6229 # 戩

u6246 # 扆
u624c # 扌
u6251 # 扑
u6252 # 扒
u6261 # 扡

u6264 # 扤
u627b # 扻
u626d # 扭
u6273 # 扳

# 13区

u6299 # 抙
u62a6 # 抦
u62d5 # 拕
u22ab8 # 𢪸
u62fd # 拽

u6303 # 挃
u630d # 挍
u6310 # 挐
u22b4f # 𢭏
u22b50 # 𢭐

u6332 # 挲
u6335 # 挵
u633b # 挻
u633c # 挼
u6341 # 捁

u6344 # 捄
u634e # 捎
u22b46 # 𢭆
u6359 # 捙
u22c1d # 𢰝

u22ba6 # 𢮦
u636c # 捬
u6384 # 掄
u6399 # 掙
u22c24 # 𢰤

u6394 # 掔
u63bd # 掽
u63f7 # 揷
u63d4 # 揔
u63d5 # 揕

u63dc # 揜
u63e0 # 揠
u63eb # 揫
u63ec # 揬
u63f2 # 揲

u6409 # 搉
u641e # 搞
u6425 # 搥
u6429 # 搩
u642f # 搯

u645a # 摚
u645b # 摛
u645d # 摝
u6473 # 摳
u647d # 摽

u6487 # 撇
u6491 # 撑
u649d # 撝
u649f # 撟
u64cb # 擋

u64cc # 擌
u64d5 # 擕
u64d7 # 擗
u22de1 # 𢷡
u64e4 # 擤

u64e5 # 擥
u64ff # 擿
u6504 # 攄
u3a6e # 㩮
u650f # 攏

u6514 # 攔
u6516 # 攖
u3a73 # 㩳
u651e # 攞
u6532 # 攲

u6544 # 敄
u6554 # 敔
u656b # 敫
u657a # 敺
u6581 # 斁

u6584 # 斄
u6585 # 斅
u658a # 斊
u65b2 # 斲
u65b5 # 斵

u65b8 # 斸
u65bf # 斿
u65c2 # 旂
u65c9 # 旉
u65d4 # 旔

u3ad6 # 㫖
u65f2 # 旲
u65f9 # 旹
u65fc # 旼
u6604 # 昄

u6608 # 昈
u6621 # 昡
u662a # 昪
u6645 # 晅
u6651 # 晑

u664e # 晎
u3aea # 㫪
u231c3 # 𣇃
u6657 # 晗

# 14区

u665b # 晛
u6663 # 晣
u231f5 # 𣇵
u231b6 # 𣆶
u666a # 晪

u666b # 晫
u666c # 晬
u666d # 晭
u667b # 晻
u6680 # 暀

u6690 # 暐
u6692 # 暒
u6699 # 暙
u3b0e # 㬎
u66ad # 暭

u66b1 # 暱
u66b5 # 暵
u3b1a # 㬚
u66bf # 暿
u3b1c # 㬜

u66ec # 曬
u3ad7 # 㫗
u6701 # 朁
u6705 # 朅
u6712 # 朒

u23372 # 𣍲
u6719 # 朙
u233d3 # 𣏓
u233d2 # 𣏒
u674c # 杌

u674d # 杍
u6754 # 杔
u675d # 杝
u233d0 # 𣏐
u233e4 # 𣏤

u233d5 # 𣏕
u6774 # 杴
u6776 # 杶
u233da # 𣏚
u6792 # 枒

u233df # 𣏟
u8363 # 荣
u6810 # 栐
u67b0 # 枰
u67b2 # 枲

u67c3 # 柃
u67c8 # 柈
u67d2 # 柒
u67d9 # 柙
u67db # 柛

u67f0 # 柰
u67f7 # 柷
u2344a # 𣑊
u23451 # 𣑑
u2344b # 𣑋

u6818 # 栘
u681f # 栟
u682d # 栭
u23465 # 𣑥
u6833 # 栳

u683b # 栻
u683e # 栾
u6844 # 桄
u6845 # 桅
u6849 # 桉

u684c # 桌
u6855 # 桕
u6857 # 桗
u3b77 # 㭷
u686b # 桫

u686e # 桮
u687a # 桺
u687c # 桼
u6882 # 梂
u6890 # 梐

u6896 # 梖
u3b6d # 㭭
u6898 # 梘
u6899 # 梙
u689a # 梚

u689c # 梜
u68aa # 梪
u68ab # 梫
u68b4 # 梴
u68bb # 梻

u68fb # 棻
u234e4 # 𣓤
u2355a # 𣕚
ufa13 # 﨓
u68c3 # 棃

u68c5 # 棅
u68cc # 棌
u68cf # 棏
u68d6 # 棖

# 15区

u68d9 # 棙
u68e4 # 棤
u68e5 # 棥
u68ec # 棬
u68f7 # 棷

u6903 # 椃
u6907 # 椇
u3b87 # 㮇
u3b88 # 㮈
u23594 # 𣖔

u693b # 椻
u3b8d # 㮍
u6946 # 楆
u6969 # 楩
u696c # 楬

u6972 # 楲
u697a # 楺
u697f # 楿
u6992 # 榒
u3ba4 # 㮤

u6996 # 榖
u6998 # 榘
u69a6 # 榦
u69b0 # 榰
u69b7 # 榷

u69ba # 榺
u69bc # 榼
u69c0 # 槀
u69d1 # 槑
u69d6 # 槖

u23639 # 𣘹
u23647 # 𣙇
u6a30 # 樰
u23638 # 𣘸
u2363a # 𣘺

u69e3 # 槣
u69ee # 槮
u69ef # 槯
u69f3 # 槳
u3bcd # 㯍

u69f4 # 槴
u69fe # 槾
u6a11 # 樑
u6a1a # 樚
u6a1d # 樝

u2371c # 𣜜
u6a32 # 樲
u6a33 # 樳
u6a34 # 樴
u6a3f # 樿

u6a46 # 橆
u6a49 # 橉
u6a7a # 橺
u6a4e # 橎
u6a52 # 橒

u6a64 # 橤
u2370c # 𣜌
u6a7e # 橾
u6a83 # 檃
u6a8b # 檋

u3bf0 # 㯰
u6a91 # 檑
u6a9f # 檟
u6aa1 # 檡
u23764 # 𣝤

u6aab # 檫
u6abd # 檽
u6ac6 # 櫆
u6ad4 # 櫔
u6ad0 # 櫐

u6adc # 櫜
u6add # 櫝
u237ff # 𣟿
u237e7 # 𣟧
u6aec # 櫬

u6af1 # 櫱
u6af2 # 櫲
u6af3 # 櫳
u6afd # 櫽
u23824 # 𣠤

u6b0b # 欋
u6b0f # 欏
u6b10 # 欐
u6b11 # 欑
u2383d # 𣠽

u6b17 # 欗
u3c26 # 㰦
u6b2f # 欯
u6b4a # 歊
u6b58 # 歘

u6b6c # 歬
u6b75 # 歵
u6b7a # 歺
u6b81 # 殁

# 78区

u6b9b # 殛
u6bae # 殮
u23a98 # 𣪘
u6bbd # 殽
u6bbe # 殾

u6bc7 # 毇
u6bc8 # 毈
u6bc9 # 毉
u6bda # 毚
u6be6 # 毦

u6be7 # 毧
u6bee # 毮
u6bf1 # 毱
u6c02 # 氂
u6c0a # 氊

u6c0e # 氎
u6c35 # 氵
u6c36 # 氶
u6c3a # 氺
u23c7f # 𣱿

u6c3f # 氿
u6c4d # 汍
u6c5b # 汛
u6c6d # 汭
u6c84 # 沄

u6c89 # 沉
u3cc3 # 㳃
u6c94 # 沔
u6c95 # 沕
u6c97 # 沗

u6cad # 沭
u6cc2 # 泂
u6cd0 # 泐
u3cd2 # 㳒
u6cd6 # 泖

u6cda # 泚
u6cdc # 泜
u6ce9 # 泩
u6cec # 泬
u6ced # 泭

u23d00 # 𣴀
u6d00 # 洀
u6d0a # 洊
u6d24 # 洤
u6d26 # 洦

u6d27 # 洧
u6c67 # 汧
u6d2f # 洯
u6d3c # 洼
u6d5b # 浛

u6d5e # 浞
u6d60 # 浠
u6d70 # 浰
u6d80 # 涀
u6d81 # 涁

u6d8a # 涊
u6d8d # 涍
u6d91 # 涑
u6d98 # 涘
u23d40 # 𣵀

u6e17 # 渗
u23dfa # 𣷺
u23df9 # 𣷹
u23dd3 # 𣷓
u6dab # 涫

u6dae # 涮
u6db4 # 涴
u6dc2 # 淂
u6d34 # 洴
u6dc8 # 淈

u6dce # 淎
u6dcf # 淏
u6dd0 # 淐
u6ddf # 淟
u6de9 # 淩

u6df6 # 淶
u6e36 # 渶
u6e1e # 渞
u6e22 # 渢
u6e27 # 渧

u3d11 # 㴑
u6e32 # 渲
u6e3c # 渼
u6e48 # 湈
u6e49 # 湉

u6e4b # 湋
u6e4c # 湌
u6e4f # 湏
u6e51 # 湑
u6e53 # 湓

u6e54 # 湔
u6e57 # 湗
u6e63 # 湣
u3d1e # 㴞

# 79区

u6e93 # 溓
u6ea7 # 溧
u6eb4 # 溴
u6ebf # 溿
u6ec3 # 滃

u6eca # 滊
u6ed9 # 滙
u6f35 # 漵
u6eeb # 滫
u6ef9 # 滹

u6efb # 滻
u6f0a # 漊
u6f0c # 漌
u6f18 # 漘
u6f25 # 漥

u6f36 # 漶
u6f3c # 漼
u23f7e # 𣽾
u6f52 # 潒
u6f57 # 潗

u6f5a # 潚
u6f60 # 潠
u6f68 # 潨
u6f98 # 澘
u6f7d # 潽

u6f90 # 澐
u6f96 # 澖
u6fbe # 澾
u6f9f # 澟
u6fa5 # 澥

u6faf # 澯
u3d64 # 㵤
u6fb5 # 澵
u6fc8 # 濈
u6fc9 # 濉

u6fda # 濚
u6fde # 濞
u6fe9 # 濩
u24096 # 𤂖
u6ffc # 濼

u7000 # 瀀
u7007 # 瀇
u700a # 瀊
u7023 # 瀣
u24103 # 𤄃

u7039 # 瀹
u703a # 瀺
u703c # 瀼
u7043 # 灃
u7047 # 灇

u704b # 灋
u3d9a # 㶚
u7054 # 灔
u7065 # 灥
u7069 # 灩

u706c # 灬
u706e # 灮
u7076 # 灶
u707e # 灾
u7081 # 炁

u7086 # 炆
u7095 # 炕
u7097 # 炗
u70bb # 炻
u241c6 # 𤇆

u709f # 炟
u70b1 # 炱
u241fe # 𤇾
u70ec # 烬
u70ca # 烊

u70d1 # 烑
u70d3 # 烓
u70dc # 烜
u7103 # 焃
u7104 # 焄

u7106 # 焆
u7107 # 焇
u7108 # 焈
u710c # 焌
u3dc0 # 㷀

u712f # 焯
u7131 # 焱
u7150 # 煐
u714a # 煊
u7153 # 煓

u715e # 煞
u3dd4 # 㷔
u7196 # 熖
u7180 # 熀
u719b # 熛

u71a0 # 熠
u71a2 # 熢
u71ae # 熮
u71af # 熯

# 80区

u71b3 # 熳
u243bc # 𤎼
u71cb # 燋
u71d3 # 燓
u71d9 # 燙

u71dc # 燜
u7207 # 爇
u3e05 # 㸅
ufa49 # 爫
u722b # 爫

u7234 # 爴
u7238 # 爸
u7239 # 爹
u4e2c # 丬
u7242 # 牂

u7253 # 牓
u7257 # 牗
u7263 # 牣
u24629 # 𤘩
u726e # 牮

u726f # 牯
u7278 # 牸
u727f # 牿
u728e # 犎
u246a5 # 𤚥

u72ad # 犭
u72ae # 犮
u72b0 # 犰
u72b1 # 犱
u72c1 # 狁

u3e60 # 㹠
u72cc # 狌
u3e66 # 㹦
u3e68 # 㹨
u72f3 # 狳

u72fa # 狺
u7307 # 猇
u7312 # 猒
u7318 # 猘
u7319 # 猙

u3e83 # 㺃
u7339 # 猹
u732c # 猬
u7331 # 猱
u7333 # 猳

u733d # 猽
u7352 # 獒
u3e94 # 㺔
u736b # 獫
u736c # 獬

u24896 # 𤢖
u736e # 獮
u736f # 獯
u7371 # 獱
u7377 # 獷

u7381 # 玁
u7385 # 玅
u738a # 玊
u7394 # 玔
u7398 # 玘

u739c # 玜
u739e # 玞
u73a5 # 玥
u73a8 # 玨
u73b5 # 玵

u73b7 # 玷
u73b9 # 玹
u73bc # 玼
u73bf # 玿
u73c5 # 珅

u73cb # 珋
u73e1 # 珡
u73e7 # 珧
u73f9 # 珹
u7413 # 琓

u73fa # 珺
u7401 # 琁
u7424 # 琤
u7431 # 琱
u7439 # 琹

u7453 # 瑓
u7440 # 瑀
u7443 # 瑃
u744d # 瑍
u7452 # 瑒

u745d # 瑝
u7471 # 瑱
u7481 # 璁
u7485 # 璅
u7488 # 璈

u24a4d # 𤩍
u7492 # 璒
u7497 # 璗
u7499 # 璙

# 81区

u74a0 # 璠
u74a1 # 璡
u74a5 # 璥
u74aa # 璪
u74ab # 璫

u74b9 # 璹
u74bb # 璻
u74ba # 璺
u74d6 # 瓖
u74d8 # 瓘

u74de # 瓞
u74ef # 瓯
u74eb # 瓫
u24b56 # 𤭖
u74fa # 瓺

u24b6f # 𤭯
u7520 # 甠
u7524 # 甤
u752a # 甪
u3f57 # 㽗

u24c16 # 𤰖
u753d # 甽
u753e # 甾
u7540 # 畀
u7548 # 畈

u754e # 畎
u7550 # 畐
u7552 # 畒
u756c # 畬
u7572 # 畲

u7571 # 畱
u757a # 畺
u757d # 畽
u757e # 畾
u7581 # 疁

u24d14 # 𤴔
u758c # 疌
u3f75 # 㽵
u75a2 # 疢
u3f77 # 㽷

u75b0 # 疰
u75b7 # 疷
u75bf # 疿
u75c0 # 痀
u75c6 # 痆

u75cf # 痏
u75d3 # 痓
u75dd # 痝
u75df # 痟
u75e0 # 痠

u75e7 # 痧
u75ec # 痬
u75ee # 痮
u75f1 # 痱
u75f9 # 痹

u7603 # 瘃
u7618 # 瘘
u7607 # 瘇
u760f # 瘏
u3fae # 㾮

u24e0e # 𤸎
u7613 # 瘓
u761b # 瘛
u761c # 瘜
u24e37 # 𤸷

u7625 # 瘥
u7628 # 瘨
u763c # 瘼
u7633 # 瘳
u24e6a # 𤹪

u3fc9 # 㿉
u7641 # 癁
u24e8b # 𤺋
u7649 # 癉
u7655 # 癕

u3fd7 # 㿗
u766e # 癮
u7695 # 皕
u769c # 皜
u76a1 # 皡

u76a0 # 皠
u76a7 # 皧
u76a8 # 皨
u76af # 皯
u2504a # 𥁊

u76c9 # 盉
u25055 # 𥁕
u76e8 # 盨
u76ec # 盬
u25122 # 𥄢

u7717 # 眗
u771a # 眚
u772d # 眭
u7735 # 眵

# 82区

u251a9 # 𥆩
u4039 # 䀹
u251e5 # 𥇥
u251cd # 𥇍
u7758 # 睘

u7760 # 睠
u776a # 睪
u2521e # 𥈞
u7772 # 睲
u777c # 睼

u777d # 睽
u2524c # 𥉌
u4058 # 䁘
u779a # 瞚
u779f # 瞟

u77a2 # 瞢
u77a4 # 瞤
u77a9 # 瞩
u77de # 矞
u77df # 矟

u77e4 # 矤
u77e6 # 矦
u77ea # 矪
u77ec # 矬
u4093 # 䂓

u77f0 # 矰
u77f4 # 矴
u77fb # 矻
u2542e # 𥐮
u7805 # 砅

u7806 # 砆
u7809 # 砉
u780d # 砍
u7819 # 砙
u7821 # 砡

u782c # 砬
u7847 # 硇
u7864 # 硤
u786a # 硪
u254d9 # 𥓙

u788a # 碊
u7894 # 碔
u78a4 # 碤
u789d # 碝
u789e # 碞

u789f # 碟
u78bb # 碻
u78c8 # 磈
u78cc # 磌
u78ce # 磎

u78d5 # 磕
u78e0 # 磠
u78e1 # 磡
u78e6 # 磦
u78f9 # 磹

u78fa # 磺
u78fb # 磻
u78fe # 磾
u255a7 # 𥖧
u7910 # 礐

u791b # 礛
u7930 # 礰
u7925 # 礥
u793b # 礻
u794a # 祊

u7958 # 祘
u795b # 祛
u4105 # 䄅
u7967 # 祧
u7972 # 祲

u7994 # 禔
u7995 # 禕
u7996 # 禖
u799b # 禛
u79a1 # 禡

u79a9 # 禩
u79b4 # 禴
u79bb # 离
u79c2 # 秂
u79c7 # 秇

u79cc # 秌
u79cd # 种
u79d6 # 秖
u4148 # 䅈
u257a9 # 𥞩

u257b4 # 𥞴
u414f # 䅏
u7a0a # 稊
u7a11 # 稑
u7a15 # 稕

u7a1b # 稛
u7a1e # 稞
u4163 # 䅣
u7a2d # 稭

# 83区

u7a38 # 稸
u7a47 # 穇
u7a4c # 穌
u7a56 # 穖
u7a59 # 穙

u7a5c # 穜
u7a5f # 穟
u7a60 # 穠
u7a67 # 穧
u7a6a # 穪

u7a75 # 穵
u7a78 # 穸
u7a82 # 窂
u7a8a # 窊
u7a90 # 窐

u7aa3 # 窣
u7aac # 窬
u259d4 # 𥧔
u41b4 # 䆴
u7ab9 # 窹

u7abc # 窼
u7abe # 窾
u41bf # 䆿
u7acc # 竌
u7ad1 # 竑

u7ae7 # 竧
u7ae8 # 竨
u7af4 # 竴
u25ae4 # 𥫤
u25ae3 # 𥫣

u7b07 # 笇
u25af1 # 𥫱
u7b3d # 笽
u7b27 # 笧
u7b2a # 笪

u7b2e # 笮
u7b2f # 笯
u7b31 # 笱
u41e6 # 䇦
u41f3 # 䇳

u7b7f # 筿
u7b41 # 筁
u41ee # 䇮
u7b55 # 筕
u7b79 # 筹

u7b64 # 筤
u7b66 # 筦
u7b69 # 筩
u7b73 # 筳
u25bb2 # 𥮲

u4207 # 䈇
u7b90 # 箐
u7b91 # 箑
u7b9b # 箛
u420e # 䈎

u7baf # 箯
u7bb5 # 箵
u7bbc # 箼
u7bc5 # 篅
u7bca # 篊

u25c4b # 𥱋
u25c64 # 𥱤
u7bd4 # 篔
u7bd6 # 篖
u7bda # 篚

u7bea # 篪
u7bf0 # 篰
u7c03 # 簃
u7c0b # 簋
u7c0e # 簎

u7c0f # 簏
u7c26 # 簦
u7c45 # 籅
u7c4a # 籊
u7c51 # 籑

u7c57 # 籗
u7c5e # 籞
u7c61 # 籡
u7c69 # 籩
u7c6e # 籮

u7c6f # 籯
u7c70 # 籰
u25e2e # 𥸮
u25e56 # 𥹖
u25e65 # 𥹥

u7ca6 # 粦
u25e62 # 𥹢
u7cb6 # 粶
u7cb7 # 粷
u7cbf # 粿

u25ed8 # 𥻘
u7cc4 # 糄
u25ec2 # 𥻂
u7cc8 # 糈

# 84区

u7ccd # 糍
u25ee8 # 𥻨
u7cd7 # 糗
u25f23 # 𥼣
u7ce6 # 糦

u7ceb # 糫
u25f5c # 𥽜
u7cf5 # 糵
u7d03 # 紃
u7d09 # 紉

u42c6 # 䋆
u7d12 # 紒
u7d1e # 紞
u25fe0 # 𥿠
u25fd4 # 𥿔

u7d3d # 紽
u7d3e # 紾
u7d40 # 絀
u7d47 # 絇
u2600c # 𦀌

u25ffb # 𥿻
u42d6 # 䋖
u7d59 # 絙
u7d5a # 絚
u7d6a # 絪

u7d70 # 絰
u42dd # 䋝
u7d7f # 絿
u26017 # 𦀗
u7d86 # 綆

u7d88 # 綈
u7d8c # 綌
u7d97 # 綗
u26060 # 𦁠
u7d9d # 綝

u7da7 # 綧
u7daa # 綪
u7db6 # 綶
u7db7 # 綷
u7dc0 # 緀

u7dd7 # 緗
u7dd9 # 緙
u7de6 # 緦
u7df1 # 緱
u7df9 # 緹

u4302 # 䌂
u260ed # 𦃭
ufa58 # 縉
u7e10 # 縐
u7e17 # 縗

u7e1d # 縝
u7e20 # 縠
u7e27 # 縧
u7e2c # 縬
u7e45 # 繅

u7e73 # 繳
u7e75 # 繵
u7e7e # 繾
u7e86 # 纆
u7e87 # 纇

u432b # 䌫
u7e91 # 纑
u7e98 # 纘
u7e9a # 纚
u4343 # 䍃

u7f3c # 缼
u7f3b # 缻
u7f3e # 缾
u7f43 # 罃
u7f44 # 罄

u7f4f # 罏
u34c1 # 㓁
u26270 # 𦉰
u7f52 # 罒
u26286 # 𦊆

u7f61 # 罡
u7f63 # 罣
u7f64 # 罤
u7f6d # 罭
u7f7d # 罽

u7f7e # 罾
u2634c # 𦍌
u7f90 # 羐
u517b # 养
u23d0e # 𣴎

u7f96 # 羖
u7f9c # 羜
u7fad # 羭
u26402 # 𦐂
u7fc3 # 翃

u7fcf # 翏
u7fe3 # 翣
u7fe5 # 翥
u7fef # 翯

# 85区

u7ff2 # 翲
u8002 # 耂
u800a # 耊
u8008 # 耈
u800e # 耎

u8011 # 耑
u8016 # 耖
u8024 # 耤
u802c # 耬
u8030 # 耰

u8043 # 聃
u8066 # 聦
u8071 # 聱
u8075 # 聵
u807b # 聻

u8099 # 肙
u809c # 肜
u80a4 # 肤
u80a7 # 肧
u80b8 # 肸

u2667e # 𦙾
u80c5 # 胅
u80d5 # 胕
u80d8 # 胘
u80e6 # 胦

u266b0 # 𦚰
u810d # 脍
u80f5 # 胵
u80fb # 胻
u43ee # 䏮

u8135 # 脵
u8116 # 脖
u811e # 脞
u43f0 # 䏰
u8124 # 脤

u8127 # 脧
u812c # 脬
u2671d # 𦜝
u813d # 脽
u4408 # 䐈

u8169 # 腩
u4417 # 䐗
u8181 # 膁
u441c # 䐜
u8184 # 膄

u8185 # 膅
u4422 # 䐢
u8198 # 膘
u81b2 # 膲
u81c1 # 臁

u81c3 # 臃
u81d6 # 臖
u81db # 臛
u268dd # 𦣝
u81e4 # 臤

u268ea # 𦣪
u81ec # 臬
u26951 # 𦥑
u81fd # 臽
u81ff # 臿

u2696f # 𦥯
u8204 # 舄
u269dd # 𦧝
u8219 # 舙
u8221 # 舡

u8222 # 舢
u26a1e # 𦨞
u8232 # 舲
u8234 # 舴
u823c # 舼

u8246 # 艆
u8249 # 艉
u8245 # 艅
u26a58 # 𦩘
u824b # 艋

u4476 # 䑶
u824f # 艏
u447a # 䑺
u8257 # 艗
u26a8c # 𦪌

u825c # 艜
u8263 # 艣
u26ab7 # 𦪷
ufa5d # 艹
ufa5e # 艹

u8279 # 艹
u4491 # 䒑
u827d # 艽
u827f # 艿
u8283 # 芃

u828a # 芊
u8293 # 芓
u82a7 # 芧
u82a8 # 芨

# 86区

u82b2 # 芲
u82b4 # 芴
u82ba # 芺
u82bc # 芼
u82e2 # 苢

u82e8 # 苨
u82f7 # 苷
u8307 # 茇
u8308 # 茈
u830c # 茌

u8354 # 荔
u831b # 茛
u831d # 茝
u8330 # 茰
u833c # 茼

u8344 # 荄
u8357 # 荗
u44be # 䒾
u837f # 荿
u44d4 # 䓔

u44b3 # 䒳
u838d # 莍
u8394 # 莔
u8395 # 莕
u839b # 莛

u839d # 莝
u83c9 # 菉
u83d0 # 菐
u83d4 # 菔
u83dd # 菝

u83e5 # 菥
u83f9 # 菹
u840f # 萏
u8411 # 萑
u8415 # 萕

u26c73 # 𦱳
u8417 # 萗
u8439 # 萹
u844a # 葊
u844f # 葏

u8451 # 葑
u8452 # 葒
u8459 # 葙
u845a # 葚
u845c # 葜

u26cdd # 𦳝
u8465 # 葥
u8476 # 葶
u8478 # 葸
u847c # 葼

u8481 # 蒁
u450d # 䔍
u84dc # 蓜
u8497 # 蒗
u84a6 # 蒦

u84be # 蒾
u4508 # 䔈
u84ce # 蓎
u84cf # 蓏
u84d3 # 蓓

u26e65 # 𦹥
u84e7 # 蓧
u84ea # 蓪
u84ef # 蓯
u84f0 # 蓰

u84f1 # 蓱
u84fa # 蓺
u84fd # 蓽
u850c # 蔌
u851b # 蔛

u8524 # 蔤
u8525 # 蔥
u852b # 蔫
u8534 # 蔴
u854f # 蕏

u856f # 蕯
u4525 # 䔥
u4543 # 䕃
u853e # 蔾
u8551 # 蕑

u8553 # 蕓
u855e # 蕞
u8561 # 蕡
u8562 # 蕢
u26f94 # 𦾔

u857b # 蕻
u857d # 蕽
u857f # 蕿
u8581 # 薁
u8586 # 薆

u8593 # 薓
u859d # 薝
u859f # 薟
u26ff8 # 𦿸

# 87区

u26ff6 # 𦿶
u26ff7 # 𦿷
u85b7 # 薷
u85bc # 薼
u85c7 # 藇

u85ca # 藊
u85d8 # 藘
u85d9 # 藙
u85df # 藟
u85e1 # 藡

u85e6 # 藦
u85f6 # 藶
u8600 # 蘀
u8611 # 蘑
u861e # 蘞

u8621 # 蘡
u8624 # 蘤
u8627 # 蘧
u2710d # 𧄍
u8639 # 蘹

u863c # 蘼
u27139 # 𧄹
u8640 # 虀
ufa20 # 蘒
u8653 # 虓

u8656 # 虖
u866f # 虯
u8677 # 虷
u867a # 虺
u8687 # 蚇

u8689 # 蚉
u868d # 蚍
u8691 # 蚑
u869c # 蚜
u869d # 蚝

u86a8 # 蚨
ufa21 # 﨡
u86b1 # 蚱
u86b3 # 蚳
u86c1 # 蛁

u86c3 # 蛃
u86d1 # 蛑
u86d5 # 蛕
u86d7 # 蛗
u86e3 # 蛣

u86e6 # 蛦
u45b8 # 䖸
u8705 # 蜅
u8707 # 蜇
u870e # 蜎

u8710 # 蜐
u8713 # 蜓
u8719 # 蜙
u871f # 蜟
u8721 # 蜡

u8723 # 蜣
u8731 # 蜱
u873a # 蜺
u873e # 蜾
u8740 # 蝀

u8743 # 蝃
u8751 # 蝑
u8758 # 蝘
u8764 # 蝤
u8765 # 蝥

u8772 # 蝲
u877c # 蝼
u273db # 𧏛
u273da # 𧏚
u87a7 # 螧

u8789 # 螉
u878b # 螋
u8793 # 螓
u87a0 # 螠
u273fe # 𧏾

u45e5 # 䗥
u87be # 螾
u27410 # 𧐐
u87c1 # 蟁
u87ce # 蟎

u87f5 # 蟵
u87df # 蟟
u27449 # 𧑉
u87e3 # 蟣
u87e5 # 蟥

u87e6 # 蟦
u87ea # 蟪
u87eb # 蟫
u87ed # 蟭
u8801 # 蠁

u8803 # 蠃
u880b # 蠋
u8813 # 蠓
u8828 # 蠨

# 88区

u882e # 蠮
u8832 # 蠲
u883c # 蠼
u460f # 䘏
u884a # 衊

u8858 # 衘
u885f # 衟
u8864 # 衤
u27615 # 𧘕
u27614 # 𧘔

u8869 # 衩
u27631 # 𧘱
u886f # 衯
u88a0 # 袠
u88bc # 袼

u88bd # 袽
u88be # 袾
u88c0 # 裀
u88d2 # 裒
u27693 # 𧚓

u88d1 # 裑
u88d3 # 裓
u88db # 裛
u88f0 # 裰
u88f1 # 裱

u4641 # 䙁
u8901 # 褁
u2770e # 𧜎
u8937 # 褷
u27723 # 𧜣

u8942 # 襂
u8945 # 襅
u8949 # 襉
u27752 # 𧝒
u4665 # 䙥

u8962 # 襢
u8980 # 覀
u8989 # 覉
u8990 # 覐
u899f # 覟

u89b0 # 覰
u89b7 # 覷
u89d6 # 觖
u89d8 # 觘
u89eb # 觫

u46a1 # 䚡
u89f1 # 觱
u89f3 # 觳
u89fd # 觽
u89ff # 觿

u46af # 䚯
u8a11 # 訑
u8a14 # 訔
u27985 # 𧦅
u8a21 # 訡

u8a35 # 訵
u8a3e # 訾
u8a45 # 詅
u8a4d # 詍
u8a58 # 詘

u8aae # 誮
u8a90 # 誐
u8ab7 # 誷
u8abe # 誾
u8ad7 # 諗

u8afc # 諼
u27a84 # 𧪄
u8b0a # 謊
u8b05 # 謅
u8b0d # 謍

u8b1c # 謜
u8b1f # 謟
u8b2d # 謭
u8b43 # 譃
u470c # 䜌

u8b51 # 譑
u8b5e # 譞
u8b76 # 譶
u8b7f # 譿
u8b81 # 讁

u8b8b # 讋
u8b94 # 讔
u8b95 # 讕
u8b9c # 讜
u8b9e # 讞

u8c39 # 谹
u27bb3 # 𧮳
u8c3d # 谽
u27bbe # 𧮾
u27bc7 # 𧯇

u8c45 # 豅
u8c47 # 豇
u8c4f # 豏
u8c54 # 豔

# 89区

u8c57 # 豗
u8c69 # 豩
u8c6d # 豭
u8c73 # 豳
u27cb8 # 𧲸

u8c93 # 貓
u8c92 # 貒
u8c99 # 貙
u4764 # 䝤
u8c9b # 貛

u8ca4 # 貤
u8cd6 # 賖
u8cd5 # 賕
u8cd9 # 賙
u27da0 # 𧶠

u8cf0 # 賰
u8cf1 # 賱
u27e10 # 𧸐
u8d09 # 贉
u8d0e # 贎

u8d6c # 赬
u8d84 # 趄
u8d95 # 趕
u8da6 # 趦
u27fb7 # 𧾷

u8dc6 # 跆
u8dc8 # 跈
u8dd9 # 跙
u8dec # 跬
u8e0c # 踌

u47fd # 䟽
u8dfd # 跽
u8e06 # 踆
u2808a # 𨂊
u8e14 # 踔

u8e16 # 踖
u8e21 # 踡
u8e22 # 踢
u8e27 # 踧
u280bb # 𨂻

u4816 # 䠖
u8e36 # 踶
u8e39 # 踹
u8e4b # 蹋
u8e54 # 蹔

u8e62 # 蹢
u8e6c # 蹬
u8e6d # 蹭
u8e6f # 蹯
u8e98 # 躘

u8e9e # 躞
u8eae # 躮
u8eb3 # 躳
u8eb5 # 躵
u8eb6 # 躶

u8ebb # 躻
u28282 # 𨊂
u8ed1 # 軑
u8ed4 # 軔
u484e # 䡎

u8ef9 # 軹
u282f3 # 𨋳
u8f00 # 輀
u8f08 # 輈
u8f17 # 輗

u8f2b # 輫
u8f40 # 轀
u8f4a # 轊
u8f58 # 轘
u2840c # 𨐌

u8fa4 # 辤
u8fb4 # 辴
ufa66 # 辶
u8fb6 # 辶
u28455 # 𨑕

u8fc1 # 迁
u8fc6 # 迆
ufa24 # 﨤
u8fca # 迊
u8fcd # 迍

u8fd3 # 迓
u8fd5 # 迕
u8fe0 # 迠
u8ff1 # 迱
u8ff5 # 迵

u8ffb # 迻
u9002 # 适
u900c # 逌
u9037 # 逷
u2856b # 𨕫

u9043 # 遃
u9044 # 遄
u905d # 遝
u285c8 # 𨗈

# 90区

u285c9 # 𨗉
u9085 # 邅
u908c # 邌
u9090 # 邐
u961d # 阝

u90a1 # 邡
u48b5 # 䢵
u90b0 # 邰
u90b6 # 邶
u90c3 # 郃

u90c8 # 郈
u286d7 # 𨛗
u90dc # 郜
u90df # 郟
u286fa # 𨛺

u90f6 # 郶
u90f2 # 郲
u9100 # 鄀
u90eb # 郫
u90fe # 郾

u90ff # 郿
u9104 # 鄄
u9106 # 鄆
u9118 # 鄘
u911c # 鄜

u911e # 鄞
u9137 # 鄷
u9139 # 鄹
u913a # 鄺
u9146 # 酆

u9147 # 酇
u9157 # 酗
u9159 # 酙
u9161 # 酡
u9164 # 酤

u9174 # 酴
u9179 # 酹
u9185 # 醅
u918e # 醎
u91a8 # 醨

u91ae # 醮
u91b3 # 醳
u91b6 # 醶
u91c3 # 釃
u91c4 # 釄

u91da # 釚
u28949 # 𨥉
u28946 # 𨥆
u91ec # 釬
u91ee # 釮

u9201 # 鈁
u920a # 鈊
u9216 # 鈖
u9217 # 鈗
u2896b # 𨥫

u9233 # 鈳
u9242 # 鉂
u9247 # 鉇
u924a # 鉊
u924e # 鉎

u9251 # 鉑
u9256 # 鉖
u9259 # 鉙
u9260 # 鉠
u9261 # 鉡

u9265 # 鉥
u9267 # 鉧
u9268 # 鉨
u28987 # 𨦇
u28988 # 𨦈

u927c # 鉼
u927d # 鉽
u927f # 鉿
u9289 # 銉
u928d # 銍

u9297 # 銗
u9299 # 銙
u929f # 銟
u92a7 # 銧
u92ab # 銫

u289ba # 𨦺
u289bb # 𨦻
u92b2 # 銲
u92bf # 銿
u92c0 # 鋀

u92c6 # 鋆
u92ce # 鋎
u92d0 # 鋐
u92d7 # 鋗
u92d9 # 鋙

u92e5 # 鋥
u92e7 # 鋧
u9311 # 錑
u28a1e # 𨨞

# 91区

u28a29 # 𨨩
u92f7 # 鋷
u92f9 # 鋹
u92fb # 鋻
u9302 # 錂

u930d # 錍
u9315 # 錕
u931d # 錝
u931e # 錞
u9327 # 錧

u9329 # 錩
u28a71 # 𨩱
u28a43 # 𨩃
u9347 # 鍇
u9351 # 鍑

u9357 # 鍗
u935a # 鍚
u936b # 鍫
u9371 # 鍱
u9373 # 鍳

u93a1 # 鎡
u28a99 # 𨪙
u28acd # 𨫍
u9388 # 鎈
u938b # 鎋

u938f # 鎏
u939e # 鎞
u93f5 # 鏵
u28ae4 # 𨫤
u28add # 𨫝

u93f1 # 鏱
u93c1 # 鏁
u93c7 # 鏇
u93dc # 鏜
u93e2 # 鏢

u93e7 # 鏧
u9409 # 鐉
u940f # 鐏
u9416 # 鐖
u9417 # 鐗

u93fb # 鏻
u9432 # 鐲
u9434 # 鐴
u943b # 鐻
u9445 # 鑅

u28bc1 # 𨯁
u28bef # 𨯯
u946d # 鑭
u946f # 鑯
u9578 # 镸

u9579 # 镹
u9586 # 閆
u958c # 閌
u958d # 閍
u28d10 # 𨴐

u95ab # 閫
u95b4 # 閴
u28d71 # 𨵱
u95c8 # 闈
u28dfb # 𨷻

u28e1f # 𨸟
u962c # 阬
u9633 # 阳
u9634 # 阴
u28e36 # 𨸶

u963c # 阼
u9641 # 陁
u9661 # 陡
u28e89 # 𨺉
u9682 # 隂

u28eeb # 𨻫
u969a # 隚
u28f32 # 𨼲
u49e7 # 䧧
u96a9 # 隩

u96af # 隯
u96b3 # 隳
u96ba # 隺
u96bd # 隽
u49fa # 䧺

u28ff8 # 𨿸
u96d8 # 雘
u96da # 雚
u96dd # 雝
u4a04 # 䨄

u9714 # 霔
u9723 # 霣
u4a29 # 䨩
u9736 # 霶
u9741 # 靁

u9747 # 靇
u9755 # 靕
u9757 # 靗
u975b # 靛

# 92区

u976a # 靪
u292a0 # 𩊠
u292b1 # 𩊱
u9796 # 鞖
u979a # 鞚

u979e # 鞞
u97a2 # 鞢
u97b1 # 鞱
u97b2 # 鞲
u97be # 鞾

u97cc # 韌
u97d1 # 韑
u97d4 # 韔
u97d8 # 韘
u97d9 # 韙

u97e1 # 韡
u97f1 # 韱
u9804 # 頄
u980d # 頍
u980e # 頎

u9814 # 頔
u9816 # 頖
u4abc # 䪼
u29490 # 𩒐
u9823 # 頣

u9832 # 頲
u9833 # 頳
u9825 # 頥
u9847 # 顇
u9866 # 顦

u98ab # 颫
u98ad # 颭
u98b0 # 颰
u295cf # 𩗏
u98b7 # 颷

u98b8 # 颸
u98bb # 颻
u98bc # 颼
u98bf # 颿
u98c2 # 飂

u98c7 # 飇
u98cb # 飋
u98e0 # 飠
u2967f # 𩙿
u98e1 # 飡

u98e3 # 飣
u98e5 # 飥
u98ea # 飪
u98f0 # 飰
u98f1 # 飱

u98f3 # 飳
u9908 # 餈
u4b3b # 䬻
u296f0 # 𩛰
u9916 # 餖

u9917 # 餗
u29719 # 𩜙
u991a # 餚
u991b # 餛
u991c # 餜

u29750 # 𩝐
u9931 # 餱
u9932 # 餲
u9933 # 餳
u993a # 餺

u993b # 餻
u993c # 餼
u9940 # 饀
u9941 # 饁
u9946 # 饆

u994d # 饍
u994e # 饎
u995c # 饜
u995f # 饟
u9960 # 饠

u99a3 # 馣
u99a6 # 馦
u99b9 # 馹
u99bd # 馽
u99bf # 馿

u99c3 # 駃
u99c9 # 駉
u99d4 # 駔
u99d9 # 駙
u99de # 駞

u298c6 # 𩣆
u99f0 # 駰
u99f9 # 駹
u99fc # 駼
u9a0a # 騊

u9a11 # 騑
u9a16 # 騖
u9a1a # 騚
u9a20 # 騠

# 93区

u9a31 # 騱
u9a36 # 騶
u9a44 # 驄
u9a4c # 驌
u9a58 # 驘

u4bc2 # 䯂
u9aaf # 骯
u4bca # 䯊
u9ab7 # 骷
u4bd2 # 䯒

u9ab9 # 骹
u29a72 # 𩩲
u9ac6 # 髆
u9ad0 # 髐
u9ad2 # 髒

u9ad5 # 髕
u4be8 # 䯨
u9adc # 髜
u9ae0 # 髠
u9ae5 # 髥

u9ae9 # 髩
u9b03 # 鬃
u9b0c # 鬌
u9b10 # 鬐
u9b12 # 鬒

u9b16 # 鬖
u9b1c # 鬜
u9b2b # 鬫
u9b33 # 鬳
u9b3d # 鬽

u4c20 # 䰠
u9b4b # 魋
u9b63 # 魣
u9b65 # 魥
u9b6b # 魫

u9b6c # 魬
u9b73 # 魳
u9b76 # 魶
u9b77 # 魷
u9ba6 # 鮦

u9bac # 鮬
u9bb1 # 鮱
u29ddb # 𩷛
u29e3d # 𩸽
u9bb2 # 鮲

u9bb8 # 鮸
u9bbe # 鮾
u9bc7 # 鯇
u9bf3 # 鯳
u9bd8 # 鯘

u9bdd # 鯝
u9be7 # 鯧
u9bea # 鯪
u9beb # 鯫
u9bef # 鯯

u9bee # 鯮
u29e15 # 𩸕
u9bfa # 鯺
u29e8a # 𩺊
u9bf7 # 鯷

u29e49 # 𩹉
u9c16 # 鰖
u9c18 # 鰘
u9c19 # 鰙
u9c1a # 鰚

u9c1d # 鰝
u9c22 # 鰢
u9c27 # 鰧
u9c29 # 鰩
u9c2a # 鰪

u29ec4 # 𩻄
u9c31 # 鰱
u9c36 # 鰶
u9c37 # 鰷
u9c45 # 鱅

u9c5c # 鱜
u29ee9 # 𩻩
u9c49 # 鱉
u9c4a # 鱊
u29edb # 𩻛

u9c54 # 鱔
u9c58 # 鱘
u9c5b # 鱛
u9c5d # 鱝
u9c5f # 鱟

u9c69 # 鱩
u9c6a # 鱪
u9c6b # 鱫
u9c6d # 鱭
u9c6e # 鱮

u9c70 # 鱰
u9c72 # 鱲
u9c75 # 鱵
u9c7a # 鱺

# 94区

u9ce6 # 鳦
u9cf2 # 鳲
u9d0b # 鴋
u9d02 # 鴂
u29fce # 𩿎

u9d11 # 鴑
u9d17 # 鴗
u9d18 # 鴘
u2a02f # 𪀯
u4cc4 # 䳄

u2a01a # 𪀚
u9d32 # 鴲
u4cd1 # 䳑
u9d42 # 鵂
u9d4a # 鵊

u9d5f # 鵟
u9d62 # 鵢
u2a0f9 # 𪃹
u9d69 # 鵩
u9d6b # 鵫

u2a082 # 𪂂
u9d73 # 鵳
u9d76 # 鵶
u9d77 # 鵷
u9d7e # 鵾

u9d84 # 鶄
u9d8d # 鶍
u9d99 # 鶙
u9da1 # 鶡
u9dbf # 鶿

u9db5 # 鶵
u9db9 # 鶹
u9dbd # 鶽
u9dc3 # 鷃
u9dc7 # 鷇

u9dc9 # 鷉
u9dd6 # 鷖
u9dda # 鷚
u9ddf # 鷟
u9de0 # 鷠

u9de3 # 鷣
u9df4 # 鷴
u4d07 # 䴇
u9e0a # 鸊
u9e02 # 鸂

u9e0d # 鸍
u9e19 # 鸙
u9e1c # 鸜
u9e1d # 鸝
u9e7b # 鹻

u22218 # 𢈘
u9e80 # 麀
u9e85 # 麅
u9e9b # 麛
u9ea8 # 麨

u2a38c # 𪎌
u9ebd # 麽
u2a437 # 𪐷
u9edf # 黟
u9ee7 # 黧

u9eee # 黮
u9eff # 黿
u9f02 # 鼂
u4d77 # 䵷
u9f03 # 鼃

u9f17 # 鼗
u9f19 # 鼙
u9f2f # 鼯
u9f37 # 鼷
u9f3a # 鼺

u9f3d # 鼽
u9f41 # 齁
u9f45 # 齅
u9f46 # 齆
u9f53 # 齓

u9f55 # 齕
u9f58 # 齘
u2a5f1 # 𪗱
u9f5d # 齝
u2a602 # 𪘂

u9f69 # 齩
u2a61a # 𪘚
u9f6d # 齭
u9f70 # 齰
u9f75 # 齵

u2a6b2 # 𪚲
