# 48区

u5f0c # 弌 
u4e10 # 丐 
u4e15 # 丕 
u4e2a # 个 
u4e31 # 丱 

u4e36 # 丶 
u4e3c # 丼 
u4e3f # 丿 
u4e42 # 乂 
u4e56 # 乖 

u4e58 # 乘 
u4e82 # 亂 
u4e85 # 亅 
u8c6b # 豫 
u4e8a # 亊 

u8212 # 舒 
u5f0d # 弍 
u4e8e # 于 
u4e9e # 亞 
u4e9f # 亟 

u4ea0 # 亠 
u4ea2 # 亢 
u4eb0 # 亰 
u4eb3 # 亳 
u4eb6 # 亶 

u4ece # 从 
u4ecd # 仍 
u4ec4 # 仄 
u4ec6 # 仆 
u4ec2 # 仂 

u4ed7 # 仗 
u4ede # 仞 
u4eed # 仭 
u4edf # 仟 
u4ef7 # 价 

u4f09 # 伉 
u4f5a # 佚 
u4f30 # 估 
u4f5b # 佛 
u4f5d # 佝 

u4f57 # 佗 
u4f47 # 佇 
u4f76 # 佶 
u4f88 # 侈 
u4f8f # 侏 

u4f98 # 侘 
u4f7b # 佻 
u4f69 # 佩 
u4f70 # 佰 
u4f91 # 侑 

u4f6f # 佯 
u4f86 # 來 
u4f96 # 侖 
u5118 # 儘 
u4fd4 # 俔 

u4fdf # 俟 
u4fce # 俎 
u4fd8 # 俘 
u4fdb # 俛 
u4fd1 # 俑 

u4fda # 俚 
u4fd0 # 俐 
u4fe4 # 俤 
u4fe5 # 俥 
u501a # 倚 

u5028 # 倨 
u5014 # 倔 
u502a # 倪 
u5025 # 倥 
u5005 # 倅 

u4f1c # 伜 
u4ff6 # 俶 
u5021 # 倡 
u5029 # 倩 
u502c # 倬 

u4ffe # 俾 
u4fef # 俯 
u5011 # 們 
u5006 # 倆 
u5043 # 偃 

u5047 # 假 
u6703 # 會 
u5055 # 偕 
u5050 # 偐 
u5048 # 偈 

u505a # 做 
u5056 # 偖 
u506c # 偬 
u5078 # 偸 
u5080 # 傀 

u509a # 傚 
u5085 # 傅 
u50b4 # 傴 
u50b2 # 傲 

# 49区

u50c9 # 僉 
u50ca # 僊 
u50b3 # 傳 
u50c2 # 僂 
u50d6 # 僖 

u50de # 僞 
u50e5 # 僥 
u50ed # 僭 
u50e3 # 僣 
u50ee # 僮 

u50f9 # 價 
u50f5 # 僵 
u5109 # 儉 
u5101 # 儁 
u5102 # 儂 

u5116 # 儖 
u5115 # 儕 
u5114 # 儔 
u511a # 儚 
u5121 # 儡 

u513a # 儺 
u5137 # 儷 
u513c # 儼 
u513b # 儻 
u513f # 儿 

u5140 # 兀 
u5152 # 兒 
u514c # 兌 
u5154 # 兔 
u5162 # 兢 

u7af8 # 竸 
u5169 # 兩 
u516a # 兪 
u516e # 兮 
u5180 # 冀 

u5182 # 冂 
u56d8 # 囘 
u518c # 册 
u5189 # 冉 
u518f # 冏 

u5191 # 冑 
u5193 # 冓 
u5195 # 冕 
u5196 # 冖 
u51a4 # 冤 

u51a6 # 冦 
u51a2 # 冢 
u51a9 # 冩 
u51aa # 冪 
u51ab # 冫 

u51b3 # 决 
u51b1 # 冱 
u51b2 # 冲 
u51b0 # 冰 
u51b5 # 况 

u51bd # 冽 
u51c5 # 凅 
u51c9 # 凉 
u51db # 凛 
u51e0 # 几 

u8655 # 處 
u51e9 # 凩 
u51ed # 凭 
u51f0 # 凰 
u51f5 # 凵 

u51fe # 凾 
u5204 # 刄 
u520b # 刋 
u5214 # 刔 
u520e # 刎 

u5227 # 刧 
u522a # 刪 
u522e # 刮 
u5233 # 刳 
u5239 # 刹 

u524f # 剏 
u5244 # 剄 
u524b # 剋 
u524c # 剌 
u525e # 剞 

u5254 # 剔 
u526a # 剪 
u5274 # 剴 
u5269 # 剩 
u5273 # 剳 

u527f # 剿 
u527d # 剽 
u528d # 劍 
u5294 # 劔 
u5292 # 劒 

u5271 # 剱 
u5288 # 劈 
u5291 # 劑 
u8fa8 # 辨 

# 50区

u8fa7 # 辧 
u52ac # 劬 
u52ad # 劭 
u52bc # 劼 
u52b5 # 劵 

u52c1 # 勁 
u52cd # 勍 
u52d7 # 勗 
u52de # 勞 
u52e3 # 勣 

u52e6 # 勦 
u98ed # 飭 
u52e0 # 勠 
u52f3 # 勳 
u52f5 # 勵 

u52f8 # 勸 
u52f9 # 勹 
u5306 # 匆 
u5308 # 匈 
u7538 # 甸 

u530d # 匍 
u5310 # 匐 
u530f # 匏 
u5315 # 匕 
u531a # 匚 

u5323 # 匣 
u532f # 匯 
u5331 # 匱 
u5333 # 匳 
u5338 # 匸 

u5340 # 區 
u5346 # 卆 
u5345 # 卅 
u4e17 # 丗 
u5349 # 卉 

u534d # 卍 
u51d6 # 凖 
u535e # 卞 
u5369 # 卩 
u536e # 卮 

u5918 # 夘 
u537b # 卻 
u5377 # 卷 
u5382 # 厂 
u5396 # 厖 

u53a0 # 厠 
u53a6 # 厦 
u53a5 # 厥 
u53ae # 厮 
u53b0 # 厰 

u53b6 # 厶 
u53c3 # 參 
u7c12 # 簒 
u96d9 # 雙 
u53df # 叟 

u66fc # 曼 
u71ee # 燮 
u53ee # 叮 
u53e8 # 叨 
u53ed # 叭 

u53fa # 叺 
u5401 # 吁 
u543d # 吽 
u5440 # 呀 
u542c # 听 

u542d # 吭 
u543c # 吼 
u542e # 吮 
u5436 # 吶 
u5429 # 吩 

u541d # 吝 
u544e # 呎 
u548f # 咏 
u5475 # 呵 
u548e # 咎 

u545f # 呟 
u5471 # 呱 
u5477 # 呷 
u5470 # 呰 
u5492 # 咒 

u547b # 呻 
u5480 # 咀 
u5476 # 呶 
u5484 # 咄 
u5490 # 咐 

u5486 # 咆 
u54c7 # 哇 
u54a2 # 咢 
u54b8 # 咸 
u54a5 # 咥 

u54ac # 咬 
u54c4 # 哄 
u54c8 # 哈 
u54a8 # 咨 

# 51区

u54ab # 咫 
u54c2 # 哂 
u54a4 # 咤 
u54be # 咾 
u54bc # 咼 

u54d8 # 哘 
u54e5 # 哥 
u54e6 # 哦 
u550f # 唏 
u5514 # 唔 

u54fd # 哽 
u54ee # 哮 
u54ed # 哭 
u54fa # 哺 
u54e2 # 哢 

u5539 # 唹 
u5540 # 啀 
u5563 # 啣 
u554c # 啌 
u552e # 售 

u555c # 啜 
u5545 # 啅 
u5556 # 啖 
u5557 # 啗 
u5538 # 唸 

u5533 # 唳 
u555d # 啝 
u5599 # 喙 
u5580 # 喀 
u54af # 咯 

u558a # 喊 
u559f # 喟 
u557b # 啻 
u557e # 啾 
u5598 # 喘 

u559e # 喞 
u55ae # 單 
u557c # 啼 
u5583 # 喃 
u55a9 # 喩 

u5587 # 喇 
u55a8 # 喨 
u55da # 嗚 
u55c5 # 嗅 
u55df # 嗟 

u55c4 # 嗄 
u55dc # 嗜 
u55e4 # 嗤 
u55d4 # 嗔 
u5614 # 嘔 

u55f7 # 嗷 
u5616 # 嘖 
u55fe # 嗾 
u55fd # 嗽 
u561b # 嘛 

u55f9 # 嗹 
u564e # 噎 
u5650 # 噐 
u71df # 營 
u5634 # 嘴 

u5636 # 嘶 
u5632 # 嘲 
u5638 # 嘸 
u566b # 噫 
u5664 # 噤 

u562f # 嘯 
u566c # 噬 
u566a # 噪 
u5686 # 嚆 
u5680 # 嚀 

u568a # 嚊 
u56a0 # 嚠 
u5694 # 嚔 
u568f # 嚏 
u56a5 # 嚥 

u56ae # 嚮 
u56b6 # 嚶 
u56b4 # 嚴 
u56c2 # 囂 
u56bc # 嚼 

u56c1 # 囁 
u56c3 # 囃 
u56c0 # 囀 
u56c8 # 囈 
u56ce # 囎 

u56d1 # 囑 
u56d3 # 囓 
u56d7 # 囗 
u56ee # 囮 
u56f9 # 囹 

u5700 # 圀 
u56ff # 囿 
u5704 # 圄 
u5709 # 圉 

# 52区

u5708 # 圈 
u570b # 國 
u570d # 圍 
u5713 # 圓 
u5718 # 團 

u5716 # 圖 
u55c7 # 嗇 
u571c # 圜 
u5726 # 圦 
u5737 # 圷 

u5738 # 圸 
u574e # 坎 
u573b # 圻 
u5740 # 址 
u574f # 坏 

u5769 # 坩 
u57c0 # 埀 
u5788 # 垈 
u5761 # 坡 
u577f # 坿 

u5789 # 垉 
u5793 # 垓 
u57a0 # 垠 
u57b3 # 垳 
u57a4 # 垤 

u57aa # 垪 
u57b0 # 垰 
u57c3 # 埃 
u57c6 # 埆 
u57d4 # 埔 

u57d2 # 埒 
u57d3 # 埓 
u580a # 堊 
u57d6 # 埖 
u57e3 # 埣 

u580b # 堋 
u5819 # 堙 
u581d # 堝 
u5872 # 塲 
u5821 # 堡 

u5862 # 塢 
u584b # 塋 
u5870 # 塰 
u6bc0 # 毀 
u5852 # 塒 

u583d # 堽 
u5879 # 塹 
u5885 # 墅 
u58b9 # 墹 
u589f # 墟 

u58ab # 墫 
u58ba # 墺 
u58de # 壞 
u58bb # 墻 
u58b8 # 墸 

u58ae # 墮 
u58c5 # 壅 
u58d3 # 壓 
u58d1 # 壑 
u58d7 # 壗 

u58d9 # 壙 
u58d8 # 壘 
u58e5 # 壥 
u58dc # 壜 
u58e4 # 壤 

u58df # 壟 
u58ef # 壯 
u58fa # 壺 
u58f9 # 壹 
u58fb # 壻 

u58fc # 壼 
u58fd # 壽 
u5902 # 夂 
u590a # 夊 
u5910 # 夐 

u591b # 夛 
u68a6 # 梦 
u5925 # 夥 
u592c # 夬 
u592d # 夭 

u5932 # 夲 
u5938 # 夸 
u593e # 夾 
u7ad2 # 竒 
u5955 # 奕 

u5950 # 奐 
u594e # 奎 
u595a # 奚 
u5958 # 奘 
u5962 # 奢 

u5960 # 奠 
u5967 # 奧 
u596c # 奬 
u5969 # 奩 

# 53区

u5978 # 奸 
u5981 # 妁 
u599d # 妝 
u4f5e # 佞 
u4fab # 侫 

u59a3 # 妣 
u59b2 # 妲 
u59c6 # 姆 
u59e8 # 姨 
u59dc # 姜 

u598d # 妍 
u59d9 # 姙 
u59da # 姚 
u5a25 # 娥 
u5a1f # 娟 

u5a11 # 娑 
u5a1c # 娜 
u5a09 # 娉 
u5a1a # 娚 
u5a40 # 婀 

u5a6c # 婬 
u5a49 # 婉 
u5a35 # 娵 
u5a36 # 娶 
u5a62 # 婢 

u5a6a # 婪 
u5a9a # 媚 
u5abc # 媼 
u5abe # 媾 
u5acb # 嫋 

u5ac2 # 嫂 
u5abd # 媽 
u5ae3 # 嫣 
u5ad7 # 嫗 
u5ae6 # 嫦 

u5ae9 # 嫩 
u5ad6 # 嫖 
u5afa # 嫺 
u5afb # 嫻 
u5b0c # 嬌 

u5b0b # 嬋 
u5b16 # 嬖 
u5b32 # 嬲 
u5ad0 # 嫐 
u5b2a # 嬪 

u5b36 # 嬶 
u5b3e # 嬾 
u5b43 # 孃 
u5b45 # 孅 
u5b40 # 孀 

u5b51 # 孑 
u5b55 # 孕 
u5b5a # 孚 
u5b5b # 孛 
u5b65 # 孥 

u5b69 # 孩 
u5b70 # 孰 
u5b73 # 孳 
u5b75 # 孵 
u5b78 # 學 

u6588 # 斈 
u5b7a # 孺 
u5b80 # 宀 
u5b83 # 它 
u5ba6 # 宦 

u5bb8 # 宸 
u5bc3 # 寃 
u5bc7 # 寇 
u5bc9 # 寉 
u5bd4 # 寔 

u5bd0 # 寐 
u5be4 # 寤 
u5be6 # 實 
u5be2 # 寢 
u5bde # 寞 

u5be5 # 寥 
u5beb # 寫 
u5bf0 # 寰 
u5bf6 # 寶 
u5bf3 # 寳 

u5c05 # 尅 
u5c07 # 將 
u5c08 # 專 
u5c0d # 對 
u5c13 # 尓 

u5c20 # 尠 
u5c22 # 尢 
u5c28 # 尨 
u5c38 # 尸 
u5c39 # 尹 

u5c41 # 屁 
u5c46 # 屆 
u5c4e # 屎 
u5c53 # 屓 

# 54区

u5c50 # 屐 
u5c4f # 屏 
u5b71 # 孱 
u5c6c # 屬 
u5c6e # 屮 

u4e62 # 乢 
u5c76 # 屶 
u5c79 # 屹 
u5c8c # 岌 
u5c91 # 岑 

u5c94 # 岔 
u599b # 妛 
u5cab # 岫 
u5cbb # 岻 
u5cb6 # 岶 

u5cbc # 岼 
u5cb7 # 岷 
u5cc5 # 峅 
u5cbe # 岾 
u5cc7 # 峇 

u5cd9 # 峙 
u5ce9 # 峩 
u5cfd # 峽 
u5cfa # 峺 
u5ced # 峭 

u5d8c # 嶌 
u5cea # 峪 
u5d0b # 崋 
u5d15 # 崕 
u5d17 # 崗 

u5d5c # 嵜 
u5d1f # 崟 
u5d1b # 崛 
u5d11 # 崑 
u5d14 # 崔 

u5d22 # 崢 
u5d1a # 崚 
u5d19 # 崙 
u5d18 # 崘 
u5d4c # 嵌 

u5d52 # 嵒 
u5d4e # 嵎 
u5d4b # 嵋 
u5d6c # 嵬 
u5d73 # 嵳 

u5d76 # 嵶 
u5d87 # 嶇 
u5d84 # 嶄 
u5d82 # 嶂 
u5da2 # 嶢 

u5d9d # 嶝 
u5dac # 嶬 
u5dae # 嶮 
u5dbd # 嶽 
u5d90 # 嶐 

u5db7 # 嶷 
u5dbc # 嶼 
u5dc9 # 巉 
u5dcd # 巍 
u5dd3 # 巓 

u5dd2 # 巒 
u5dd6 # 巖 
u5ddb # 巛 
u5deb # 巫 
u5df2 # 已 

u5df5 # 巵 
u5e0b # 帋 
u5e1a # 帚 
u5e19 # 帙 
u5e11 # 帑 

u5e1b # 帛 
u5e36 # 帶 
u5e37 # 帷 
u5e44 # 幄 
u5e43 # 幃 

u5e40 # 幀 
u5e4e # 幎 
u5e57 # 幗 
u5e54 # 幔 
u5e5f # 幟 

u5e62 # 幢 
u5e64 # 幤 
u5e47 # 幇 
u5e75 # 幵 
u5e76 # 并 

u5e7a # 幺 
u9ebc # 麼 
u5e7f # 广 
u5ea0 # 庠 
u5ec1 # 廁 

u5ec2 # 廂 
u5ec8 # 廈 
u5ed0 # 廐 
u5ecf # 廏 

# 55区

u5ed6 # 廖 
u5ee3 # 廣 
u5edd # 廝 
u5eda # 廚 
u5edb # 廛 

u5ee2 # 廢 
u5ee1 # 廡 
u5ee8 # 廨 
u5ee9 # 廩 
u5eec # 廬 

u5ef1 # 廱 
u5ef3 # 廳 
u5ef0 # 廰 
u5ef4 # 廴 
u5ef8 # 廸 

u5efe # 廾 
u5f03 # 弃 
u5f09 # 弉 
u5f5d # 彝 
u5f5c # 彜 

u5f0b # 弋 
u5f11 # 弑 
u5f16 # 弖 
u5f29 # 弩 
u5f2d # 弭 

u5f38 # 弸 
u5f41 # 彁 
u5f48 # 彈 
u5f4c # 彌 
u5f4e # 彎 

u5f2f # 弯 
u5f51 # 彑 
u5f56 # 彖 
u5f57 # 彗 
u5f59 # 彙 

u5f61 # 彡 
u5f6d # 彭 
u5f73 # 彳 
u5f77 # 彷 
u5f83 # 徃 

u5f82 # 徂 
u5f7f # 彿 
u5f8a # 徊 
u5f88 # 很 
u5f91 # 徑 

u5f87 # 徇 
u5f9e # 從 
u5f99 # 徙 
u5f98 # 徘 
u5fa0 # 徠 

u5fa8 # 徨 
u5fad # 徭 
u5fbc # 徼 
u5fd6 # 忖 
u5ffb # 忻 

u5fe4 # 忤 
u5ff8 # 忸 
u5ff1 # 忱 
u5fdd # 忝 
u60b3 # 悳 

u5fff # 忿 
u6021 # 怡 
u6060 # 恠 
u6019 # 怙 
u6010 # 怐 

u6029 # 怩 
u600e # 怎 
u6031 # 怱 
u601b # 怛 
u6015 # 怕 

u602b # 怫 
u6026 # 怦 
u600f # 怏 
u603a # 怺 
u605a # 恚 

u6041 # 恁 
u606a # 恪 
u6077 # 恷 
u605f # 恟 
u604a # 恊 

u6046 # 恆 
u604d # 恍 
u6063 # 恣 
u6043 # 恃 
u6064 # 恤 

u6042 # 恂 
u606c # 恬 
u606b # 恫 
u6059 # 恙 
u6081 # 悁 

u608d # 悍 
u60e7 # 惧 
u6083 # 悃 
u609a # 悚 

# 56区

u6084 # 悄 
u609b # 悛 
u6096 # 悖 
u6097 # 悗 
u6092 # 悒 

u60a7 # 悧 
u608b # 悋 
u60e1 # 惡 
u60b8 # 悸 
u60e0 # 惠 

u60d3 # 惓 
u60b4 # 悴 
u5ff0 # 忰 
u60bd # 悽 
u60c6 # 惆 

u60b5 # 悵 
u60d8 # 惘 
u614d # 慍 
u6115 # 愕 
u6106 # 愆 

u60f6 # 惶 
u60f7 # 惷 
u6100 # 愀 
u60f4 # 惴 
u60fa # 惺 

u6103 # 愃 
u6121 # 愡 
u60fb # 惻 
u60f1 # 惱 
u610d # 愍 

u610e # 愎 
u6147 # 慇 
u613e # 愾 
u6128 # 愨 
u6127 # 愧 

u614a # 慊 
u613f # 愿 
u613c # 愼 
u612c # 愬 
u6134 # 愴 

u613d # 愽 
u6142 # 慂 
u6144 # 慄 
u6173 # 慳 
u6177 # 慷 

u6158 # 慘 
u6159 # 慙 
u615a # 慚 
u616b # 慫 
u6174 # 慴 

u616f # 慯 
u6165 # 慥 
u6171 # 慱 
u615f # 慟 
u615d # 慝 

u6153 # 慓 
u6175 # 慵 
u6199 # 憙 
u6196 # 憖 
u6187 # 憇 

u61ac # 憬 
u6194 # 憔 
u619a # 憚 
u618a # 憊 
u6191 # 憑 

u61ab # 憫 
u61ae # 憮 
u61cc # 懌 
u61ca # 懊 
u61c9 # 應 

u61f7 # 懷 
u61c8 # 懈 
u61c3 # 懃 
u61c6 # 懆 
u61ba # 憺 

u61cb # 懋 
u7f79 # 罹 
u61cd # 懍 
u61e6 # 懦 
u61e3 # 懣 

u61f6 # 懶 
u61fa # 懺 
u61f4 # 懴 
u61ff # 懿 
u61fd # 懽 

u61fc # 懼 
u61fe # 懾 
u6200 # 戀 
u6208 # 戈 
u6209 # 戉 

u620d # 戍 
u620c # 戌 
u6214 # 戔 
u621b # 戛 

# 57区

u621e # 戞 
u6221 # 戡 
u622a # 截 
u622e # 戮 
u6230 # 戰 

u6232 # 戲 
u6233 # 戳 
u6241 # 扁 
u624e # 扎 
u625e # 扞 

u6263 # 扣 
u625b # 扛 
u6260 # 扠 
u6268 # 扨 
u627c # 扼 

u6282 # 抂 
u6289 # 抉 
u627e # 找 
u6292 # 抒 
u6293 # 抓 

u6296 # 抖 
u62d4 # 拔 
u6283 # 抃 
u6294 # 抔 
u62d7 # 拗 

u62d1 # 拑 
u62bb # 抻 
u62cf # 拏 
u62ff # 拿 
u62c6 # 拆 

u64d4 # 擔 
u62c8 # 拈 
u62dc # 拜 
u62cc # 拌 
u62ca # 拊 

u62c2 # 拂 
u62c7 # 拇 
u629b # 抛 
u62c9 # 拉 
u630c # 挌 

u62ee # 拮 
u62f1 # 拱 
u6327 # 挧 
u6302 # 挂 
u6308 # 挈 

u62ef # 拯 
u62f5 # 拵 
u6350 # 捐 
u633e # 挾 
u634d # 捍 

u641c # 搜 
u634f # 捏 
u6396 # 掖 
u638e # 掎 
u6380 # 掀 

u63ab # 掫 
u6376 # 捶 
u63a3 # 掣 
u638f # 掏 
u6389 # 掉 

u639f # 掟 
u63b5 # 掵 
u636b # 捫 
u6369 # 捩 
u63be # 掾 

u63e9 # 揩 
u63c0 # 揀 
u63c6 # 揆 
u63e3 # 揣 
u63c9 # 揉 

u63d2 # 插 
u63f6 # 揶 
u63c4 # 揄 
u6416 # 搖 
u6434 # 搴 

u6406 # 搆 
u6413 # 搓 
u6426 # 搦 
u6436 # 搶 
u651d # 攝 

u6417 # 搗 
u6428 # 搨 
u640f # 搏 
u6467 # 摧 
u646f # 摯 

u6476 # 摶 
u644e # 摎 
u652a # 攪 
u6495 # 撕 
u6493 # 撓 

u64a5 # 撥 
u64a9 # 撩 
u6488 # 撈 
u64bc # 撼 

# 58区

u64da # 據 
u64d2 # 擒 
u64c5 # 擅 
u64c7 # 擇 
u64bb # 撻 

u64d8 # 擘 
u64c2 # 擂 
u64f1 # 擱 
u64e7 # 擧 
u8209 # 舉 

u64e0 # 擠 
u64e1 # 擡 
u62ac # 抬 
u64e3 # 擣 
u64ef # 擯 

u652c # 攬 
u64f6 # 擶 
u64f4 # 擴 
u64f2 # 擲 
u64fa # 擺 

u6500 # 攀 
u64fd # 擽 
u6518 # 攘 
u651c # 攜 
u6505 # 攅 

u6524 # 攤 
u6523 # 攣 
u652b # 攫 
u6534 # 攴 
u6535 # 攵 

u6537 # 攷 
u6536 # 收 
u6538 # 攸 
u754b # 畋 
u6548 # 效 

u6556 # 敖 
u6555 # 敕 
u654d # 敍 
u6558 # 敘 
u655e # 敞 

u655d # 敝 
u6572 # 敲 
u6578 # 數 
u6582 # 斂 
u6583 # 斃 

u8b8a # 變 
u659b # 斛 
u659f # 斟 
u65ab # 斫 
u65b7 # 斷 

u65c3 # 旃 
u65c6 # 旆 
u65c1 # 旁 
u65c4 # 旄 
u65cc # 旌 

u65d2 # 旒 
u65db # 旛 
u65d9 # 旙 
u65e0 # 无 
u65e1 # 旡 

u65f1 # 旱 
u6772 # 杲 
u660a # 昊 
u6603 # 昃 
u65fb # 旻 

u6773 # 杳 
u6635 # 昵 
u6636 # 昶 
u6634 # 昴 
u661c # 昜 

u664f # 晏 
u6644 # 晄 
u6649 # 晉 
u6641 # 晁 
u665e # 晞 

u665d # 晝 
u6664 # 晤 
u6667 # 晧 
u6668 # 晨 
u665f # 晟 

u6662 # 晢 
u6670 # 晰 
u6683 # 暃 
u6688 # 暈 
u668e # 暎 

u6689 # 暉 
u6684 # 暄 
u6698 # 暘 
u669d # 暝 
u66c1 # 曁 

u66b9 # 暹 
u66c9 # 曉 
u66be # 暾 
u66bc # 暼 

# 59区

u66c4 # 曄 
u66b8 # 暸 
u66d6 # 曖 
u66da # 曚 
u66e0 # 曠 

u663f # 昿 
u66e6 # 曦 
u66e9 # 曩 
u66f0 # 曰 
u66f5 # 曵 

u66f7 # 曷 
u670f # 朏 
u6716 # 朖 
u671e # 朞 
u6726 # 朦 

u6727 # 朧 
u9738 # 霸 
u672e # 朮 
u673f # 朿 
u6736 # 朶 

u6741 # 杁 
u6738 # 朸 
u6737 # 朷 
u6746 # 杆 
u675e # 杞 

u6760 # 杠 
u6759 # 杙 
u6763 # 杣 
u6764 # 杤 
u6789 # 枉 

u6770 # 杰 
u67a9 # 枩 
u677c # 杼 
u676a # 杪 
u678c # 枌 

u678b # 枋 
u67a6 # 枦 
u67a1 # 枡 
u6785 # 枅 
u67b7 # 枷 

u67ef # 柯 
u67b4 # 枴 
u67ec # 柬 
u67b3 # 枳 
u67e9 # 柩 

u67b8 # 枸 
u67e4 # 柤 
u67de # 柞 
u67dd # 柝 
u67e2 # 柢 

u67ee # 柮 
u67b9 # 枹 
u67ce # 柎 
u67c6 # 柆 
u67e7 # 柧 

u6a9c # 檜 
u681e # 栞 
u6846 # 框 
u6829 # 栩 
u6840 # 桀 

u684d # 桍 
u6832 # 栲 
u684e # 桎 
u68b3 # 梳 
u682b # 栫 

u6859 # 桙 
u6863 # 档 
u6877 # 桷 
u687f # 桿 
u689f # 梟 

u688f # 梏 
u68ad # 梭 
u6894 # 梔 
u689d # 條 
u689b # 梛 

u6883 # 梃 
u6aae # 檮 
u68b9 # 梹 
u6874 # 桴 
u68b5 # 梵 

u68a0 # 梠 
u68ba # 梺 
u690f # 椏 
u688d # 梍 
u687e # 桾 

u6901 # 椁 
u68ca # 棊 
u6908 # 椈 
u68d8 # 棘 
u6922 # 椢 

u6926 # 椦 
u68e1 # 棡 
u690c # 椌 
u68cd # 棍 

# 60区

u68d4 # 棔 
u68e7 # 棧 
u68d5 # 棕 
u6936 # 椶 
u6912 # 椒 

u6904 # 椄 
u68d7 # 棗 
u68e3 # 棣 
u6925 # 椥 
u68f9 # 棹 

u68e0 # 棠 
u68ef # 棯 
u6928 # 椨 
u692a # 椪 
u691a # 椚 

u6923 # 椣 
u6921 # 椡 
u68c6 # 棆 
u6979 # 楹 
u6977 # 楷 

u695c # 楜 
u6978 # 楸 
u696b # 楫 
u6954 # 楔 
u697e # 楾 

u696e # 楮 
u6939 # 椹 
u6974 # 楴 
u693d # 椽 
u6959 # 楙 

u6930 # 椰 
u6961 # 楡 
u695e # 楞 
u695d # 楝 
u6981 # 榁 

u696a # 楪 
u69b2 # 榲 
u69ae # 榮 
u69d0 # 槐 
u69bf # 榿 

u69c1 # 槁 
u69d3 # 槓 
u69be # 榾 
u69ce # 槎 
u5be8 # 寨 

u69ca # 槊 
u69dd # 槝 
u69bb # 榻 
u69c3 # 槃 
u69a7 # 榧 

u6a2e # 樮 
u6991 # 榑 
u69a0 # 榠 
u699c # 榜 
u6995 # 榕 

u69b4 # 榴 
u69de # 槞 
u69e8 # 槨 
u6a02 # 樂 
u6a1b # 樛 

u69ff # 槿 
u6b0a # 權 
u69f9 # 槹 
u69f2 # 槲 
u69e7 # 槧 

u6a05 # 樅 
u69b1 # 榱 
u6a1e # 樞 
u69ed # 槭 
u6a14 # 樔 

u69eb # 槫 
u6a0a # 樊 
u6a12 # 樒 
u6ac1 # 櫁 
u6a23 # 樣 

u6a13 # 樓 
u6a44 # 橄 
u6a0c # 樌 
u6a72 # 橲 
u6a36 # 樶 

u6a78 # 橸 
u6a47 # 橇 
u6a62 # 橢 
u6a59 # 橙 
u6a66 # 橦 

u6a48 # 橈 
u6a38 # 樸 
u6a22 # 樢 
u6a90 # 檐 
u6a8d # 檍 

u6aa0 # 檠 
u6a84 # 檄 
u6aa2 # 檢 
u6aa3 # 檣 

# 61区

u6a97 # 檗 
u8617 # 蘗 
u6abb # 檻 
u6ac3 # 櫃 
u6ac2 # 櫂 

u6ab8 # 檸 
u6ab3 # 檳 
u6aac # 檬 
u6ade # 櫞 
u6ad1 # 櫑 

u6adf # 櫟 
u6aaa # 檪 
u6ada # 櫚 
u6aea # 櫪 
u6afb # 櫻 

u6b05 # 欅 
u8616 # 蘖 
u6afa # 櫺 
u6b12 # 欒 
u6b16 # 欖 

u9b31 # 鬱 
u6b1f # 欟 
u6b38 # 欸 
u6b37 # 欷 
u76dc # 盜 

u6b39 # 欹 
u98ee # 飮 
u6b47 # 歇 
u6b43 # 歃 
u6b49 # 歉 

u6b50 # 歐 
u6b59 # 歙 
u6b54 # 歔 
u6b5b # 歛 
u6b5f # 歟 

u6b61 # 歡 
u6b78 # 歸 
u6b79 # 歹 
u6b7f # 歿 
u6b80 # 殀 

u6b84 # 殄 
u6b83 # 殃 
u6b8d # 殍 
u6b98 # 殘 
u6b95 # 殕 

u6b9e # 殞 
u6ba4 # 殤 
u6baa # 殪 
u6bab # 殫 
u6baf # 殯 

u6bb2 # 殲 
u6bb1 # 殱 
u6bb3 # 殳 
u6bb7 # 殷 
u6bbc # 殼 

u6bc6 # 毆 
u6bcb # 毋 
u6bd3 # 毓 
u6bdf # 毟 
u6bec # 毬 

u6beb # 毫 
u6bf3 # 毳 
u6bef # 毯 
u9ebe # 麾 
u6c08 # 氈 

u6c13 # 氓 
u6c14 # 气 
u6c1b # 氛 
u6c24 # 氤 
u6c23 # 氣 

u6c5e # 汞 
u6c55 # 汕 
u6c62 # 汢 
u6c6a # 汪 
u6c82 # 沂 

u6c8d # 沍 
u6c9a # 沚 
u6c81 # 沁 
u6c9b # 沛 
u6c7e # 汾 

u6c68 # 汨 
u6c73 # 汳 
u6c92 # 沒 
u6c90 # 沐 
u6cc4 # 泄 

u6cf1 # 泱 
u6cd3 # 泓 
u6cbd # 沽 
u6cd7 # 泗 
u6cc5 # 泅 

u6cdd # 泝 
u6cae # 沮 
u6cb1 # 沱 
u6cbe # 沾 

# 62区

u6cba # 沺 
u6cdb # 泛 
u6cef # 泯 
u6cd9 # 泙 
u6cea # 泪 

u6d1f # 洟 
u884d # 衍 
u6d36 # 洶 
u6d2b # 洫 
u6d3d # 洽 

u6d38 # 洸 
u6d19 # 洙 
u6d35 # 洵 
u6d33 # 洳 
u6d12 # 洒 

u6d0c # 洌 
u6d63 # 浣 
u6d93 # 涓 
u6d64 # 浤 
u6d5a # 浚 

u6d79 # 浹 
u6d59 # 浙 
u6d8e # 涎 
u6d95 # 涕 
u6fe4 # 濤 

u6d85 # 涅 
u6df9 # 淹 
u6e15 # 渕 
u6e0a # 渊 
u6db5 # 涵 

u6dc7 # 淇 
u6de6 # 淦 
u6db8 # 涸 
u6dc6 # 淆 
u6dec # 淬 

u6dde # 淞 
u6dcc # 淌 
u6de8 # 淨 
u6dd2 # 淒 
u6dc5 # 淅 

u6dfa # 淺 
u6dd9 # 淙 
u6de4 # 淤 
u6dd5 # 淕 
u6dea # 淪 

u6dee # 淮 
u6e2d # 渭 
u6e6e # 湮 
u6e2e # 渮 
u6e19 # 渙 

u6e72 # 湲 
u6e5f # 湟 
u6e3e # 渾 
u6e23 # 渣 
u6e6b # 湫 

u6e2b # 渫 
u6e76 # 湶 
u6e4d # 湍 
u6e1f # 渟 
u6e43 # 湃 

u6e3a # 渺 
u6e4e # 湎 
u6e24 # 渤 
u6eff # 滿 
u6e1d # 渝 

u6e38 # 游 
u6e82 # 溂 
u6eaa # 溪 
u6e98 # 溘 
u6ec9 # 滉 

u6eb7 # 溷 
u6ed3 # 滓 
u6ebd # 溽 
u6eaf # 溯 
u6ec4 # 滄 

u6eb2 # 溲 
u6ed4 # 滔 
u6ed5 # 滕 
u6e8f # 溏 
u6ea5 # 溥 

u6ec2 # 滂 
u6e9f # 溟 
u6f41 # 潁 
u6f11 # 漑 
u704c # 灌 

u6eec # 滬 
u6ef8 # 滸 
u6efe # 滾 
u6f3f # 漿 
u6ef2 # 滲 

u6f31 # 漱 
u6eef # 滯 
u6f32 # 漲 
u6ecc # 滌 

# 63区

u6f3e # 漾 
u6f13 # 漓 
u6ef7 # 滷 
u6f86 # 澆 
u6f7a # 潺 

u6f78 # 潸 
u6f81 # 澁 
u6f80 # 澀 
u6f6f # 潯 
u6f5b # 潛 

u6ff3 # 濳 
u6f6d # 潭 
u6f82 # 澂 
u6f7c # 潼 
u6f58 # 潘 

u6f8e # 澎 
u6f91 # 澑 
u6fc2 # 濂 
u6f66 # 潦 
u6fb3 # 澳 

u6fa3 # 澣 
u6fa1 # 澡 
u6fa4 # 澤 
u6fb9 # 澹 
u6fc6 # 濆 

u6faa # 澪 
u6fdf # 濟 
u6fd5 # 濕 
u6fec # 濬 
u6fd4 # 濔 

u6fd8 # 濘 
u6ff1 # 濱 
u6fee # 濮 
u6fdb # 濛 
u7009 # 瀉 

u700b # 瀋 
u6ffa # 濺 
u7011 # 瀑 
u7001 # 瀁 
u700f # 瀏 

u6ffe # 濾 
u701b # 瀛 
u701a # 瀚 
u6f74 # 潴 
u701d # 瀝 

u7018 # 瀘 
u701f # 瀟 
u7030 # 瀰 
u703e # 瀾 
u7032 # 瀲 

u7051 # 灑 
u7063 # 灣 
u7099 # 炙 
u7092 # 炒 
u70af # 炯 

u70f1 # 烱 
u70ac # 炬 
u70b8 # 炸 
u70b3 # 炳 
u70ae # 炮 

u70df # 烟 
u70cb # 烋 
u70dd # 烝 
u70d9 # 烙 
u7109 # 焉 

u70fd # 烽 
u711c # 焜 
u7119 # 焙 
u7165 # 煥 
u7155 # 煕 

u7188 # 熈 
u7166 # 煦 
u7162 # 煢 
u714c # 煌 
u7156 # 煖 

u716c # 煬 
u718f # 熏 
u71fb # 燻 
u7184 # 熄 
u7195 # 熕 

u71a8 # 熨 
u71ac # 熬 
u71d7 # 燗 
u71b9 # 熹 
u71be # 熾 

u71d2 # 燒 
u71c9 # 燉 
u71d4 # 燔 
u71ce # 燎 
u71e0 # 燠 

u71ec # 燬 
u71e7 # 燧 
u71f5 # 燵 
u71fc # 燼 

# 64区

u71f9 # 燹 
u71ff # 燿 
u720d # 爍 
u7210 # 爐 
u721b # 爛 

u7228 # 爨 
u722d # 爭 
u722c # 爬 
u7230 # 爰 
u7232 # 爲 

u723b # 爻 
u723c # 爼 
u723f # 爿 
u7240 # 牀 
u7246 # 牆 

u724b # 牋 
u7258 # 牘 
u7274 # 牴 
u727e # 牾 
u7282 # 犂 

u7281 # 犁 
u7287 # 犇 
u7292 # 犒 
u7296 # 犖 
u72a2 # 犢 

u72a7 # 犧 
u72b9 # 犹 
u72b2 # 犲 
u72c3 # 狃 
u72c6 # 狆 

u72c4 # 狄 
u72ce # 狎 
u72d2 # 狒 
u72e2 # 狢 
u72e0 # 狠 

u72e1 # 狡 
u72f9 # 狹 
u72f7 # 狷 
u500f # 倏 
u7317 # 猗 

u730a # 猊 
u731c # 猜 
u7316 # 猖 
u731d # 猝 
u7334 # 猴 

u732f # 猯 
u7329 # 猩 
u7325 # 猥 
u733e # 猾 
u734e # 獎 

u734f # 獏 
u9ed8 # 默 
u7357 # 獗 
u736a # 獪 
u7368 # 獨 

u7370 # 獰 
u7378 # 獸 
u7375 # 獵 
u737b # 獻 
u737a # 獺 

u73c8 # 珈 
u73b3 # 玳 
u73ce # 珎 
u73bb # 玻 
u73c0 # 珀 

u73e5 # 珥 
u73ee # 珮 
u73de # 珞 
u74a2 # 璢 
u7405 # 琅 

u746f # 瑯 
u7425 # 琥 
u73f8 # 珸 
u7432 # 琲 
u743a # 琺 

u7455 # 瑕 
u743f # 琿 
u745f # 瑟 
u7459 # 瑙 
u7441 # 瑁 

u745c # 瑜 
u7469 # 瑩 
u7470 # 瑰 
u7463 # 瑣 
u746a # 瑪 

u7476 # 瑶 
u747e # 瑾 
u748b # 璋 
u749e # 璞 
u74a7 # 璧 

u74ca # 瓊 
u74cf # 瓏 
u74d4 # 瓔 
u73f1 # 珱 

# 65区

u74e0 # 瓠 
u74e3 # 瓣 
u74e7 # 瓧 
u74e9 # 瓩 
u74ee # 瓮 

u74f2 # 瓲 
u74f0 # 瓰 
u74f1 # 瓱 
u74f8 # 瓸 
u74f7 # 瓷 

u7504 # 甄 
u7503 # 甃 
u7505 # 甅 
u750c # 甌 
u750e # 甎 

u750d # 甍 
u7515 # 甕 
u7513 # 甓 
u751e # 甞 
u7526 # 甦 

u752c # 甬 
u753c # 甼 
u7544 # 畄 
u754d # 畍 
u754a # 畊 

u7549 # 畉 
u755b # 畛 
u7546 # 畆 
u755a # 畚 
u7569 # 畩 

u7564 # 畤 
u7567 # 畧 
u756b # 畫 
u756d # 畭 
u7578 # 畸 

u7576 # 當 
u7586 # 疆 
u7587 # 疇 
u7574 # 畴 
u758a # 疊 

u7589 # 疉 
u7582 # 疂 
u7594 # 疔 
u759a # 疚 
u759d # 疝 

u75a5 # 疥 
u75a3 # 疣 
u75c2 # 痂 
u75b3 # 疳 
u75c3 # 痃 

u75b5 # 疵 
u75bd # 疽 
u75b8 # 疸 
u75bc # 疼 
u75b1 # 疱 

u75cd # 痍 
u75ca # 痊 
u75d2 # 痒 
u75d9 # 痙 
u75e3 # 痣 

u75de # 痞 
u75fe # 痾 
u75ff # 痿 
u75fc # 痼 
u7601 # 瘁 

u75f0 # 痰 
u75fa # 痺 
u75f2 # 痲 
u75f3 # 痳 
u760b # 瘋 

u760d # 瘍 
u7609 # 瘉 
u761f # 瘟 
u7627 # 瘧 
u7620 # 瘠 

u7621 # 瘡 
u7622 # 瘢 
u7624 # 瘤 
u7634 # 瘴 
u7630 # 瘰 

u763b # 瘻 
u7647 # 癇 
u7648 # 癈 
u7646 # 癆 
u765c # 癜 

u7658 # 癘 
u7661 # 癡 
u7662 # 癢 
u7668 # 癨 
u7669 # 癩 

u766a # 癪 
u7667 # 癧 
u766c # 癬 
u7670 # 癰 

# 66区

u7672 # 癲 
u7676 # 癶 
u7678 # 癸 
u767c # 發 
u7680 # 皀 

u7683 # 皃 
u7688 # 皈 
u768b # 皋 
u768e # 皎 
u7696 # 皖 

u7693 # 皓 
u7699 # 皙 
u769a # 皚 
u76b0 # 皰 
u76b4 # 皴 

u76b8 # 皸 
u76b9 # 皹 
u76ba # 皺 
u76c2 # 盂 
u76cd # 盍 

u76d6 # 盖 
u76d2 # 盒 
u76de # 盞 
u76e1 # 盡 
u76e5 # 盥 

u76e7 # 盧 
u76ea # 盪 
u862f # 蘯 
u76fb # 盻 
u7708 # 眈 

u7707 # 眇 
u7704 # 眄 
u7729 # 眩 
u7724 # 眤 
u771e # 眞 

u7725 # 眥 
u7726 # 眦 
u771b # 眛 
u7737 # 眷 
u7738 # 眸 

u7747 # 睇 
u775a # 睚 
u7768 # 睨 
u776b # 睫 
u775b # 睛 

u7765 # 睥 
u777f # 睿 
u777e # 睾 
u7779 # 睹 
u778e # 瞎 

u778b # 瞋 
u7791 # 瞑 
u77a0 # 瞠 
u779e # 瞞 
u77b0 # 瞰 

u77b6 # 瞶 
u77b9 # 瞹 
u77bf # 瞿 
u77bc # 瞼 
u77bd # 瞽 

u77bb # 瞻 
u77c7 # 矇 
u77cd # 矍 
u77d7 # 矗 
u77da # 矚 

u77dc # 矜 
u77e3 # 矣 
u77ee # 矮 
u77fc # 矼 
u780c # 砌 

u7812 # 砒 
u7926 # 礦 
u7820 # 砠 
u792a # 礪 
u7845 # 硅 

u788e # 碎 
u7874 # 硴 
u7886 # 碆 
u787c # 硼 
u789a # 碚 

u788c # 碌 
u78a3 # 碣 
u78b5 # 碵 
u78aa # 碪 
u78af # 碯 

u78d1 # 磑 
u78c6 # 磆 
u78cb # 磋 
u78d4 # 磔 
u78be # 碾 

u78bc # 碼 
u78c5 # 磅 
u78ca # 磊 
u78ec # 磬 

# 67区

u78e7 # 磧 
u78da # 磚 
u78fd # 磽 
u78f4 # 磴 
u7907 # 礇 

u7912 # 礒 
u7911 # 礑 
u7919 # 礙 
u792c # 礬 
u792b # 礫 

u7940 # 祀 
u7960 # 祠 
u7957 # 祗 
u795f # 祟 
u795a # 祚 

u7955 # 祕 
u7953 # 祓 
u797a # 祺 
u797f # 祿 
u798a # 禊 

u799d # 禝 
u79a7 # 禧 
u9f4b # 齋 
u79aa # 禪 
u79ae # 禮 

u79b3 # 禳 
u79b9 # 禹 
u79ba # 禺 
u79c9 # 秉 
u79d5 # 秕 

u79e7 # 秧 
u79ec # 秬 
u79e1 # 秡 
u79e3 # 秣 
u7a08 # 稈 

u7a0d # 稍 
u7a18 # 稘 
u7a19 # 稙 
u7a20 # 稠 
u7a1f # 稟 

u7980 # 禀 
u7a31 # 稱 
u7a3b # 稻 
u7a3e # 稾 
u7a37 # 稷 

u7a43 # 穃 
u7a57 # 穗 
u7a49 # 穉 
u7a61 # 穡 
u7a62 # 穢 

u7a69 # 穩 
u9f9d # 龝 
u7a70 # 穰 
u7a79 # 穹 
u7a7d # 穽 

u7a88 # 窈 
u7a97 # 窗 
u7a95 # 窕 
u7a98 # 窘 
u7a96 # 窖 

u7aa9 # 窩 
u7ac8 # 竈 
u7ab0 # 窰 
u7ab6 # 窶 
u7ac5 # 竅 

u7ac4 # 竄 
u7abf # 窿 
u9083 # 邃 
u7ac7 # 竇 
u7aca # 竊 

u7acd # 竍 
u7acf # 竏 
u7ad5 # 竕 
u7ad3 # 竓 
u7ad9 # 站 

u7ada # 竚 
u7add # 竝 
u7ae1 # 竡 
u7ae2 # 竢 
u7ae6 # 竦 

u7aed # 竭 
u7af0 # 竰 
u7b02 # 笂 
u7b0f # 笏 
u7b0a # 笊 

u7b06 # 笆 
u7b33 # 笳 
u7b18 # 笘 
u7b19 # 笙 
u7b1e # 笞 

u7b35 # 笵 
u7b28 # 笨 
u7b36 # 笶 
u7b50 # 筐 

# 68区

u7b7a # 筺 
u7b04 # 笄 
u7b4d # 筍 
u7b0b # 笋 
u7b4c # 筌 

u7b45 # 筅 
u7b75 # 筵 
u7b65 # 筥 
u7b74 # 筴 
u7b67 # 筧 

u7b70 # 筰 
u7b71 # 筱 
u7b6c # 筬 
u7b6e # 筮 
u7b9d # 箝 

u7b98 # 箘 
u7b9f # 箟 
u7b8d # 箍 
u7b9c # 箜 
u7b9a # 箚 

u7b8b # 箋 
u7b92 # 箒 
u7b8f # 箏 
u7b5d # 筝 
u7b99 # 箙 

u7bcb # 篋 
u7bc1 # 篁 
u7bcc # 篌 
u7bcf # 篏 
u7bb4 # 箴 

u7bc6 # 篆 
u7bdd # 篝 
u7be9 # 篩 
u7c11 # 簑 
u7c14 # 簔 

u7be6 # 篦 
u7be5 # 篥 
u7c60 # 籠 
u7c00 # 簀 
u7c07 # 簇 

u7c13 # 簓 
u7bf3 # 篳 
u7bf7 # 篷 
u7c17 # 簗 
u7c0d # 簍 

u7bf6 # 篶 
u7c23 # 簣 
u7c27 # 簧 
u7c2a # 簪 
u7c1f # 簟 

u7c37 # 簷 
u7c2b # 簫 
u7c3d # 簽 
u7c4c # 籌 
u7c43 # 籃 

u7c54 # 籔 
u7c4f # 籏 
u7c40 # 籀 
u7c50 # 籐 
u7c58 # 籘 

u7c5f # 籟 
u7c64 # 籤 
u7c56 # 籖 
u7c65 # 籥 
u7c6c # 籬 

u7c75 # 籵 
u7c83 # 粃 
u7c90 # 粐 
u7ca4 # 粤 
u7cad # 粭 

u7ca2 # 粢 
u7cab # 粫 
u7ca1 # 粡 
u7ca8 # 粨 
u7cb3 # 粳 

u7cb2 # 粲 
u7cb1 # 粱 
u7cae # 粮 
u7cb9 # 粹 
u7cbd # 粽 

u7cc0 # 糀 
u7cc5 # 糅 
u7cc2 # 糂 
u7cd8 # 糘 
u7cd2 # 糒 

u7cdc # 糜 
u7ce2 # 糢 
u9b3b # 鬻 
u7cef # 糯 
u7cf2 # 糲 

u7cf4 # 糴 
u7cf6 # 糶 
u7cfa # 糺 
u7d06 # 紆 

# 69区

u7d02 # 紂 
u7d1c # 紜 
u7d15 # 紕 
u7d0a # 紊 
u7d45 # 絅 

u7d4b # 絋 
u7d2e # 紮 
u7d32 # 紲 
u7d3f # 紿 
u7d35 # 紵 

u7d46 # 絆 
u7d73 # 絳 
u7d56 # 絖 
u7d4e # 絎 
u7d72 # 絲 

u7d68 # 絨 
u7d6e # 絮 
u7d4f # 絏 
u7d63 # 絣 
u7d93 # 經 

u7d89 # 綉 
u7d5b # 絛 
u7d8f # 綏 
u7d7d # 絽 
u7d9b # 綛 

u7dba # 綺 
u7dae # 綮 
u7da3 # 綣 
u7db5 # 綵 
u7dc7 # 緇 

u7dbd # 綽 
u7dab # 綫 
u7e3d # 總 
u7da2 # 綢 
u7daf # 綯 

u7ddc # 緜 
u7db8 # 綸 
u7d9f # 綟 
u7db0 # 綰 
u7dd8 # 緘 

u7ddd # 緝 
u7de4 # 緤 
u7dde # 緞 
u7dfb # 緻 
u7df2 # 緲 

u7de1 # 緡 
u7e05 # 縅 
u7e0a # 縊 
u7e23 # 縣 
u7e21 # 縡 

u7e12 # 縒 
u7e31 # 縱 
u7e1f # 縟 
u7e09 # 縉 
u7e0b # 縋 

u7e22 # 縢 
u7e46 # 繆 
u7e66 # 繦 
u7e3b # 縻 
u7e35 # 縵 

u7e39 # 縹 
u7e43 # 繃 
u7e37 # 縷 
u7e32 # 縲 
u7e3a # 縺 

u7e67 # 繧 
u7e5d # 繝 
u7e56 # 繖 
u7e5e # 繞 
u7e59 # 繙 

u7e5a # 繚 
u7e79 # 繹 
u7e6a # 繪 
u7e69 # 繩 
u7e7c # 繼 

u7e7b # 繻 
u7e83 # 纃 
u7dd5 # 緕 
u7e7d # 繽 
u8fae # 辮 

u7e7f # 繿 
u7e88 # 纈 
u7e89 # 纉 
u7e8c # 續 
u7e92 # 纒 

u7e90 # 纐 
u7e93 # 纓 
u7e94 # 纔 
u7e96 # 纖 
u7e8e # 纎 

u7e9b # 纛 
u7e9c # 纜 
u7f38 # 缸 
u7f3a # 缺 

# 70区

u7f45 # 罅 
u7f4c # 罌 
u7f4d # 罍 
u7f4e # 罎 
u7f50 # 罐 

u7f51 # 网 
u7f55 # 罕 
u7f54 # 罔 
u7f58 # 罘 
u7f5f # 罟 

u7f60 # 罠 
u7f68 # 罨 
u7f69 # 罩 
u7f67 # 罧 
u7f78 # 罸 

u7f82 # 羂 
u7f86 # 羆 
u7f83 # 羃 
u7f88 # 羈 
u7f87 # 羇 

u7f8c # 羌 
u7f94 # 羔 
u7f9e # 羞 
u7f9d # 羝 
u7f9a # 羚 

u7fa3 # 羣 
u7faf # 羯 
u7fb2 # 羲 
u7fb9 # 羹 
u7fae # 羮 

u7fb6 # 羶 
u7fb8 # 羸 
u8b71 # 譱 
u7fc5 # 翅 
u7fc6 # 翆 

u7fca # 翊 
u7fd5 # 翕 
u7fd4 # 翔 
u7fe1 # 翡 
u7fe6 # 翦 

u7fe9 # 翩 
u7ff3 # 翳 
u7ff9 # 翹 
u98dc # 飜 
u8006 # 耆 

u8004 # 耄 
u800b # 耋 
u8012 # 耒 
u8018 # 耘 
u8019 # 耙 

u801c # 耜 
u8021 # 耡 
u8028 # 耨 
u803f # 耿 
u803b # 耻 

u804a # 聊 
u8046 # 聆 
u8052 # 聒 
u8058 # 聘 
u805a # 聚 

u805f # 聟 
u8062 # 聢 
u8068 # 聨 
u8073 # 聳 
u8072 # 聲 

u8070 # 聰 
u8076 # 聶 
u8079 # 聹 
u807d # 聽 
u807f # 聿 

u8084 # 肄 
u8086 # 肆 
u8085 # 肅 
u809b # 肛 
u8093 # 肓 

u809a # 肚 
u80ad # 肭 
u5190 # 冐 
u80ac # 肬 
u80db # 胛 

u80e5 # 胥 
u80d9 # 胙 
u80dd # 胝 
u80c4 # 胄 
u80da # 胚 

u80d6 # 胖 
u8109 # 脉 
u80ef # 胯 
u80f1 # 胱 
u811b # 脛 

u8129 # 脩 
u8123 # 脣 
u812f # 脯 
u814b # 腋 

# 71区

u968b # 隋 
u8146 # 腆 
u813e # 脾 
u8153 # 腓 
u8151 # 腑 

u80fc # 胼 
u8171 # 腱 
u816e # 腮 
u8165 # 腥 
u8166 # 腦 

u8174 # 腴 
u8183 # 膃 
u8188 # 膈 
u818a # 膊 
u8180 # 膀 

u8182 # 膂 
u81a0 # 膠 
u8195 # 膕 
u81a4 # 膤 
u81a3 # 膣 

u815f # 腟 
u8193 # 膓 
u81a9 # 膩 
u81b0 # 膰 
u81b5 # 膵 

u81be # 膾 
u81b8 # 膸 
u81bd # 膽 
u81c0 # 臀 
u81c2 # 臂 

u81ba # 膺 
u81c9 # 臉 
u81cd # 臍 
u81d1 # 臑 
u81d9 # 臙 

u81d8 # 臘 
u81c8 # 臈 
u81da # 臚 
u81df # 臟 
u81e0 # 臠 

u81e7 # 臧 
u81fa # 臺 
u81fb # 臻 
u81fe # 臾 
u8201 # 舁 

u8202 # 舂 
u8205 # 舅 
u8207 # 與 
u820a # 舊 
u820d # 舍 

u8210 # 舐 
u8216 # 舖 
u8229 # 舩 
u822b # 舫 
u8238 # 舸 

u8233 # 舳 
u8240 # 艀 
u8259 # 艙 
u8258 # 艘 
u825d # 艝 

u825a # 艚 
u825f # 艟 
u8264 # 艤 
u8262 # 艢 
u8268 # 艨 

u826a # 艪 
u826b # 艫 
u822e # 舮 
u8271 # 艱 
u8277 # 艷 

u8278 # 艸 
u827e # 艾 
u828d # 芍 
u8292 # 芒 
u82ab # 芫 

u829f # 芟 
u82bb # 芻 
u82ac # 芬 
u82e1 # 苡 
u82e3 # 苣 

u82df # 苟 
u82d2 # 苒 
u82f4 # 苴 
u82f3 # 苳 
u82fa # 苺 

u8393 # 莓 
u8303 # 范 
u82fb # 苻 
u82f9 # 苹 
u82de # 苞 

u8306 # 茆 
u82dc # 苜 
u8309 # 茉 
u82d9 # 苙 

# 72区

u8335 # 茵 
u8334 # 茴 
u8316 # 茖 
u8332 # 茲 
u8331 # 茱 

u8340 # 荀 
u8339 # 茹 
u8350 # 荐 
u8345 # 荅 
u832f # 茯 

u832b # 茫 
u8317 # 茗 
u8318 # 茘 
u8385 # 莅 
u839a # 莚 

u83aa # 莪 
u839f # 莟 
u83a2 # 莢 
u8396 # 莖 
u8323 # 茣 

u838e # 莎 
u8387 # 莇 
u838a # 莊 
u837c # 荼 
u83b5 # 莵 

u8373 # 荳 
u8375 # 荵 
u83a0 # 莠 
u8389 # 莉 
u83a8 # 莨 

u83f4 # 菴 
u8413 # 萓 
u83eb # 菫 
u83ce # 菎 
u83fd # 菽 

u8403 # 萃 
u83d8 # 菘 
u840b # 萋 
u83c1 # 菁 
u83f7 # 菷 

u8407 # 萇 
u83e0 # 菠 
u83f2 # 菲 
u840d # 萍 
u8422 # 萢 

u8420 # 萠 
u83bd # 莽 
u8438 # 萸 
u8506 # 蔆 
u83fb # 菻 

u846d # 葭 
u842a # 萪 
u843c # 萼 
u855a # 蕚 
u8484 # 蒄 

u8477 # 葷 
u846b # 葫 
u84ad # 蒭 
u846e # 葮 
u8482 # 蒂 

u8469 # 葩 
u8446 # 葆 
u842c # 萬 
u846f # 葯 
u8479 # 葹 

u8435 # 萵 
u84ca # 蓊 
u8462 # 葢 
u84b9 # 蒹 
u84bf # 蒿 

u849f # 蒟 
u84d9 # 蓙 
u84cd # 蓍 
u84bb # 蒻 
u84da # 蓚 

u84d0 # 蓐 
u84c1 # 蓁 
u84c6 # 蓆 
u84d6 # 蓖 
u84a1 # 蒡 

u8521 # 蔡 
u84ff # 蓿 
u84f4 # 蓴 
u8517 # 蔗 
u8518 # 蔘 

u852c # 蔬 
u851f # 蔟 
u8515 # 蔕 
u8514 # 蔔 
u84fc # 蓼 

u8540 # 蕀 
u8563 # 蕣 
u8558 # 蕘 
u8548 # 蕈 

# 73区

u8541 # 蕁 
u8602 # 蘂 
u854b # 蕋 
u8555 # 蕕 
u8580 # 薀 

u85a4 # 薤 
u8588 # 薈 
u8591 # 薑 
u858a # 薊 
u85a8 # 薨 

u856d # 蕭 
u8594 # 薔 
u859b # 薛 
u85ea # 藪 
u8587 # 薇 

u859c # 薜 
u8577 # 蕷 
u857e # 蕾 
u8590 # 薐 
u85c9 # 藉 

u85ba # 薺 
u85cf # 藏 
u85b9 # 薹 
u85d0 # 藐 
u85d5 # 藕 

u85dd # 藝 
u85e5 # 藥 
u85dc # 藜 
u85f9 # 藹 
u860a # 蘊 

u8613 # 蘓 
u860b # 蘋 
u85fe # 藾 
u85fa # 藺 
u8606 # 蘆 

u8622 # 蘢 
u861a # 蘚 
u8630 # 蘰 
u863f # 蘿 
u864d # 虍 

u4e55 # 乕 
u8654 # 虔 
u865f # 號 
u8667 # 虧 
u8671 # 虱 

u8693 # 蚓 
u86a3 # 蚣 
u86a9 # 蚩 
u86aa # 蚪 
u868b # 蚋 

u868c # 蚌 
u86b6 # 蚶 
u86af # 蚯 
u86c4 # 蛄 
u86c6 # 蛆 

u86b0 # 蚰 
u86c9 # 蛉 
u8823 # 蠣 
u86ab # 蚫 
u86d4 # 蛔 

u86de # 蛞 
u86e9 # 蛩 
u86ec # 蛬 
u86df # 蛟 
u86db # 蛛 

u86ef # 蛯 
u8712 # 蜒 
u8706 # 蜆 
u8708 # 蜈 
u8700 # 蜀 

u8703 # 蜃 
u86fb # 蛻 
u8711 # 蜑 
u8709 # 蜉 
u870d # 蜍 

u86f9 # 蛹 
u870a # 蜊 
u8734 # 蜴 
u873f # 蜿 
u8737 # 蜷 

u873b # 蜻 
u8725 # 蜥 
u8729 # 蜩 
u871a # 蜚 
u8760 # 蝠 

u875f # 蝟 
u8778 # 蝸 
u874c # 蝌 
u874e # 蝎 
u8774 # 蝴 

u8757 # 蝗 
u8768 # 蝨 
u876e # 蝮 
u8759 # 蝙 

# 74区

u8753 # 蝓 
u8763 # 蝣 
u876a # 蝪 
u8805 # 蠅 
u87a2 # 螢 

u879f # 螟 
u8782 # 螂 
u87af # 螯 
u87cb # 蟋 
u87bd # 螽 

u87c0 # 蟀 
u87d0 # 蟐 
u96d6 # 雖 
u87ab # 螫 
u87c4 # 蟄 

u87b3 # 螳 
u87c7 # 蟇 
u87c6 # 蟆 
u87bb # 螻 
u87ef # 蟯 

u87f2 # 蟲 
u87e0 # 蟠 
u880f # 蠏 
u880d # 蠍 
u87fe # 蟾 

u87f6 # 蟶 
u87f7 # 蟷 
u880e # 蠎 
u87d2 # 蟒 
u8811 # 蠑 

u8816 # 蠖 
u8815 # 蠕 
u8822 # 蠢 
u8821 # 蠡 
u8831 # 蠱 

u8836 # 蠶 
u8839 # 蠹 
u8827 # 蠧 
u883b # 蠻 
u8844 # 衄 

u8842 # 衂 
u8852 # 衒 
u8859 # 衙 
u885e # 衞 
u8862 # 衢 

u886b # 衫 
u8881 # 袁 
u887e # 衾 
u889e # 袞 
u8875 # 衵 

u887d # 衽 
u88b5 # 袵 
u8872 # 衲 
u8882 # 袂 
u8897 # 袗 

u8892 # 袒 
u88ae # 袮 
u8899 # 袙 
u88a2 # 袢 
u888d # 袍 

u88a4 # 袤 
u88b0 # 袰 
u88bf # 袿 
u88b1 # 袱 
u88c3 # 裃 

u88c4 # 裄 
u88d4 # 裔 
u88d8 # 裘 
u88d9 # 裙 
u88dd # 裝 

u88f9 # 裹 
u8902 # 褂 
u88fc # 裼 
u88f4 # 裴 
u88e8 # 裨 

u88f2 # 裲 
u8904 # 褄 
u890c # 褌 
u890a # 褊 
u8913 # 褓 

u8943 # 襃 
u891e # 褞 
u8925 # 褥 
u892a # 褪 
u892b # 褫 

u8941 # 襁 
u8944 # 襄 
u893b # 褻 
u8936 # 褶 
u8938 # 褸 

u894c # 襌 
u891d # 褝 
u8960 # 襠 
u895e # 襞 

# 75区

u8966 # 襦 
u8964 # 襤 
u896d # 襭 
u896a # 襪 
u896f # 襯 

u8974 # 襴 
u8977 # 襷 
u897e # 襾 
u8983 # 覃 
u8988 # 覈 

u898a # 覊 
u8993 # 覓 
u8998 # 覘 
u89a1 # 覡 
u89a9 # 覩 

u89a6 # 覦 
u89ac # 覬 
u89af # 覯 
u89b2 # 覲 
u89ba # 覺 

u89bd # 覽 
u89bf # 覿 
u89c0 # 觀 
u89da # 觚 
u89dc # 觜 

u89dd # 觝 
u89e7 # 觧 
u89f4 # 觴 
u89f8 # 觸 
u8a03 # 訃 

u8a16 # 訖 
u8a10 # 訐 
u8a0c # 訌 
u8a1b # 訛 
u8a1d # 訝 

u8a25 # 訥 
u8a36 # 訶 
u8a41 # 詁 
u8a5b # 詛 
u8a52 # 詒 

u8a46 # 詆 
u8a48 # 詈 
u8a7c # 詼 
u8a6d # 詭 
u8a6c # 詬 

u8a62 # 詢 
u8a85 # 誅 
u8a82 # 誂 
u8a84 # 誄 
u8aa8 # 誨 

u8aa1 # 誡 
u8a91 # 誑 
u8aa5 # 誥 
u8aa6 # 誦 
u8a9a # 誚 

u8aa3 # 誣 
u8ac4 # 諄 
u8acd # 諍 
u8ac2 # 諂 
u8ada # 諚 

u8aeb # 諫 
u8af3 # 諳 
u8ae7 # 諧 
u8ae4 # 諤 
u8af1 # 諱 

u8b14 # 謔 
u8ae0 # 諠 
u8ae2 # 諢 
u8af7 # 諷 
u8ade # 諞 

u8adb # 諛 
u8b0c # 謌 
u8b07 # 謇 
u8b1a # 謚 
u8ae1 # 諡 

u8b16 # 謖 
u8b10 # 謐 
u8b17 # 謗 
u8b20 # 謠 
u8b33 # 謳 

u97ab # 鞫 
u8b26 # 謦 
u8b2b # 謫 
u8b3e # 謾 
u8b28 # 謨 

u8b41 # 譁 
u8b4c # 譌 
u8b4f # 譏 
u8b4e # 譎 
u8b49 # 證 

u8b56 # 譖 
u8b5b # 譛 
u8b5a # 譚 
u8b6b # 譫 

# 76区

u8b5f # 譟 
u8b6c # 譬 
u8b6f # 譯 
u8b74 # 譴 
u8b7d # 譽 

u8b80 # 讀 
u8b8c # 讌 
u8b8e # 讎 
u8b92 # 讒 
u8b93 # 讓 

u8b96 # 讖 
u8b99 # 讙 
u8b9a # 讚 
u8c3a # 谺 
u8c41 # 豁 

u8c3f # 谿 
u8c48 # 豈 
u8c4c # 豌 
u8c4e # 豎 
u8c50 # 豐 

u8c55 # 豕 
u8c62 # 豢 
u8c6c # 豬 
u8c78 # 豸 
u8c7a # 豺 

u8c82 # 貂 
u8c89 # 貉 
u8c85 # 貅 
u8c8a # 貊 
u8c8d # 貍 

u8c8e # 貎 
u8c94 # 貔 
u8c7c # 豼 
u8c98 # 貘 
u621d # 戝 

u8cad # 貭 
u8caa # 貪 
u8cbd # 貽 
u8cb2 # 貲 
u8cb3 # 貳 

u8cae # 貮 
u8cb6 # 貶 
u8cc8 # 賈 
u8cc1 # 賁 
u8ce4 # 賤 

u8ce3 # 賣 
u8cda # 賚 
u8cfd # 賽 
u8cfa # 賺 
u8cfb # 賻 

u8d04 # 贄 
u8d05 # 贅 
u8d0a # 贊 
u8d07 # 贇 
u8d0f # 贏 

u8d0d # 贍 
u8d10 # 贐 
u9f4e # 齎 
u8d13 # 贓 
u8ccd # 賍 

u8d14 # 贔 
u8d16 # 贖 
u8d67 # 赧 
u8d6d # 赭 
u8d71 # 赱 

u8d73 # 赳 
u8d81 # 趁 
u8d99 # 趙 
u8dc2 # 跂 
u8dbe # 趾 

u8dba # 趺 
u8dcf # 跏 
u8dda # 跚 
u8dd6 # 跖 
u8dcc # 跌 

u8ddb # 跛 
u8dcb # 跋 
u8dea # 跪 
u8deb # 跫 
u8ddf # 跟 

u8de3 # 跣 
u8dfc # 跼 
u8e08 # 踈 
u8e09 # 踉 
u8dff # 跿 

u8e1d # 踝 
u8e1e # 踞 
u8e10 # 踐 
u8e1f # 踟 
u8e42 # 蹂 

u8e35 # 踵 
u8e30 # 踰 
u8e34 # 踴 
u8e4a # 蹊 

# 77区

u8e47 # 蹇 
u8e49 # 蹉 
u8e4c # 蹌 
u8e50 # 蹐 
u8e48 # 蹈 

u8e59 # 蹙 
u8e64 # 蹤 
u8e60 # 蹠 
u8e2a # 踪 
u8e63 # 蹣 

u8e55 # 蹕 
u8e76 # 蹶 
u8e72 # 蹲 
u8e7c # 蹼 
u8e81 # 躁 

u8e87 # 躇 
u8e85 # 躅 
u8e84 # 躄 
u8e8b # 躋 
u8e8a # 躊 

u8e93 # 躓 
u8e91 # 躑 
u8e94 # 躔 
u8e99 # 躙 
u8eaa # 躪 

u8ea1 # 躡 
u8eac # 躬 
u8eb0 # 躰 
u8ec6 # 軆 
u8eb1 # 躱 

u8ebe # 躾 
u8ec5 # 軅 
u8ec8 # 軈 
u8ecb # 軋 
u8edb # 軛 

u8ee3 # 軣 
u8efc # 軼 
u8efb # 軻 
u8eeb # 軫 
u8efe # 軾 

u8f0a # 輊 
u8f05 # 輅 
u8f15 # 輕 
u8f12 # 輒 
u8f19 # 輙 

u8f13 # 輓 
u8f1c # 輜 
u8f1f # 輟 
u8f1b # 輛 
u8f0c # 輌 

u8f26 # 輦 
u8f33 # 輳 
u8f3b # 輻 
u8f39 # 輹 
u8f45 # 轅 

u8f42 # 轂 
u8f3e # 輾 
u8f4c # 轌 
u8f49 # 轉 
u8f46 # 轆 

u8f4e # 轎 
u8f57 # 轗 
u8f5c # 轜 
u8f62 # 轢 
u8f63 # 轣 

u8f64 # 轤 
u8f9c # 辜 
u8f9f # 辟 
u8fa3 # 辣 
u8fad # 辭 

u8faf # 辯 
u8fb7 # 辷 
u8fda # 迚 
u8fe5 # 迥 
u8fe2 # 迢 

u8fea # 迪 
u8fef # 迯 
u9087 # 邇 
u8ff4 # 迴 
u9005 # 逅 

u8ff9 # 迹 
u8ffa # 迺 
u9011 # 逑 
u9015 # 逕 
u9021 # 逡 

u900d # 逍 
u901e # 逞 
u9016 # 逖 
u900b # 逋 
u9027 # 逧 

u9036 # 逶 
u9035 # 逵 
u9039 # 逹 
u8ff8 # 迸 

# 78区

u904f # 遏 
u9050 # 遐 
u9051 # 遑 
u9052 # 遒 
u900e # 逎 

u9049 # 遉 
u903e # 逾 
u9056 # 遖 
u9058 # 遘 
u905e # 遞 

u9068 # 遨 
u906f # 遯 
u9076 # 遶 
u96a8 # 隨 
u9072 # 遲 

u9082 # 邂 
u907d # 遽 
u9081 # 邁 
u9080 # 邀 
u908a # 邊 

u9089 # 邉 
u908f # 邏 
u90a8 # 邨 
u90af # 邯 
u90b1 # 邱 

u90b5 # 邵 
u90e2 # 郢 
u90e4 # 郤 
u6248 # 扈 
u90db # 郛 

u9102 # 鄂 
u9112 # 鄒 
u9119 # 鄙 
u9132 # 鄲 
u9130 # 鄰 

u914a # 酊 
u9156 # 酖 
u9158 # 酘 
u9163 # 酣 
u9165 # 酥 

u9169 # 酩 
u9173 # 酳 
u9172 # 酲 
u918b # 醋 
u9189 # 醉 

u9182 # 醂 
u91a2 # 醢 
u91ab # 醫 
u91af # 醯 
u91aa # 醪 

u91b5 # 醵 
u91b4 # 醴 
u91ba # 醺 
u91c0 # 釀 
u91c1 # 釁 

u91c9 # 釉 
u91cb # 釋 
u91d0 # 釐 
u91d6 # 釖 
u91df # 釟 

u91e1 # 釡 
u91db # 釛 
u91fc # 釼 
u91f5 # 釵 
u91f6 # 釶 

u921e # 鈞 
u91ff # 釿 
u9214 # 鈔 
u922c # 鈬 
u9215 # 鈕 

u9211 # 鈑 
u925e # 鉞 
u9257 # 鉗 
u9245 # 鉅 
u9249 # 鉉 

u9264 # 鉤 
u9248 # 鉈 
u9295 # 銕 
u923f # 鈿 
u924b # 鉋 

u9250 # 鉐 
u929c # 銜 
u9296 # 銖 
u9293 # 銓 
u929b # 銛 

u925a # 鉚 
u92cf # 鋏 
u92b9 # 銹 
u92b7 # 銷 
u92e9 # 鋩 

u930f # 錏 
u92fa # 鋺 
u9344 # 鍄 
u932e # 錮 

# 79区

u9319 # 錙 
u9322 # 錢 
u931a # 錚 
u9323 # 錣 
u933a # 錺 

u9335 # 錵 
u933b # 錻 
u935c # 鍜 
u9360 # 鍠 
u937c # 鍼 

u936e # 鍮 
u9356 # 鍖 
u93b0 # 鎰 
u93ac # 鎬 
u93ad # 鎭 

u9394 # 鎔 
u93b9 # 鎹 
u93d6 # 鏖 
u93d7 # 鏗 
u93e8 # 鏨 

u93e5 # 鏥 
u93d8 # 鏘 
u93c3 # 鏃 
u93dd # 鏝 
u93d0 # 鏐 

u93c8 # 鏈 
u93e4 # 鏤 
u941a # 鐚 
u9414 # 鐔 
u9413 # 鐓 

u9403 # 鐃 
u9407 # 鐇 
u9410 # 鐐 
u9436 # 鐶 
u942b # 鐫 

u9435 # 鐵 
u9421 # 鐡 
u943a # 鐺 
u9441 # 鑁 
u9452 # 鑒 

u9444 # 鑄 
u945b # 鑛 
u9460 # 鑠 
u9462 # 鑢 
u945e # 鑞 

u946a # 鑪 
u9229 # 鈩 
u9470 # 鑰 
u9475 # 鑵 
u9477 # 鑷 

u947d # 鑽 
u945a # 鑚 
u947c # 鑼 
u947e # 鑾 
u9481 # 钁 

u947f # 鑿 
u9582 # 閂 
u9587 # 閇 
u958a # 閊 
u9594 # 閔 

u9596 # 閖 
u9598 # 閘 
u9599 # 閙 
u95a0 # 閠 
u95a8 # 閨 

u95a7 # 閧 
u95ad # 閭 
u95bc # 閼 
u95bb # 閻 
u95b9 # 閹 

u95be # 閾 
u95ca # 闊 
u6ff6 # 濶 
u95c3 # 闃 
u95cd # 闍 

u95cc # 闌 
u95d5 # 闕 
u95d4 # 闔 
u95d6 # 闖 
u95dc # 關 

u95e1 # 闡 
u95e5 # 闥 
u95e2 # 闢 
u9621 # 阡 
u9628 # 阨 

u962e # 阮 
u962f # 阯 
u9642 # 陂 
u964c # 陌 
u964f # 陏 

u964b # 陋 
u9677 # 陷 
u965c # 陜 
u965e # 陞 

# 80区

u965d # 陝 
u965f # 陟 
u9666 # 陦 
u9672 # 陲 
u966c # 陬 

u968d # 隍 
u9698 # 隘 
u9695 # 隕 
u9697 # 隗 
u96aa # 險 

u96a7 # 隧 
u96b1 # 隱 
u96b2 # 隲 
u96b0 # 隰 
u96b4 # 隴 

u96b6 # 隶 
u96b8 # 隸 
u96b9 # 隹 
u96ce # 雎 
u96cb # 雋 

u96c9 # 雉 
u96cd # 雍 
u894d # 襍 
u96dc # 雜 
u970d # 霍 

u96d5 # 雕 
u96f9 # 雹 
u9704 # 霄 
u9706 # 霆 
u9708 # 霈 

u9713 # 霓 
u970e # 霎 
u9711 # 霑 
u970f # 霏 
u9716 # 霖 

u9719 # 霙 
u9724 # 霤 
u972a # 霪 
u9730 # 霰 
u9739 # 霹 

u973d # 霽 
u973e # 霾 
u9744 # 靄 
u9746 # 靆 
u9748 # 靈 

u9742 # 靂 
u9749 # 靉 
u975c # 靜 
u9760 # 靠 
u9764 # 靤 

u9766 # 靦 
u9768 # 靨 
u52d2 # 勒 
u976b # 靫 
u9771 # 靱 

u9779 # 靹 
u9785 # 鞅 
u977c # 靼 
u9781 # 鞁 
u977a # 靺 

u9786 # 鞆 
u978b # 鞋 
u978f # 鞏 
u9790 # 鞐 
u979c # 鞜 

u97a8 # 鞨 
u97a6 # 鞦 
u97a3 # 鞣 
u97b3 # 鞳 
u97b4 # 鞴 

u97c3 # 韃 
u97c6 # 韆 
u97c8 # 韈 
u97cb # 韋 
u97dc # 韜 

u97ed # 韭 
u9f4f # 齏 
u97f2 # 韲 
u7adf # 竟 
u97f6 # 韶 

u97f5 # 韵 
u980f # 頏 
u980c # 頌 
u9838 # 頸 
u9824 # 頤 

u9821 # 頡 
u9837 # 頷 
u983d # 頽 
u9846 # 顆 
u984f # 顏 

u984b # 顋 
u986b # 顫 
u986f # 顯 
u9870 # 顰 

# 81区

u9871 # 顱 
u9874 # 顴 
u9873 # 顳 
u98aa # 颪 
u98af # 颯 

u98b1 # 颱 
u98b6 # 颶 
u98c4 # 飄 
u98c3 # 飃 
u98c6 # 飆 

u98e9 # 飩 
u98eb # 飫 
u9903 # 餃 
u9909 # 餉 
u9912 # 餒 

u9914 # 餔 
u9918 # 餘 
u9921 # 餡 
u991d # 餝 
u991e # 餞 

u9924 # 餤 
u9920 # 餠 
u992c # 餬 
u992e # 餮 
u993d # 餽 

u993e # 餾 
u9942 # 饂 
u9949 # 饉 
u9945 # 饅 
u9950 # 饐 

u994b # 饋 
u9951 # 饑 
u9952 # 饒 
u994c # 饌 
u9955 # 饕 

u9997 # 馗 
u9998 # 馘 
u99a5 # 馥 
u99ad # 馭 
u99ae # 馮 

u99bc # 馼 
u99df # 駟 
u99db # 駛 
u99dd # 駝 
u99d8 # 駘 

u99d1 # 駑 
u99ed # 駭 
u99ee # 駮 
u99f1 # 駱 
u99f2 # 駲 

u99fb # 駻 
u99f8 # 駸 
u9a01 # 騁 
u9a0f # 騏 
u9a05 # 騅 

u99e2 # 駢 
u9a19 # 騙 
u9a2b # 騫 
u9a37 # 騷 
u9a45 # 驅 

u9a42 # 驂 
u9a40 # 驀 
u9a43 # 驃 
u9a3e # 騾 
u9a55 # 驕 

u9a4d # 驍 
u9a5b # 驛 
u9a57 # 驗 
u9a5f # 驟 
u9a62 # 驢 

u9a65 # 驥 
u9a64 # 驤 
u9a69 # 驩 
u9a6b # 驫 
u9a6a # 驪 

u9aad # 骭 
u9ab0 # 骰 
u9abc # 骼 
u9ac0 # 髀 
u9acf # 髏 

u9ad1 # 髑 
u9ad3 # 髓 
u9ad4 # 體 
u9ade # 髞 
u9adf # 髟 

u9ae2 # 髢 
u9ae3 # 髣 
u9ae6 # 髦 
u9aef # 髯 
u9aeb # 髫 

u9aee # 髮 
u9af4 # 髴 
u9af1 # 髱 
u9af7 # 髷 

# 82区

u9afb # 髻 
u9b06 # 鬆 
u9b18 # 鬘 
u9b1a # 鬚 
u9b1f # 鬟 

u9b22 # 鬢 
u9b23 # 鬣 
u9b25 # 鬥 
u9b27 # 鬧 
u9b28 # 鬨 

u9b29 # 鬩 
u9b2a # 鬪 
u9b2e # 鬮 
u9b2f # 鬯 
u9b32 # 鬲 

u9b44 # 魄 
u9b43 # 魃 
u9b4f # 魏 
u9b4d # 魍 
u9b4e # 魎 

u9b51 # 魑 
u9b58 # 魘 
u9b74 # 魴 
u9b93 # 鮓 
u9b83 # 鮃 

u9b91 # 鮑 
u9b96 # 鮖 
u9b97 # 鮗 
u9b9f # 鮟 
u9ba0 # 鮠 

u9ba8 # 鮨 
u9bb4 # 鮴 
u9bc0 # 鯀 
u9bca # 鯊 
u9bb9 # 鮹 

u9bc6 # 鯆 
u9bcf # 鯏 
u9bd1 # 鯑 
u9bd2 # 鯒 
u9be3 # 鯣 

u9be2 # 鯢 
u9be4 # 鯤 
u9bd4 # 鯔 
u9be1 # 鯡 
u9c3a # 鰺 

u9bf2 # 鯲 
u9bf1 # 鯱 
u9bf0 # 鯰 
u9c15 # 鰕 
u9c14 # 鰔 

u9c09 # 鰉 
u9c13 # 鰓 
u9c0c # 鰌 
u9c06 # 鰆 
u9c08 # 鰈 

u9c12 # 鰒 
u9c0a # 鰊 
u9c04 # 鰄 
u9c2e # 鰮 
u9c1b # 鰛 

u9c25 # 鰥 
u9c24 # 鰤 
u9c21 # 鰡 
u9c30 # 鰰 
u9c47 # 鱇 

u9c32 # 鰲 
u9c46 # 鱆 
u9c3e # 鰾 
u9c5a # 鱚 
u9c60 # 鱠 

u9c67 # 鱧 
u9c76 # 鱶 
u9c78 # 鱸 
u9ce7 # 鳧 
u9cec # 鳬 

u9cf0 # 鳰 
u9d09 # 鴉 
u9d08 # 鴈 
u9ceb # 鳫 
u9d03 # 鴃 

u9d06 # 鴆 
u9d2a # 鴪 
u9d26 # 鴦 
u9daf # 鶯 
u9d23 # 鴣 

u9d1f # 鴟 
u9d44 # 鵄 
u9d15 # 鴕 
u9d12 # 鴒 
u9d41 # 鵁 

u9d3f # 鴿 
u9d3e # 鴾 
u9d46 # 鵆 
u9d48 # 鵈 

# 83区

u9d5d # 鵝 
u9d5e # 鵞 
u9d64 # 鵤 
u9d51 # 鵑 
u9d50 # 鵐 

u9d59 # 鵙 
u9d72 # 鵲 
u9d89 # 鶉 
u9d87 # 鶇 
u9dab # 鶫 

u9d6f # 鵯 
u9d7a # 鵺 
u9d9a # 鶚 
u9da4 # 鶤 
u9da9 # 鶩 

u9db2 # 鶲 
u9dc4 # 鷄 
u9dc1 # 鷁 
u9dbb # 鶻 
u9db8 # 鶸 

u9dba # 鶺 
u9dc6 # 鷆 
u9dcf # 鷏 
u9dc2 # 鷂 
u9dd9 # 鷙 

u9dd3 # 鷓 
u9df8 # 鷸 
u9de6 # 鷦 
u9ded # 鷭 
u9def # 鷯 

u9dfd # 鷽 
u9e1a # 鸚 
u9e1b # 鸛 
u9e1e # 鸞 
u9e75 # 鹵 

u9e79 # 鹹 
u9e7d # 鹽 
u9e81 # 麁 
u9e88 # 麈 
u9e8b # 麋 

u9e8c # 麌 
u9e92 # 麒 
u9e95 # 麕 
u9e91 # 麑 
u9e9d # 麝 

u9ea5 # 麥 
u9ea9 # 麩 
u9eb8 # 麸 
u9eaa # 麪 
u9ead # 麭 

u9761 # 靡 
u9ecc # 黌 
u9ece # 黎 
u9ecf # 黏 
u9ed0 # 黐 

u9ed4 # 黔 
u9edc # 黜 
u9ede # 點 
u9edd # 黝 
u9ee0 # 黠 

u9ee5 # 黥 
u9ee8 # 黨 
u9eef # 黯 
u9ef4 # 黴 
u9ef6 # 黶 

u9ef7 # 黷 
u9ef9 # 黹 
u9efb # 黻 
u9efc # 黼 
u9efd # 黽 

u9f07 # 鼇 
u9f08 # 鼈 
u76b7 # 皷 
u9f15 # 鼕 
u9f21 # 鼡 

u9f2c # 鼬 
u9f3e # 鼾 
u9f4a # 齊 
u9f52 # 齒 
u9f54 # 齔 

u9f63 # 齣 
u9f5f # 齟 
u9f60 # 齠 
u9f61 # 齡 
u9f66 # 齦 

u9f67 # 齧 
u9f6c # 齬 
u9f6a # 齪 
u9f77 # 齷 
u9f72 # 齲 

u9f76 # 齶 
u9f95 # 龕 
u9f9c # 龜 
u9fa0 # 龠 

# 84区

u582f # 堯 
u69c7 # 槇 
u9059 # 遙 
u7464 # 瑤 
u51dc # 凜 

u7199 # 熙 
