u30a1 # ァ
u30a2 # ア
u30a3 # ィ
u30a4 # イ
u30a5 # ゥ
u30a6 # ウ
u30a7 # ェ
u30a8 # エ
u30a9 # ォ
u30aa # オ

u30ab # カ
u30ac # ガ
u30ad # キ
u30ae # ギ
u30af # ク
u30b0 # グ
u30b1 # ケ
u30b2 # ゲ
u30b3 # コ
u30b4 # ゴ

u30b5 # サ
u30b6 # ザ
u30b7 # シ
u30b8 # ジ
u30b9 # ス
u30ba # ズ
u30bb # セ
u30bc # ゼ
u30bd # ソ
u30be # ゾ

u30bf # タ
u30c0 # ダ
u30c1 # チ
u30c2 # ヂ
u30c3 # ッ
u30c4 # ツ
u30c5 # ヅ
u30c6 # テ
u30c7 # デ
u30c8 # ト
u30c9 # ド

u30ca # ナ
u30cb # ニ
u30cc # ヌ
u30cd # ネ
u30ce # ノ

u30cf # ハ
u30d0 # バ
u30d1 # パ
u30d2 # ヒ
u30d3 # ビ
u30d4 # ピ
u30d5 # フ
u30d6 # ブ
u30d7 # プ
u30d8 # ヘ
u30d9 # ベ
u30da # ペ
u30db # ホ
u30dc # ボ
u30dd # ポ

u30de # マ
u30df # ミ
u30e0 # ム
u30e1 # メ
u30e2 # モ

u30e3 # ャ
u30e4 # ヤ
u30e5 # ュ
u30e6 # ユ
u30e7 # ョ
u30e8 # ヨ

u30e9 # ラ
u30ea # リ
u30eb # ル
u30ec # レ
u30ed # ロ

u30ee # ヮ
u30ef # ワ
u30f0 # ヰ
u30f1 # ヱ
u30f2 # ヲ
u30f3 # ン

u30f4 # ヴ
u30f5 # ヵ
u30f6 # ヶ

u30fb # ・
u30fc # ー
u30fd # ヽ
u30fe # ヾ
